2022-07-05 14:53:19,544 INFO Starting Nacos v2.0.3 on DESKTOP-9IOI6PR with PID 86704 (D:\JavaWorkSpace\spring-cloud-example\nacos-server-2.0.3\nacos\target\nacos-server.jar started by Administrator in D:\JavaWorkSpace\spring-cloud-example\nacos-server-2.0.3\nacos\bin)

2022-07-05 14:53:19,544 INFO The following profiles are active: standalone

2022-07-05 14:53:27,212 INFO Bean 'org.springframework.security.access.expression.method.DefaultMethodSecurityExpressionHandler@55a8dc49' of type [org.springframework.security.access.expression.method.DefaultMethodSecurityExpressionHandler] is not eligible for getting processed by all BeanPostProcessors (for example: not eligible for auto-proxying)

2022-07-05 14:53:27,221 INFO Bean 'methodSecurityMetadataSource' of type [org.springframework.security.access.method.DelegatingMethodSecurityMetadataSource] is not eligible for getting processed by all BeanPostProcessors (for example: not eligible for auto-proxying)

2022-07-05 14:53:28,069 INFO Tomcat initialized with port(s): 8848 (http)

2022-07-05 14:53:28,138 INFO Starting service [Tomcat]

2022-07-05 14:53:28,138 INFO Starting Servlet engine: [Apache Tomcat/9.0.38]

2022-07-05 14:53:28,644 INFO At least one JAR was scanned for TLDs yet contained no TLDs. Enable debug logging for this logger for a complete list of JARs that were scanned but no TLDs were found in them. Skipping unneeded JARs during scanning can improve startup time and JSP compilation time.

2022-07-05 14:53:28,709 INFO Initializing Spring embedded WebApplicationContext

2022-07-05 14:53:28,709 INFO Root WebApplicationContext: initialization completed in 9035 ms

2022-07-05 14:53:29,627 INFO HikariPool-1 - Starting...

2022-07-05 14:53:29,630 WARN Registered driver with driverClassName=org.apache.derby.jdbc.EmbeddedDriver was not found, trying direct instantiation.

2022-07-05 14:53:32,683 INFO HikariPool-1 - Driver does not support get/set network timeout for connections. (Feature not implemented: No details.)

2022-07-05 14:53:32,690 INFO HikariPool-1 - Start completed.

2022-07-05 14:53:35,857 INFO Nacos-related cluster resource initialization

2022-07-05 14:53:35,867 INFO The cluster resource is initialized

2022-07-05 14:53:35,930 INFO Get Distro config from env, DistroConfig{syncDelayMillis=1000, syncTimeoutMillis=3000, syncRetryDelayMillis=3000, verifyIntervalMillis=5000, verifyTimeoutMillis=3000, loadDataRetryDelayMillis=30000}

2022-07-05 14:53:36,764 INFO Reflections took 94 ms to scan 1 urls, producing 5 keys and 10 values 

2022-07-05 14:53:36,874 INFO Reflections took 14 ms to scan 1 urls, producing 4 keys and 23 values 

2022-07-05 14:53:36,900 INFO Reflections took 7 ms to scan 1 urls, producing 5 keys and 19 values 

2022-07-05 14:53:36,923 INFO Reflections took 2 ms to scan 1 urls, producing 2 keys and 12 values 

2022-07-05 14:53:38,149 INFO Reflections took 50 ms to scan 2 urls, producing 3 keys and 6 values 

2022-07-05 14:53:38,212 INFO Reflections took 60 ms to scan 2 urls, producing 4 keys and 9 values 

2022-07-05 14:53:38,278 INFO Reflections took 64 ms to scan 2 urls, producing 3 keys and 10 values 

2022-07-05 14:53:38,284 INFO Reflections took 4 ms to scan 1 urls, producing 2 keys and 2 values 

2022-07-05 14:53:38,337 INFO Reflections took 50 ms to scan 2 urls, producing 1 keys and 5 values 

2022-07-05 14:53:38,391 INFO Reflections took 52 ms to scan 2 urls, producing 1 keys and 7 values 

2022-07-05 14:53:38,446 INFO Reflections took 53 ms to scan 2 urls, producing 2 keys and 8 values 

2022-07-05 14:53:38,456 INFO Reflections took 2 ms to scan 1 urls, producing 1 keys and 1 values 

2022-07-05 14:53:41,731 INFO Initializing ExecutorService 'applicationTaskExecutor'

2022-07-05 14:53:41,912 INFO Adding welcome page: class path resource [static/index.html]

2022-07-05 14:53:42,671 INFO Creating filter chain: Ant [pattern='/**'], []

2022-07-05 14:53:42,726 INFO Creating filter chain: any request, [org.springframework.security.web.context.request.async.WebAsyncManagerIntegrationFilter@260a3a5e, org.springframework.security.web.context.SecurityContextPersistenceFilter@44550792, org.springframework.security.web.header.HeaderWriterFilter@6cd164a6, org.springframework.security.web.csrf.CsrfFilter@55e2fe3c, org.springframework.security.web.authentication.logout.LogoutFilter@70c0a3d5, org.springframework.security.web.savedrequest.RequestCacheAwareFilter@474c9131, org.springframework.security.web.servletapi.SecurityContextHolderAwareRequestFilter@3cb8c8ce, org.springframework.security.web.authentication.AnonymousAuthenticationFilter@49206065, org.springframework.security.web.session.SessionManagementFilter@27df0f3d, org.springframework.security.web.access.ExceptionTranslationFilter@12c60152]

2022-07-05 14:53:42,978 INFO Initializing ExecutorService 'taskScheduler'

2022-07-05 14:53:43,009 INFO Exposing 16 endpoint(s) beneath base path '/actuator'

2022-07-05 14:53:43,215 INFO Tomcat started on port(s): 8848 (http) with context path '/nacos'

2022-07-05 14:53:43,222 INFO Started Nacos in 25.19 seconds (JVM running for 26.064)

2022-07-05 14:53:43,223 INFO Nacos started successfully in stand alone mode. use embedded storage

2022-07-05 14:53:43,316 INFO Initializing Spring DispatcherServlet 'dispatcherServlet'

2022-07-05 14:53:43,316 INFO Initializing Servlet 'dispatcherServlet'

2022-07-05 14:53:43,331 INFO Completed initialization in 15 ms

2022-07-05 15:03:37,826 WARN clearConfigHistory start

2022-07-05 15:03:37,857 INFO [capacityManagement] start correct usage

2022-07-05 15:03:37,865 INFO [capacityManagement] end correct usage, cost: 0s

2022-07-05 15:13:37,837 WARN clearConfigHistory start

2022-07-05 15:13:37,869 INFO [capacityManagement] start correct usage

2022-07-05 15:13:37,870 INFO [capacityManagement] end correct usage, cost: 0s

2022-07-05 15:23:37,846 WARN clearConfigHistory start

2022-07-05 15:23:37,878 INFO [capacityManagement] start correct usage

2022-07-05 15:23:37,878 INFO [capacityManagement] end correct usage, cost: 0s

2022-07-05 15:30:59,981 INFO Get Push config from env, PushConfig{pushTaskDelay=500, pushTaskTimeout=5000, pushTaskRetryDelay=1000}

2022-07-05 15:33:37,863 WARN clearConfigHistory start

2022-07-05 15:33:37,893 INFO [capacityManagement] start correct usage

2022-07-05 15:33:37,893 INFO [capacityManagement] end correct usage, cost: 0s

2022-07-05 15:43:37,869 WARN clearConfigHistory start

2022-07-05 15:43:37,900 INFO [capacityManagement] start correct usage

2022-07-05 15:43:37,902 INFO [capacityManagement] end correct usage, cost: 0s

2022-07-05 15:53:37,880 WARN clearConfigHistory start

2022-07-05 15:53:37,910 INFO [capacityManagement] start correct usage

2022-07-05 15:53:37,911 INFO [capacityManagement] end correct usage, cost: 0s

2022-07-05 16:03:37,882 WARN clearConfigHistory start

2022-07-05 16:03:37,913 INFO [capacityManagement] start correct usage

2022-07-05 16:03:37,913 INFO [capacityManagement] end correct usage, cost: 0s

2022-07-05 16:13:37,891 WARN clearConfigHistory start

2022-07-05 16:13:37,921 INFO [capacityManagement] start correct usage

2022-07-05 16:13:37,922 INFO [capacityManagement] end correct usage, cost: 0s

2022-07-05 16:23:37,905 WARN clearConfigHistory start

2022-07-05 16:23:37,936 INFO [capacityManagement] start correct usage

2022-07-05 16:23:37,940 INFO [capacityManagement] end correct usage, cost: 0s

2022-07-05 16:33:37,921 WARN clearConfigHistory start

2022-07-05 16:33:37,952 INFO [capacityManagement] start correct usage

2022-07-05 16:33:37,953 INFO [capacityManagement] end correct usage, cost: 0s

2022-07-05 16:43:37,928 WARN clearConfigHistory start

2022-07-05 16:43:37,960 INFO [capacityManagement] start correct usage

2022-07-05 16:43:37,960 INFO [capacityManagement] end correct usage, cost: 0s

2022-07-05 16:53:37,935 WARN clearConfigHistory start

2022-07-05 16:53:37,967 INFO [capacityManagement] start correct usage

2022-07-05 16:53:37,971 INFO [capacityManagement] end correct usage, cost: 0s

2022-07-05 17:03:37,952 WARN clearConfigHistory start

2022-07-05 17:03:37,983 INFO [capacityManagement] start correct usage

2022-07-05 17:03:37,984 INFO [capacityManagement] end correct usage, cost: 0s

2022-07-05 17:13:37,963 WARN clearConfigHistory start

2022-07-05 17:13:37,995 INFO [capacityManagement] start correct usage

2022-07-05 17:13:37,996 INFO [capacityManagement] end correct usage, cost: 0s

2022-07-05 17:23:37,971 WARN clearConfigHistory start

2022-07-05 17:23:38,002 INFO [capacityManagement] start correct usage

2022-07-05 17:23:38,003 INFO [capacityManagement] end correct usage, cost: 0s

2022-07-05 17:27:52,966 INFO Transport failed

java.io.IOException: 远程主机强迫关闭了一个现有的连接。
	at sun.nio.ch.SocketDispatcher.read0(Native Method)
	at sun.nio.ch.SocketDispatcher.read(SocketDispatcher.java:43)
	at sun.nio.ch.IOUtil.readIntoNativeBuffer(IOUtil.java:223)
	at sun.nio.ch.IOUtil.read(IOUtil.java:192)
	at sun.nio.ch.SocketChannelImpl.read(SocketChannelImpl.java:380)
	at io.grpc.netty.shaded.io.netty.buffer.PooledByteBuf.setBytes(PooledByteBuf.java:247)
	at io.grpc.netty.shaded.io.netty.buffer.AbstractByteBuf.writeBytes(AbstractByteBuf.java:1140)
	at io.grpc.netty.shaded.io.netty.channel.socket.nio.NioSocketChannel.doReadBytes(NioSocketChannel.java:347)
	at io.grpc.netty.shaded.io.netty.channel.nio.AbstractNioByteChannel$NioByteUnsafe.read(AbstractNioByteChannel.java:148)
	at io.grpc.netty.shaded.io.netty.channel.nio.NioEventLoop.processSelectedKey(NioEventLoop.java:697)
	at io.grpc.netty.shaded.io.netty.channel.nio.NioEventLoop.processSelectedKeysOptimized(NioEventLoop.java:632)
	at io.grpc.netty.shaded.io.netty.channel.nio.NioEventLoop.processSelectedKeys(NioEventLoop.java:549)
	at io.grpc.netty.shaded.io.netty.channel.nio.NioEventLoop.run(NioEventLoop.java:511)
	at io.grpc.netty.shaded.io.netty.util.concurrent.SingleThreadEventExecutor$5.run(SingleThreadEventExecutor.java:918)
	at io.grpc.netty.shaded.io.netty.util.internal.ThreadExecutorMap$2.run(ThreadExecutorMap.java:74)
	at io.grpc.netty.shaded.io.netty.util.concurrent.FastThreadLocalRunnable.run(FastThreadLocalRunnable.java:30)
	at java.lang.Thread.run(Thread.java:748)
2022-07-05 17:27:52,966 INFO Transport failed

java.io.IOException: 远程主机强迫关闭了一个现有的连接。
	at sun.nio.ch.SocketDispatcher.read0(Native Method)
	at sun.nio.ch.SocketDispatcher.read(SocketDispatcher.java:43)
	at sun.nio.ch.IOUtil.readIntoNativeBuffer(IOUtil.java:223)
	at sun.nio.ch.IOUtil.read(IOUtil.java:192)
	at sun.nio.ch.SocketChannelImpl.read(SocketChannelImpl.java:380)
	at io.grpc.netty.shaded.io.netty.buffer.PooledByteBuf.setBytes(PooledByteBuf.java:247)
	at io.grpc.netty.shaded.io.netty.buffer.AbstractByteBuf.writeBytes(AbstractByteBuf.java:1140)
	at io.grpc.netty.shaded.io.netty.channel.socket.nio.NioSocketChannel.doReadBytes(NioSocketChannel.java:347)
	at io.grpc.netty.shaded.io.netty.channel.nio.AbstractNioByteChannel$NioByteUnsafe.read(AbstractNioByteChannel.java:148)
	at io.grpc.netty.shaded.io.netty.channel.nio.NioEventLoop.processSelectedKey(NioEventLoop.java:697)
	at io.grpc.netty.shaded.io.netty.channel.nio.NioEventLoop.processSelectedKeysOptimized(NioEventLoop.java:632)
	at io.grpc.netty.shaded.io.netty.channel.nio.NioEventLoop.processSelectedKeys(NioEventLoop.java:549)
	at io.grpc.netty.shaded.io.netty.channel.nio.NioEventLoop.run(NioEventLoop.java:511)
	at io.grpc.netty.shaded.io.netty.util.concurrent.SingleThreadEventExecutor$5.run(SingleThreadEventExecutor.java:918)
	at io.grpc.netty.shaded.io.netty.util.internal.ThreadExecutorMap$2.run(ThreadExecutorMap.java:74)
	at io.grpc.netty.shaded.io.netty.util.concurrent.FastThreadLocalRunnable.run(FastThreadLocalRunnable.java:30)
	at java.lang.Thread.run(Thread.java:748)
2022-07-05 17:28:51,681 INFO Transport failed

java.io.IOException: 远程主机强迫关闭了一个现有的连接。
	at sun.nio.ch.SocketDispatcher.read0(Native Method)
	at sun.nio.ch.SocketDispatcher.read(SocketDispatcher.java:43)
	at sun.nio.ch.IOUtil.readIntoNativeBuffer(IOUtil.java:223)
	at sun.nio.ch.IOUtil.read(IOUtil.java:192)
	at sun.nio.ch.SocketChannelImpl.read(SocketChannelImpl.java:380)
	at io.grpc.netty.shaded.io.netty.buffer.PooledByteBuf.setBytes(PooledByteBuf.java:247)
	at io.grpc.netty.shaded.io.netty.buffer.AbstractByteBuf.writeBytes(AbstractByteBuf.java:1140)
	at io.grpc.netty.shaded.io.netty.channel.socket.nio.NioSocketChannel.doReadBytes(NioSocketChannel.java:347)
	at io.grpc.netty.shaded.io.netty.channel.nio.AbstractNioByteChannel$NioByteUnsafe.read(AbstractNioByteChannel.java:148)
	at io.grpc.netty.shaded.io.netty.channel.nio.NioEventLoop.processSelectedKey(NioEventLoop.java:697)
	at io.grpc.netty.shaded.io.netty.channel.nio.NioEventLoop.processSelectedKeysOptimized(NioEventLoop.java:632)
	at io.grpc.netty.shaded.io.netty.channel.nio.NioEventLoop.processSelectedKeys(NioEventLoop.java:549)
	at io.grpc.netty.shaded.io.netty.channel.nio.NioEventLoop.run(NioEventLoop.java:511)
	at io.grpc.netty.shaded.io.netty.util.concurrent.SingleThreadEventExecutor$5.run(SingleThreadEventExecutor.java:918)
	at io.grpc.netty.shaded.io.netty.util.internal.ThreadExecutorMap$2.run(ThreadExecutorMap.java:74)
	at io.grpc.netty.shaded.io.netty.util.concurrent.FastThreadLocalRunnable.run(FastThreadLocalRunnable.java:30)
	at java.lang.Thread.run(Thread.java:748)
2022-07-05 17:28:51,681 INFO Transport failed

java.io.IOException: 远程主机强迫关闭了一个现有的连接。
	at sun.nio.ch.SocketDispatcher.read0(Native Method)
	at sun.nio.ch.SocketDispatcher.read(SocketDispatcher.java:43)
	at sun.nio.ch.IOUtil.readIntoNativeBuffer(IOUtil.java:223)
	at sun.nio.ch.IOUtil.read(IOUtil.java:192)
	at sun.nio.ch.SocketChannelImpl.read(SocketChannelImpl.java:380)
	at io.grpc.netty.shaded.io.netty.buffer.PooledByteBuf.setBytes(PooledByteBuf.java:247)
	at io.grpc.netty.shaded.io.netty.buffer.AbstractByteBuf.writeBytes(AbstractByteBuf.java:1140)
	at io.grpc.netty.shaded.io.netty.channel.socket.nio.NioSocketChannel.doReadBytes(NioSocketChannel.java:347)
	at io.grpc.netty.shaded.io.netty.channel.nio.AbstractNioByteChannel$NioByteUnsafe.read(AbstractNioByteChannel.java:148)
	at io.grpc.netty.shaded.io.netty.channel.nio.NioEventLoop.processSelectedKey(NioEventLoop.java:697)
	at io.grpc.netty.shaded.io.netty.channel.nio.NioEventLoop.processSelectedKeysOptimized(NioEventLoop.java:632)
	at io.grpc.netty.shaded.io.netty.channel.nio.NioEventLoop.processSelectedKeys(NioEventLoop.java:549)
	at io.grpc.netty.shaded.io.netty.channel.nio.NioEventLoop.run(NioEventLoop.java:511)
	at io.grpc.netty.shaded.io.netty.util.concurrent.SingleThreadEventExecutor$5.run(SingleThreadEventExecutor.java:918)
	at io.grpc.netty.shaded.io.netty.util.internal.ThreadExecutorMap$2.run(ThreadExecutorMap.java:74)
	at io.grpc.netty.shaded.io.netty.util.concurrent.FastThreadLocalRunnable.run(FastThreadLocalRunnable.java:30)
	at java.lang.Thread.run(Thread.java:748)
2022-07-05 17:31:35,838 INFO Transport failed

java.io.IOException: 远程主机强迫关闭了一个现有的连接。
	at sun.nio.ch.SocketDispatcher.read0(Native Method)
	at sun.nio.ch.SocketDispatcher.read(SocketDispatcher.java:43)
	at sun.nio.ch.IOUtil.readIntoNativeBuffer(IOUtil.java:223)
	at sun.nio.ch.IOUtil.read(IOUtil.java:192)
	at sun.nio.ch.SocketChannelImpl.read(SocketChannelImpl.java:380)
	at io.grpc.netty.shaded.io.netty.buffer.PooledByteBuf.setBytes(PooledByteBuf.java:247)
	at io.grpc.netty.shaded.io.netty.buffer.AbstractByteBuf.writeBytes(AbstractByteBuf.java:1140)
	at io.grpc.netty.shaded.io.netty.channel.socket.nio.NioSocketChannel.doReadBytes(NioSocketChannel.java:347)
	at io.grpc.netty.shaded.io.netty.channel.nio.AbstractNioByteChannel$NioByteUnsafe.read(AbstractNioByteChannel.java:148)
	at io.grpc.netty.shaded.io.netty.channel.nio.NioEventLoop.processSelectedKey(NioEventLoop.java:697)
	at io.grpc.netty.shaded.io.netty.channel.nio.NioEventLoop.processSelectedKeysOptimized(NioEventLoop.java:632)
	at io.grpc.netty.shaded.io.netty.channel.nio.NioEventLoop.processSelectedKeys(NioEventLoop.java:549)
	at io.grpc.netty.shaded.io.netty.channel.nio.NioEventLoop.run(NioEventLoop.java:511)
	at io.grpc.netty.shaded.io.netty.util.concurrent.SingleThreadEventExecutor$5.run(SingleThreadEventExecutor.java:918)
	at io.grpc.netty.shaded.io.netty.util.internal.ThreadExecutorMap$2.run(ThreadExecutorMap.java:74)
	at io.grpc.netty.shaded.io.netty.util.concurrent.FastThreadLocalRunnable.run(FastThreadLocalRunnable.java:30)
	at java.lang.Thread.run(Thread.java:748)
2022-07-05 17:31:35,838 INFO Transport failed

java.io.IOException: 远程主机强迫关闭了一个现有的连接。
	at sun.nio.ch.SocketDispatcher.read0(Native Method)
	at sun.nio.ch.SocketDispatcher.read(SocketDispatcher.java:43)
	at sun.nio.ch.IOUtil.readIntoNativeBuffer(IOUtil.java:223)
	at sun.nio.ch.IOUtil.read(IOUtil.java:192)
	at sun.nio.ch.SocketChannelImpl.read(SocketChannelImpl.java:380)
	at io.grpc.netty.shaded.io.netty.buffer.PooledByteBuf.setBytes(PooledByteBuf.java:247)
	at io.grpc.netty.shaded.io.netty.buffer.AbstractByteBuf.writeBytes(AbstractByteBuf.java:1140)
	at io.grpc.netty.shaded.io.netty.channel.socket.nio.NioSocketChannel.doReadBytes(NioSocketChannel.java:347)
	at io.grpc.netty.shaded.io.netty.channel.nio.AbstractNioByteChannel$NioByteUnsafe.read(AbstractNioByteChannel.java:148)
	at io.grpc.netty.shaded.io.netty.channel.nio.NioEventLoop.processSelectedKey(NioEventLoop.java:697)
	at io.grpc.netty.shaded.io.netty.channel.nio.NioEventLoop.processSelectedKeysOptimized(NioEventLoop.java:632)
	at io.grpc.netty.shaded.io.netty.channel.nio.NioEventLoop.processSelectedKeys(NioEventLoop.java:549)
	at io.grpc.netty.shaded.io.netty.channel.nio.NioEventLoop.run(NioEventLoop.java:511)
	at io.grpc.netty.shaded.io.netty.util.concurrent.SingleThreadEventExecutor$5.run(SingleThreadEventExecutor.java:918)
	at io.grpc.netty.shaded.io.netty.util.internal.ThreadExecutorMap$2.run(ThreadExecutorMap.java:74)
	at io.grpc.netty.shaded.io.netty.util.concurrent.FastThreadLocalRunnable.run(FastThreadLocalRunnable.java:30)
	at java.lang.Thread.run(Thread.java:748)
2022-07-05 17:33:21,408 INFO Transport failed

java.io.IOException: 远程主机强迫关闭了一个现有的连接。
	at sun.nio.ch.SocketDispatcher.read0(Native Method)
	at sun.nio.ch.SocketDispatcher.read(SocketDispatcher.java:43)
	at sun.nio.ch.IOUtil.readIntoNativeBuffer(IOUtil.java:223)
	at sun.nio.ch.IOUtil.read(IOUtil.java:192)
	at sun.nio.ch.SocketChannelImpl.read(SocketChannelImpl.java:380)
	at io.grpc.netty.shaded.io.netty.buffer.PooledByteBuf.setBytes(PooledByteBuf.java:247)
	at io.grpc.netty.shaded.io.netty.buffer.AbstractByteBuf.writeBytes(AbstractByteBuf.java:1140)
	at io.grpc.netty.shaded.io.netty.channel.socket.nio.NioSocketChannel.doReadBytes(NioSocketChannel.java:347)
	at io.grpc.netty.shaded.io.netty.channel.nio.AbstractNioByteChannel$NioByteUnsafe.read(AbstractNioByteChannel.java:148)
	at io.grpc.netty.shaded.io.netty.channel.nio.NioEventLoop.processSelectedKey(NioEventLoop.java:697)
	at io.grpc.netty.shaded.io.netty.channel.nio.NioEventLoop.processSelectedKeysOptimized(NioEventLoop.java:632)
	at io.grpc.netty.shaded.io.netty.channel.nio.NioEventLoop.processSelectedKeys(NioEventLoop.java:549)
	at io.grpc.netty.shaded.io.netty.channel.nio.NioEventLoop.run(NioEventLoop.java:511)
	at io.grpc.netty.shaded.io.netty.util.concurrent.SingleThreadEventExecutor$5.run(SingleThreadEventExecutor.java:918)
	at io.grpc.netty.shaded.io.netty.util.internal.ThreadExecutorMap$2.run(ThreadExecutorMap.java:74)
	at io.grpc.netty.shaded.io.netty.util.concurrent.FastThreadLocalRunnable.run(FastThreadLocalRunnable.java:30)
	at java.lang.Thread.run(Thread.java:748)
2022-07-05 17:33:21,409 INFO Transport failed

java.io.IOException: 远程主机强迫关闭了一个现有的连接。
	at sun.nio.ch.SocketDispatcher.read0(Native Method)
	at sun.nio.ch.SocketDispatcher.read(SocketDispatcher.java:43)
	at sun.nio.ch.IOUtil.readIntoNativeBuffer(IOUtil.java:223)
	at sun.nio.ch.IOUtil.read(IOUtil.java:192)
	at sun.nio.ch.SocketChannelImpl.read(SocketChannelImpl.java:380)
	at io.grpc.netty.shaded.io.netty.buffer.PooledByteBuf.setBytes(PooledByteBuf.java:247)
	at io.grpc.netty.shaded.io.netty.buffer.AbstractByteBuf.writeBytes(AbstractByteBuf.java:1140)
	at io.grpc.netty.shaded.io.netty.channel.socket.nio.NioSocketChannel.doReadBytes(NioSocketChannel.java:347)
	at io.grpc.netty.shaded.io.netty.channel.nio.AbstractNioByteChannel$NioByteUnsafe.read(AbstractNioByteChannel.java:148)
	at io.grpc.netty.shaded.io.netty.channel.nio.NioEventLoop.processSelectedKey(NioEventLoop.java:697)
	at io.grpc.netty.shaded.io.netty.channel.nio.NioEventLoop.processSelectedKeysOptimized(NioEventLoop.java:632)
	at io.grpc.netty.shaded.io.netty.channel.nio.NioEventLoop.processSelectedKeys(NioEventLoop.java:549)
	at io.grpc.netty.shaded.io.netty.channel.nio.NioEventLoop.run(NioEventLoop.java:511)
	at io.grpc.netty.shaded.io.netty.util.concurrent.SingleThreadEventExecutor$5.run(SingleThreadEventExecutor.java:918)
	at io.grpc.netty.shaded.io.netty.util.internal.ThreadExecutorMap$2.run(ThreadExecutorMap.java:74)
	at io.grpc.netty.shaded.io.netty.util.concurrent.FastThreadLocalRunnable.run(FastThreadLocalRunnable.java:30)
	at java.lang.Thread.run(Thread.java:748)
2022-07-05 17:33:37,979 WARN clearConfigHistory start

2022-07-05 17:33:38,010 INFO [capacityManagement] start correct usage

2022-07-05 17:33:38,017 INFO [capacityManagement] end correct usage, cost: 0s

2022-07-05 17:34:19,016 INFO Transport failed

java.io.IOException: 远程主机强迫关闭了一个现有的连接。
	at sun.nio.ch.SocketDispatcher.read0(Native Method)
	at sun.nio.ch.SocketDispatcher.read(SocketDispatcher.java:43)
	at sun.nio.ch.IOUtil.readIntoNativeBuffer(IOUtil.java:223)
	at sun.nio.ch.IOUtil.read(IOUtil.java:192)
	at sun.nio.ch.SocketChannelImpl.read(SocketChannelImpl.java:380)
	at io.grpc.netty.shaded.io.netty.buffer.PooledByteBuf.setBytes(PooledByteBuf.java:247)
	at io.grpc.netty.shaded.io.netty.buffer.AbstractByteBuf.writeBytes(AbstractByteBuf.java:1140)
	at io.grpc.netty.shaded.io.netty.channel.socket.nio.NioSocketChannel.doReadBytes(NioSocketChannel.java:347)
	at io.grpc.netty.shaded.io.netty.channel.nio.AbstractNioByteChannel$NioByteUnsafe.read(AbstractNioByteChannel.java:148)
	at io.grpc.netty.shaded.io.netty.channel.nio.NioEventLoop.processSelectedKey(NioEventLoop.java:697)
	at io.grpc.netty.shaded.io.netty.channel.nio.NioEventLoop.processSelectedKeysOptimized(NioEventLoop.java:632)
	at io.grpc.netty.shaded.io.netty.channel.nio.NioEventLoop.processSelectedKeys(NioEventLoop.java:549)
	at io.grpc.netty.shaded.io.netty.channel.nio.NioEventLoop.run(NioEventLoop.java:511)
	at io.grpc.netty.shaded.io.netty.util.concurrent.SingleThreadEventExecutor$5.run(SingleThreadEventExecutor.java:918)
	at io.grpc.netty.shaded.io.netty.util.internal.ThreadExecutorMap$2.run(ThreadExecutorMap.java:74)
	at io.grpc.netty.shaded.io.netty.util.concurrent.FastThreadLocalRunnable.run(FastThreadLocalRunnable.java:30)
	at java.lang.Thread.run(Thread.java:748)
2022-07-05 17:34:19,016 INFO Transport failed

java.io.IOException: 远程主机强迫关闭了一个现有的连接。
	at sun.nio.ch.SocketDispatcher.read0(Native Method)
	at sun.nio.ch.SocketDispatcher.read(SocketDispatcher.java:43)
	at sun.nio.ch.IOUtil.readIntoNativeBuffer(IOUtil.java:223)
	at sun.nio.ch.IOUtil.read(IOUtil.java:192)
	at sun.nio.ch.SocketChannelImpl.read(SocketChannelImpl.java:380)
	at io.grpc.netty.shaded.io.netty.buffer.PooledByteBuf.setBytes(PooledByteBuf.java:247)
	at io.grpc.netty.shaded.io.netty.buffer.AbstractByteBuf.writeBytes(AbstractByteBuf.java:1140)
	at io.grpc.netty.shaded.io.netty.channel.socket.nio.NioSocketChannel.doReadBytes(NioSocketChannel.java:347)
	at io.grpc.netty.shaded.io.netty.channel.nio.AbstractNioByteChannel$NioByteUnsafe.read(AbstractNioByteChannel.java:148)
	at io.grpc.netty.shaded.io.netty.channel.nio.NioEventLoop.processSelectedKey(NioEventLoop.java:697)
	at io.grpc.netty.shaded.io.netty.channel.nio.NioEventLoop.processSelectedKeysOptimized(NioEventLoop.java:632)
	at io.grpc.netty.shaded.io.netty.channel.nio.NioEventLoop.processSelectedKeys(NioEventLoop.java:549)
	at io.grpc.netty.shaded.io.netty.channel.nio.NioEventLoop.run(NioEventLoop.java:511)
	at io.grpc.netty.shaded.io.netty.util.concurrent.SingleThreadEventExecutor$5.run(SingleThreadEventExecutor.java:918)
	at io.grpc.netty.shaded.io.netty.util.internal.ThreadExecutorMap$2.run(ThreadExecutorMap.java:74)
	at io.grpc.netty.shaded.io.netty.util.concurrent.FastThreadLocalRunnable.run(FastThreadLocalRunnable.java:30)
	at java.lang.Thread.run(Thread.java:748)
2022-07-05 17:36:51,258 INFO Transport failed

java.io.IOException: 远程主机强迫关闭了一个现有的连接。
	at sun.nio.ch.SocketDispatcher.read0(Native Method)
	at sun.nio.ch.SocketDispatcher.read(SocketDispatcher.java:43)
	at sun.nio.ch.IOUtil.readIntoNativeBuffer(IOUtil.java:223)
	at sun.nio.ch.IOUtil.read(IOUtil.java:192)
	at sun.nio.ch.SocketChannelImpl.read(SocketChannelImpl.java:380)
	at io.grpc.netty.shaded.io.netty.buffer.PooledByteBuf.setBytes(PooledByteBuf.java:247)
	at io.grpc.netty.shaded.io.netty.buffer.AbstractByteBuf.writeBytes(AbstractByteBuf.java:1140)
	at io.grpc.netty.shaded.io.netty.channel.socket.nio.NioSocketChannel.doReadBytes(NioSocketChannel.java:347)
	at io.grpc.netty.shaded.io.netty.channel.nio.AbstractNioByteChannel$NioByteUnsafe.read(AbstractNioByteChannel.java:148)
	at io.grpc.netty.shaded.io.netty.channel.nio.NioEventLoop.processSelectedKey(NioEventLoop.java:697)
	at io.grpc.netty.shaded.io.netty.channel.nio.NioEventLoop.processSelectedKeysOptimized(NioEventLoop.java:632)
	at io.grpc.netty.shaded.io.netty.channel.nio.NioEventLoop.processSelectedKeys(NioEventLoop.java:549)
	at io.grpc.netty.shaded.io.netty.channel.nio.NioEventLoop.run(NioEventLoop.java:511)
	at io.grpc.netty.shaded.io.netty.util.concurrent.SingleThreadEventExecutor$5.run(SingleThreadEventExecutor.java:918)
	at io.grpc.netty.shaded.io.netty.util.internal.ThreadExecutorMap$2.run(ThreadExecutorMap.java:74)
	at io.grpc.netty.shaded.io.netty.util.concurrent.FastThreadLocalRunnable.run(FastThreadLocalRunnable.java:30)
	at java.lang.Thread.run(Thread.java:748)
2022-07-05 17:37:09,431 INFO Transport failed

java.io.IOException: 远程主机强迫关闭了一个现有的连接。
	at sun.nio.ch.SocketDispatcher.read0(Native Method)
	at sun.nio.ch.SocketDispatcher.read(SocketDispatcher.java:43)
	at sun.nio.ch.IOUtil.readIntoNativeBuffer(IOUtil.java:223)
	at sun.nio.ch.IOUtil.read(IOUtil.java:192)
	at sun.nio.ch.SocketChannelImpl.read(SocketChannelImpl.java:380)
	at io.grpc.netty.shaded.io.netty.buffer.PooledByteBuf.setBytes(PooledByteBuf.java:247)
	at io.grpc.netty.shaded.io.netty.buffer.AbstractByteBuf.writeBytes(AbstractByteBuf.java:1140)
	at io.grpc.netty.shaded.io.netty.channel.socket.nio.NioSocketChannel.doReadBytes(NioSocketChannel.java:347)
	at io.grpc.netty.shaded.io.netty.channel.nio.AbstractNioByteChannel$NioByteUnsafe.read(AbstractNioByteChannel.java:148)
	at io.grpc.netty.shaded.io.netty.channel.nio.NioEventLoop.processSelectedKey(NioEventLoop.java:697)
	at io.grpc.netty.shaded.io.netty.channel.nio.NioEventLoop.processSelectedKeysOptimized(NioEventLoop.java:632)
	at io.grpc.netty.shaded.io.netty.channel.nio.NioEventLoop.processSelectedKeys(NioEventLoop.java:549)
	at io.grpc.netty.shaded.io.netty.channel.nio.NioEventLoop.run(NioEventLoop.java:511)
	at io.grpc.netty.shaded.io.netty.util.concurrent.SingleThreadEventExecutor$5.run(SingleThreadEventExecutor.java:918)
	at io.grpc.netty.shaded.io.netty.util.internal.ThreadExecutorMap$2.run(ThreadExecutorMap.java:74)
	at io.grpc.netty.shaded.io.netty.util.concurrent.FastThreadLocalRunnable.run(FastThreadLocalRunnable.java:30)
	at java.lang.Thread.run(Thread.java:748)
2022-07-05 17:37:09,433 INFO Transport failed

java.io.IOException: 远程主机强迫关闭了一个现有的连接。
	at sun.nio.ch.SocketDispatcher.read0(Native Method)
	at sun.nio.ch.SocketDispatcher.read(SocketDispatcher.java:43)
	at sun.nio.ch.IOUtil.readIntoNativeBuffer(IOUtil.java:223)
	at sun.nio.ch.IOUtil.read(IOUtil.java:192)
	at sun.nio.ch.SocketChannelImpl.read(SocketChannelImpl.java:380)
	at io.grpc.netty.shaded.io.netty.buffer.PooledByteBuf.setBytes(PooledByteBuf.java:247)
	at io.grpc.netty.shaded.io.netty.buffer.AbstractByteBuf.writeBytes(AbstractByteBuf.java:1140)
	at io.grpc.netty.shaded.io.netty.channel.socket.nio.NioSocketChannel.doReadBytes(NioSocketChannel.java:347)
	at io.grpc.netty.shaded.io.netty.channel.nio.AbstractNioByteChannel$NioByteUnsafe.read(AbstractNioByteChannel.java:148)
	at io.grpc.netty.shaded.io.netty.channel.nio.NioEventLoop.processSelectedKey(NioEventLoop.java:697)
	at io.grpc.netty.shaded.io.netty.channel.nio.NioEventLoop.processSelectedKeysOptimized(NioEventLoop.java:632)
	at io.grpc.netty.shaded.io.netty.channel.nio.NioEventLoop.processSelectedKeys(NioEventLoop.java:549)
	at io.grpc.netty.shaded.io.netty.channel.nio.NioEventLoop.run(NioEventLoop.java:511)
	at io.grpc.netty.shaded.io.netty.util.concurrent.SingleThreadEventExecutor$5.run(SingleThreadEventExecutor.java:918)
	at io.grpc.netty.shaded.io.netty.util.internal.ThreadExecutorMap$2.run(ThreadExecutorMap.java:74)
	at io.grpc.netty.shaded.io.netty.util.concurrent.FastThreadLocalRunnable.run(FastThreadLocalRunnable.java:30)
	at java.lang.Thread.run(Thread.java:748)
2022-07-05 17:43:37,993 WARN clearConfigHistory start

2022-07-05 17:43:38,025 INFO [capacityManagement] start correct usage

2022-07-05 17:43:38,026 INFO [capacityManagement] end correct usage, cost: 0s

2022-07-05 17:45:17,305 INFO Transport failed

java.io.IOException: 远程主机强迫关闭了一个现有的连接。
	at sun.nio.ch.SocketDispatcher.read0(Native Method)
	at sun.nio.ch.SocketDispatcher.read(SocketDispatcher.java:43)
	at sun.nio.ch.IOUtil.readIntoNativeBuffer(IOUtil.java:223)
	at sun.nio.ch.IOUtil.read(IOUtil.java:192)
	at sun.nio.ch.SocketChannelImpl.read(SocketChannelImpl.java:380)
	at io.grpc.netty.shaded.io.netty.buffer.PooledByteBuf.setBytes(PooledByteBuf.java:247)
	at io.grpc.netty.shaded.io.netty.buffer.AbstractByteBuf.writeBytes(AbstractByteBuf.java:1140)
	at io.grpc.netty.shaded.io.netty.channel.socket.nio.NioSocketChannel.doReadBytes(NioSocketChannel.java:347)
	at io.grpc.netty.shaded.io.netty.channel.nio.AbstractNioByteChannel$NioByteUnsafe.read(AbstractNioByteChannel.java:148)
	at io.grpc.netty.shaded.io.netty.channel.nio.NioEventLoop.processSelectedKey(NioEventLoop.java:697)
	at io.grpc.netty.shaded.io.netty.channel.nio.NioEventLoop.processSelectedKeysOptimized(NioEventLoop.java:632)
	at io.grpc.netty.shaded.io.netty.channel.nio.NioEventLoop.processSelectedKeys(NioEventLoop.java:549)
	at io.grpc.netty.shaded.io.netty.channel.nio.NioEventLoop.run(NioEventLoop.java:511)
	at io.grpc.netty.shaded.io.netty.util.concurrent.SingleThreadEventExecutor$5.run(SingleThreadEventExecutor.java:918)
	at io.grpc.netty.shaded.io.netty.util.internal.ThreadExecutorMap$2.run(ThreadExecutorMap.java:74)
	at io.grpc.netty.shaded.io.netty.util.concurrent.FastThreadLocalRunnable.run(FastThreadLocalRunnable.java:30)
	at java.lang.Thread.run(Thread.java:748)
2022-07-05 17:45:35,299 INFO Transport failed

java.io.IOException: 远程主机强迫关闭了一个现有的连接。
	at sun.nio.ch.SocketDispatcher.read0(Native Method)
	at sun.nio.ch.SocketDispatcher.read(SocketDispatcher.java:43)
	at sun.nio.ch.IOUtil.readIntoNativeBuffer(IOUtil.java:223)
	at sun.nio.ch.IOUtil.read(IOUtil.java:192)
	at sun.nio.ch.SocketChannelImpl.read(SocketChannelImpl.java:380)
	at io.grpc.netty.shaded.io.netty.buffer.PooledByteBuf.setBytes(PooledByteBuf.java:247)
	at io.grpc.netty.shaded.io.netty.buffer.AbstractByteBuf.writeBytes(AbstractByteBuf.java:1140)
	at io.grpc.netty.shaded.io.netty.channel.socket.nio.NioSocketChannel.doReadBytes(NioSocketChannel.java:347)
	at io.grpc.netty.shaded.io.netty.channel.nio.AbstractNioByteChannel$NioByteUnsafe.read(AbstractNioByteChannel.java:148)
	at io.grpc.netty.shaded.io.netty.channel.nio.NioEventLoop.processSelectedKey(NioEventLoop.java:697)
	at io.grpc.netty.shaded.io.netty.channel.nio.NioEventLoop.processSelectedKeysOptimized(NioEventLoop.java:632)
	at io.grpc.netty.shaded.io.netty.channel.nio.NioEventLoop.processSelectedKeys(NioEventLoop.java:549)
	at io.grpc.netty.shaded.io.netty.channel.nio.NioEventLoop.run(NioEventLoop.java:511)
	at io.grpc.netty.shaded.io.netty.util.concurrent.SingleThreadEventExecutor$5.run(SingleThreadEventExecutor.java:918)
	at io.grpc.netty.shaded.io.netty.util.internal.ThreadExecutorMap$2.run(ThreadExecutorMap.java:74)
	at io.grpc.netty.shaded.io.netty.util.concurrent.FastThreadLocalRunnable.run(FastThreadLocalRunnable.java:30)
	at java.lang.Thread.run(Thread.java:748)
2022-07-05 17:45:35,299 INFO Transport failed

java.io.IOException: 远程主机强迫关闭了一个现有的连接。
	at sun.nio.ch.SocketDispatcher.read0(Native Method)
	at sun.nio.ch.SocketDispatcher.read(SocketDispatcher.java:43)
	at sun.nio.ch.IOUtil.readIntoNativeBuffer(IOUtil.java:223)
	at sun.nio.ch.IOUtil.read(IOUtil.java:192)
	at sun.nio.ch.SocketChannelImpl.read(SocketChannelImpl.java:380)
	at io.grpc.netty.shaded.io.netty.buffer.PooledByteBuf.setBytes(PooledByteBuf.java:247)
	at io.grpc.netty.shaded.io.netty.buffer.AbstractByteBuf.writeBytes(AbstractByteBuf.java:1140)
	at io.grpc.netty.shaded.io.netty.channel.socket.nio.NioSocketChannel.doReadBytes(NioSocketChannel.java:347)
	at io.grpc.netty.shaded.io.netty.channel.nio.AbstractNioByteChannel$NioByteUnsafe.read(AbstractNioByteChannel.java:148)
	at io.grpc.netty.shaded.io.netty.channel.nio.NioEventLoop.processSelectedKey(NioEventLoop.java:697)
	at io.grpc.netty.shaded.io.netty.channel.nio.NioEventLoop.processSelectedKeysOptimized(NioEventLoop.java:632)
	at io.grpc.netty.shaded.io.netty.channel.nio.NioEventLoop.processSelectedKeys(NioEventLoop.java:549)
	at io.grpc.netty.shaded.io.netty.channel.nio.NioEventLoop.run(NioEventLoop.java:511)
	at io.grpc.netty.shaded.io.netty.util.concurrent.SingleThreadEventExecutor$5.run(SingleThreadEventExecutor.java:918)
	at io.grpc.netty.shaded.io.netty.util.internal.ThreadExecutorMap$2.run(ThreadExecutorMap.java:74)
	at io.grpc.netty.shaded.io.netty.util.concurrent.FastThreadLocalRunnable.run(FastThreadLocalRunnable.java:30)
	at java.lang.Thread.run(Thread.java:748)
2022-07-05 17:49:24,164 INFO Starting Nacos v2.0.3 on DESKTOP-9IOI6PR with PID 77708 (D:\JavaWorkSpace\spring-cloud-example\nacos-server-2.0.3\nacos\target\nacos-server.jar started by Administrator in D:\JavaWorkSpace\spring-cloud-example\nacos-server-2.0.3\nacos\bin)

2022-07-05 17:49:24,165 INFO The following profiles are active: standalone

2022-07-05 17:49:31,586 INFO Bean 'org.springframework.security.access.expression.method.DefaultMethodSecurityExpressionHandler@5b43e173' of type [org.springframework.security.access.expression.method.DefaultMethodSecurityExpressionHandler] is not eligible for getting processed by all BeanPostProcessors (for example: not eligible for auto-proxying)

2022-07-05 17:49:31,593 INFO Bean 'methodSecurityMetadataSource' of type [org.springframework.security.access.method.DelegatingMethodSecurityMetadataSource] is not eligible for getting processed by all BeanPostProcessors (for example: not eligible for auto-proxying)

2022-07-05 17:49:32,286 INFO Tomcat initialized with port(s): 8848 (http)

2022-07-05 17:49:32,333 INFO Starting service [Tomcat]

2022-07-05 17:49:32,333 INFO Starting Servlet engine: [Apache Tomcat/9.0.38]

2022-07-05 17:49:32,810 INFO At least one JAR was scanned for TLDs yet contained no TLDs. Enable debug logging for this logger for a complete list of JARs that were scanned but no TLDs were found in them. Skipping unneeded JARs during scanning can improve startup time and JSP compilation time.

2022-07-05 17:49:32,860 INFO Initializing Spring embedded WebApplicationContext

2022-07-05 17:49:32,860 INFO Root WebApplicationContext: initialization completed in 8591 ms

2022-07-05 17:49:33,694 INFO HikariPool-1 - Starting...

2022-07-05 17:49:33,703 WARN Registered driver with driverClassName=org.apache.derby.jdbc.EmbeddedDriver was not found, trying direct instantiation.

2022-07-05 17:49:35,069 INFO HikariPool-1 - Driver does not support get/set network timeout for connections. (Feature not implemented: No details.)

2022-07-05 17:49:35,077 INFO HikariPool-1 - Start completed.

2022-07-05 17:49:36,935 INFO Nacos-related cluster resource initialization

2022-07-05 17:49:36,943 INFO The cluster resource is initialized

2022-07-05 17:49:37,006 INFO Get Distro config from env, DistroConfig{syncDelayMillis=1000, syncTimeoutMillis=3000, syncRetryDelayMillis=3000, verifyIntervalMillis=5000, verifyTimeoutMillis=3000, loadDataRetryDelayMillis=30000}

2022-07-05 17:49:37,802 INFO Reflections took 68 ms to scan 1 urls, producing 5 keys and 10 values 

2022-07-05 17:49:37,844 INFO Reflections took 5 ms to scan 1 urls, producing 4 keys and 23 values 

2022-07-05 17:49:37,873 INFO Reflections took 12 ms to scan 1 urls, producing 5 keys and 19 values 

2022-07-05 17:49:37,910 INFO Reflections took 3 ms to scan 1 urls, producing 2 keys and 12 values 

2022-07-05 17:49:38,730 WARN There are no [com.alibaba.nacos.config.server.model.event.LocalDataChangeEvent] publishers for this event, please register

2022-07-05 17:49:39,190 INFO Reflections took 68 ms to scan 2 urls, producing 3 keys and 6 values 

2022-07-05 17:49:39,266 INFO Reflections took 73 ms to scan 2 urls, producing 4 keys and 9 values 

2022-07-05 17:49:39,324 INFO Reflections took 57 ms to scan 2 urls, producing 3 keys and 10 values 

2022-07-05 17:49:39,329 INFO Reflections took 3 ms to scan 1 urls, producing 2 keys and 2 values 

2022-07-05 17:49:39,383 INFO Reflections took 51 ms to scan 2 urls, producing 1 keys and 5 values 

2022-07-05 17:49:39,441 INFO Reflections took 47 ms to scan 2 urls, producing 1 keys and 7 values 

2022-07-05 17:49:39,487 INFO Reflections took 44 ms to scan 2 urls, producing 2 keys and 8 values 

2022-07-05 17:49:39,493 INFO Reflections took 3 ms to scan 1 urls, producing 1 keys and 1 values 

2022-07-05 17:49:42,647 INFO Initializing ExecutorService 'applicationTaskExecutor'

2022-07-05 17:49:42,920 INFO Adding welcome page: class path resource [static/index.html]

2022-07-05 17:49:43,695 INFO Creating filter chain: Ant [pattern='/**'], []

2022-07-05 17:49:43,755 INFO Creating filter chain: any request, [org.springframework.security.web.context.request.async.WebAsyncManagerIntegrationFilter@55a88417, org.springframework.security.web.context.SecurityContextPersistenceFilter@1a6cf771, org.springframework.security.web.header.HeaderWriterFilter@3ce53f6a, org.springframework.security.web.csrf.CsrfFilter@75fa1be3, org.springframework.security.web.authentication.logout.LogoutFilter@8f2098e, org.springframework.security.web.savedrequest.RequestCacheAwareFilter@53ed09e8, org.springframework.security.web.servletapi.SecurityContextHolderAwareRequestFilter@7fd8c559, org.springframework.security.web.authentication.AnonymousAuthenticationFilter@18acfe88, org.springframework.security.web.session.SessionManagementFilter@3ee69ad8, org.springframework.security.web.access.ExceptionTranslationFilter@42714a7]

2022-07-05 17:49:44,062 INFO Initializing ExecutorService 'taskScheduler'

2022-07-05 17:49:44,093 INFO Exposing 16 endpoint(s) beneath base path '/actuator'

2022-07-05 17:49:44,265 INFO Tomcat started on port(s): 8848 (http) with context path '/nacos'

2022-07-05 17:49:44,269 INFO Started Nacos in 21.603 seconds (JVM running for 22.41)

2022-07-05 17:49:44,269 INFO Nacos started successfully in stand alone mode. use embedded storage

2022-07-05 17:49:45,280 INFO Get Push config from env, PushConfig{pushTaskDelay=500, pushTaskTimeout=5000, pushTaskRetryDelay=1000}

2022-07-05 17:49:46,058 INFO Initializing Spring DispatcherServlet 'dispatcherServlet'

2022-07-05 17:49:46,058 INFO Initializing Servlet 'dispatcherServlet'

2022-07-05 17:49:46,078 INFO Completed initialization in 20 ms

2022-07-05 17:56:12,950 INFO Get Push config from env, PushConfig{pushTaskDelay=500, pushTaskTimeout=5000, pushTaskRetryDelay=1000}

2022-07-05 17:56:12,951 INFO Get Distro config from env, DistroConfig{syncDelayMillis=1000, syncTimeoutMillis=3000, syncRetryDelayMillis=3000, verifyIntervalMillis=5000, verifyTimeoutMillis=3000, loadDataRetryDelayMillis=30000}

2022-07-05 17:56:12,956 INFO Get Push config from env, PushConfig{pushTaskDelay=500, pushTaskTimeout=5000, pushTaskRetryDelay=1000}

2022-07-05 17:56:12,956 INFO Get Distro config from env, DistroConfig{syncDelayMillis=1000, syncTimeoutMillis=3000, syncRetryDelayMillis=3000, verifyIntervalMillis=5000, verifyTimeoutMillis=3000, loadDataRetryDelayMillis=30000}

2022-07-05 17:56:12,956 INFO Get Push config from env, PushConfig{pushTaskDelay=500, pushTaskTimeout=5000, pushTaskRetryDelay=1000}

2022-07-05 17:56:12,957 INFO Get Distro config from env, DistroConfig{syncDelayMillis=1000, syncTimeoutMillis=3000, syncRetryDelayMillis=3000, verifyIntervalMillis=5000, verifyTimeoutMillis=3000, loadDataRetryDelayMillis=30000}

2022-07-05 17:56:12,957 INFO Get Push config from env, PushConfig{pushTaskDelay=500, pushTaskTimeout=5000, pushTaskRetryDelay=1000}

2022-07-05 17:56:12,957 INFO Get Distro config from env, DistroConfig{syncDelayMillis=1000, syncTimeoutMillis=3000, syncRetryDelayMillis=3000, verifyIntervalMillis=5000, verifyTimeoutMillis=3000, loadDataRetryDelayMillis=30000}

2022-07-05 17:56:12,958 INFO Get Push config from env, PushConfig{pushTaskDelay=500, pushTaskTimeout=5000, pushTaskRetryDelay=1000}

2022-07-05 17:56:12,958 INFO Get Distro config from env, DistroConfig{syncDelayMillis=1000, syncTimeoutMillis=3000, syncRetryDelayMillis=3000, verifyIntervalMillis=5000, verifyTimeoutMillis=3000, loadDataRetryDelayMillis=30000}

2022-07-05 17:56:12,958 INFO Get Push config from env, PushConfig{pushTaskDelay=500, pushTaskTimeout=5000, pushTaskRetryDelay=1000}

2022-07-05 17:56:12,958 INFO Get Distro config from env, DistroConfig{syncDelayMillis=1000, syncTimeoutMillis=3000, syncRetryDelayMillis=3000, verifyIntervalMillis=5000, verifyTimeoutMillis=3000, loadDataRetryDelayMillis=30000}

2022-07-05 17:56:12,959 INFO Get Push config from env, PushConfig{pushTaskDelay=500, pushTaskTimeout=5000, pushTaskRetryDelay=1000}

2022-07-05 17:56:12,960 INFO Get Distro config from env, DistroConfig{syncDelayMillis=1000, syncTimeoutMillis=3000, syncRetryDelayMillis=3000, verifyIntervalMillis=5000, verifyTimeoutMillis=3000, loadDataRetryDelayMillis=30000}

2022-07-05 17:56:12,965 INFO Get Push config from env, PushConfig{pushTaskDelay=500, pushTaskTimeout=5000, pushTaskRetryDelay=1000}

2022-07-05 17:56:12,965 INFO Get Distro config from env, DistroConfig{syncDelayMillis=1000, syncTimeoutMillis=3000, syncRetryDelayMillis=3000, verifyIntervalMillis=5000, verifyTimeoutMillis=3000, loadDataRetryDelayMillis=30000}

