2022-07-05 14:53:35,916 INFO raft peers changed: [Member{ip='192.168.64.1', port=8848, state=UP, extendInfo={raftPort=7848, version=2.0.3}}]

2022-07-05 14:53:35,966 INFO initializing Raft sub-system

2022-07-05 14:53:35,967 INFO finish loading all datums, size: 0 cost 1 ms.

2022-07-05 14:53:35,968 INFO cache loaded, datum count: 0, current term: 0

2022-07-05 14:53:35,968 INFO finish to load data from disk, cost: 2 ms.

2022-07-05 14:53:35,973 INFO timer started: leader timeout ms: 15000, heart-beat timeout ms: 5000

2022-07-05 14:53:36,166 INFO add listener: com.alibaba.nacos.naming.domains.meta.

2022-07-05 14:53:37,203 INFO add listener: com.alibaba.nacos.naming.domains.meta.00-00---000-NACOS_SWITCH_DOMAIN-000---00-00

2022-07-05 14:53:40,962 WARN start to close old raft protocol!!!

2022-07-05 14:53:40,962 WARN stop old raft protocol task for notifier

2022-07-05 14:53:40,962 WARN stop old raft protocol task for master task

2022-07-05 14:53:40,962 WARN stop old raft protocol task for heartbeat task

2022-07-05 14:53:40,962 WARN clean old cache datum for old raft

2022-07-05 14:53:40,962 WARN start to close old raft protocol!!!

2022-07-05 14:53:40,962 WARN stop old raft protocol task for notifier

2022-07-05 14:53:40,962 WARN stop old raft protocol task for master task

2022-07-05 14:53:40,962 WARN stop old raft protocol task for heartbeat task

2022-07-05 14:53:40,962 WARN clean old cache datum for old raft

2022-07-05 14:53:40,962 WARN start to move old raft protocol metadata

2022-07-05 14:53:40,962 WARN start to move old raft protocol metadata

2022-07-05 17:49:36,988 INFO raft peers changed: [Member{ip='192.168.64.1', port=8848, state=UP, extendInfo={raftPort=7848, version=2.0.3}}]

2022-07-05 17:49:37,032 INFO initializing Raft sub-system

2022-07-05 17:49:37,032 INFO finish loading all datums, size: 0 cost 0 ms.

2022-07-05 17:49:37,033 INFO cache loaded, datum count: 0, current term: 0

2022-07-05 17:49:37,033 INFO finish to load data from disk, cost: 1 ms.

2022-07-05 17:49:37,038 INFO timer started: leader timeout ms: 15000, heart-beat timeout ms: 5000

2022-07-05 17:49:37,215 INFO add listener: com.alibaba.nacos.naming.domains.meta.

2022-07-05 17:49:38,172 INFO add listener: com.alibaba.nacos.naming.domains.meta.00-00---000-NACOS_SWITCH_DOMAIN-000---00-00

2022-07-05 17:49:42,024 WARN start to close old raft protocol!!!

2022-07-05 17:49:42,024 WARN stop old raft protocol task for notifier

2022-07-05 17:49:42,024 WARN stop old raft protocol task for master task

2022-07-05 17:49:42,024 WARN stop old raft protocol task for heartbeat task

2022-07-05 17:49:42,031 WARN clean old cache datum for old raft

2022-07-05 17:49:42,032 WARN start to close old raft protocol!!!

2022-07-05 17:49:42,032 WARN stop old raft protocol task for notifier

2022-07-05 17:49:42,032 WARN stop old raft protocol task for master task

2022-07-05 17:49:42,032 WARN stop old raft protocol task for heartbeat task

2022-07-05 17:49:42,032 WARN clean old cache datum for old raft

2022-07-05 17:49:42,032 WARN start to move old raft protocol metadata

2022-07-05 17:49:42,033 WARN start to move old raft protocol metadata

