2022-07-05 14:54:09,340 INFO PERFORMANCE:|serviceCount|ipCount|subscribeCount|maxPushCost|avgPushCost|totalPushCount|failPushCount

2022-07-05 14:54:09,340 INFO DISTRO:|V1SyncDone|V1SyncFail|V2SyncDone|V2SyncFail|V2VerifyFail|

2022-07-05 14:54:09,341 INFO PERFORMANCE:|0|0|0|-1|-1|0|0

2022-07-05 14:54:09,342 INFO Task worker status: 
naming_0%8, pending tasks: 0
naming_1%8, pending tasks: 0
naming_2%8, pending tasks: 0
naming_3%8, pending tasks: 0
naming_4%8, pending tasks: 0
naming_5%8, pending tasks: 0
naming_6%8, pending tasks: 0
naming_7%8, pending tasks: 0


2022-07-05 14:54:09,343 INFO DISTRO:|0|0|0|0|0|

2022-07-05 14:55:09,344 INFO PERFORMANCE:|0|0|0|-1|-1|0|0

2022-07-05 14:55:09,344 INFO Task worker status: 
naming_0%8, pending tasks: 0
naming_1%8, pending tasks: 0
naming_2%8, pending tasks: 0
naming_3%8, pending tasks: 0
naming_4%8, pending tasks: 0
naming_5%8, pending tasks: 0
naming_6%8, pending tasks: 0
naming_7%8, pending tasks: 0


2022-07-05 14:55:09,344 INFO DISTRO:|0|0|0|0|0|

2022-07-05 14:56:09,348 INFO PERFORMANCE:|0|0|0|-1|-1|0|0

2022-07-05 14:56:09,348 INFO Task worker status: 
naming_0%8, pending tasks: 0
naming_1%8, pending tasks: 0
naming_2%8, pending tasks: 0
naming_3%8, pending tasks: 0
naming_4%8, pending tasks: 0
naming_5%8, pending tasks: 0
naming_6%8, pending tasks: 0
naming_7%8, pending tasks: 0


2022-07-05 14:56:09,348 INFO DISTRO:|0|0|0|0|0|

2022-07-05 14:57:09,362 INFO PERFORMANCE:|0|0|0|-1|-1|0|0

2022-07-05 14:57:09,362 INFO Task worker status: 
naming_0%8, pending tasks: 0
naming_1%8, pending tasks: 0
naming_2%8, pending tasks: 0
naming_3%8, pending tasks: 0
naming_4%8, pending tasks: 0
naming_5%8, pending tasks: 0
naming_6%8, pending tasks: 0
naming_7%8, pending tasks: 0


2022-07-05 14:57:09,362 INFO DISTRO:|0|0|0|0|0|

2022-07-05 14:58:09,373 INFO PERFORMANCE:|0|0|0|-1|-1|0|0

2022-07-05 14:58:09,373 INFO Task worker status: 
naming_0%8, pending tasks: 0
naming_1%8, pending tasks: 0
naming_2%8, pending tasks: 0
naming_3%8, pending tasks: 0
naming_4%8, pending tasks: 0
naming_5%8, pending tasks: 0
naming_6%8, pending tasks: 0
naming_7%8, pending tasks: 0


2022-07-05 14:58:09,373 INFO DISTRO:|0|0|0|0|0|

2022-07-05 14:59:09,381 INFO PERFORMANCE:|0|0|0|-1|-1|0|0

2022-07-05 14:59:09,381 INFO Task worker status: 
naming_0%8, pending tasks: 0
naming_1%8, pending tasks: 0
naming_2%8, pending tasks: 0
naming_3%8, pending tasks: 0
naming_4%8, pending tasks: 0
naming_5%8, pending tasks: 0
naming_6%8, pending tasks: 0
naming_7%8, pending tasks: 0


2022-07-05 14:59:09,381 INFO DISTRO:|0|0|0|0|0|

2022-07-05 15:00:09,393 INFO PERFORMANCE:|0|0|0|-1|-1|0|0

2022-07-05 15:00:09,393 INFO Task worker status: 
naming_0%8, pending tasks: 0
naming_1%8, pending tasks: 0
naming_2%8, pending tasks: 0
naming_3%8, pending tasks: 0
naming_4%8, pending tasks: 0
naming_5%8, pending tasks: 0
naming_6%8, pending tasks: 0
naming_7%8, pending tasks: 0


2022-07-05 15:00:09,393 INFO DISTRO:|0|0|0|0|0|

2022-07-05 15:01:09,408 INFO PERFORMANCE:|0|0|0|-1|-1|0|0

2022-07-05 15:01:09,408 INFO Task worker status: 
naming_0%8, pending tasks: 0
naming_1%8, pending tasks: 0
naming_2%8, pending tasks: 0
naming_3%8, pending tasks: 0
naming_4%8, pending tasks: 0
naming_5%8, pending tasks: 0
naming_6%8, pending tasks: 0
naming_7%8, pending tasks: 0


2022-07-05 15:01:09,408 INFO DISTRO:|0|0|0|0|0|

2022-07-05 15:02:09,413 INFO PERFORMANCE:|0|0|0|-1|-1|0|0

2022-07-05 15:02:09,413 INFO Task worker status: 
naming_0%8, pending tasks: 0
naming_1%8, pending tasks: 0
naming_2%8, pending tasks: 0
naming_3%8, pending tasks: 0
naming_4%8, pending tasks: 0
naming_5%8, pending tasks: 0
naming_6%8, pending tasks: 0
naming_7%8, pending tasks: 0


2022-07-05 15:02:09,413 INFO DISTRO:|0|0|0|0|0|

2022-07-05 15:03:09,420 INFO PERFORMANCE:|0|0|0|-1|-1|0|0

2022-07-05 15:03:09,421 INFO Task worker status: 
naming_0%8, pending tasks: 0
naming_1%8, pending tasks: 0
naming_2%8, pending tasks: 0
naming_3%8, pending tasks: 0
naming_4%8, pending tasks: 0
naming_5%8, pending tasks: 0
naming_6%8, pending tasks: 0
naming_7%8, pending tasks: 0


2022-07-05 15:03:09,421 INFO DISTRO:|0|0|0|0|0|

2022-07-05 15:04:09,435 INFO PERFORMANCE:|serviceCount|ipCount|subscribeCount|maxPushCost|avgPushCost|totalPushCount|failPushCount

2022-07-05 15:04:09,435 INFO DISTRO:|V1SyncDone|V1SyncFail|V2SyncDone|V2SyncFail|V2VerifyFail|

2022-07-05 15:04:09,435 INFO PERFORMANCE:|0|0|0|-1|-1|0|0

2022-07-05 15:04:09,435 INFO Task worker status: 
naming_0%8, pending tasks: 0
naming_1%8, pending tasks: 0
naming_2%8, pending tasks: 0
naming_3%8, pending tasks: 0
naming_4%8, pending tasks: 0
naming_5%8, pending tasks: 0
naming_6%8, pending tasks: 0
naming_7%8, pending tasks: 0


2022-07-05 15:04:09,435 INFO DISTRO:|0|0|0|0|0|

2022-07-05 15:05:09,445 INFO PERFORMANCE:|0|0|0|-1|-1|0|0

2022-07-05 15:05:09,445 INFO Task worker status: 
naming_0%8, pending tasks: 0
naming_1%8, pending tasks: 0
naming_2%8, pending tasks: 0
naming_3%8, pending tasks: 0
naming_4%8, pending tasks: 0
naming_5%8, pending tasks: 0
naming_6%8, pending tasks: 0
naming_7%8, pending tasks: 0


2022-07-05 15:05:09,445 INFO DISTRO:|0|0|0|0|0|

2022-07-05 15:06:09,454 INFO PERFORMANCE:|0|0|0|-1|-1|0|0

2022-07-05 15:06:09,454 INFO Task worker status: 
naming_0%8, pending tasks: 0
naming_1%8, pending tasks: 0
naming_2%8, pending tasks: 0
naming_3%8, pending tasks: 0
naming_4%8, pending tasks: 0
naming_5%8, pending tasks: 0
naming_6%8, pending tasks: 0
naming_7%8, pending tasks: 0


2022-07-05 15:06:09,454 INFO DISTRO:|0|0|0|0|0|

2022-07-05 15:07:09,460 INFO PERFORMANCE:|0|0|0|-1|-1|0|0

2022-07-05 15:07:09,460 INFO Task worker status: 
naming_0%8, pending tasks: 0
naming_1%8, pending tasks: 0
naming_2%8, pending tasks: 0
naming_3%8, pending tasks: 0
naming_4%8, pending tasks: 0
naming_5%8, pending tasks: 0
naming_6%8, pending tasks: 0
naming_7%8, pending tasks: 0


2022-07-05 15:07:09,460 INFO DISTRO:|0|0|0|0|0|

2022-07-05 15:08:09,465 INFO PERFORMANCE:|0|0|0|-1|-1|0|0

2022-07-05 15:08:09,465 INFO Task worker status: 
naming_0%8, pending tasks: 0
naming_1%8, pending tasks: 0
naming_2%8, pending tasks: 0
naming_3%8, pending tasks: 0
naming_4%8, pending tasks: 0
naming_5%8, pending tasks: 0
naming_6%8, pending tasks: 0
naming_7%8, pending tasks: 0


2022-07-05 15:08:09,465 INFO DISTRO:|0|0|0|0|0|

2022-07-05 15:09:09,474 INFO PERFORMANCE:|0|0|0|-1|-1|0|0

2022-07-05 15:09:09,474 INFO Task worker status: 
naming_0%8, pending tasks: 0
naming_1%8, pending tasks: 0
naming_2%8, pending tasks: 0
naming_3%8, pending tasks: 0
naming_4%8, pending tasks: 0
naming_5%8, pending tasks: 0
naming_6%8, pending tasks: 0
naming_7%8, pending tasks: 0


2022-07-05 15:09:09,474 INFO DISTRO:|0|0|0|0|0|

2022-07-05 15:10:09,478 INFO PERFORMANCE:|0|0|0|-1|-1|0|0

2022-07-05 15:10:09,478 INFO Task worker status: 
naming_0%8, pending tasks: 0
naming_1%8, pending tasks: 0
naming_2%8, pending tasks: 0
naming_3%8, pending tasks: 0
naming_4%8, pending tasks: 0
naming_5%8, pending tasks: 0
naming_6%8, pending tasks: 0
naming_7%8, pending tasks: 0


2022-07-05 15:10:09,478 INFO DISTRO:|0|0|0|0|0|

2022-07-05 15:11:09,487 INFO PERFORMANCE:|0|0|0|-1|-1|0|0

2022-07-05 15:11:09,487 INFO Task worker status: 
naming_0%8, pending tasks: 0
naming_1%8, pending tasks: 0
naming_2%8, pending tasks: 0
naming_3%8, pending tasks: 0
naming_4%8, pending tasks: 0
naming_5%8, pending tasks: 0
naming_6%8, pending tasks: 0
naming_7%8, pending tasks: 0


2022-07-05 15:11:09,487 INFO DISTRO:|0|0|0|0|0|

2022-07-05 15:12:09,502 INFO PERFORMANCE:|0|0|0|-1|-1|0|0

2022-07-05 15:12:09,502 INFO Task worker status: 
naming_0%8, pending tasks: 0
naming_1%8, pending tasks: 0
naming_2%8, pending tasks: 0
naming_3%8, pending tasks: 0
naming_4%8, pending tasks: 0
naming_5%8, pending tasks: 0
naming_6%8, pending tasks: 0
naming_7%8, pending tasks: 0


2022-07-05 15:12:09,502 INFO DISTRO:|0|0|0|0|0|

2022-07-05 15:13:09,502 INFO PERFORMANCE:|0|0|0|-1|-1|0|0

2022-07-05 15:13:09,502 INFO Task worker status: 
naming_0%8, pending tasks: 0
naming_1%8, pending tasks: 0
naming_2%8, pending tasks: 0
naming_3%8, pending tasks: 0
naming_4%8, pending tasks: 0
naming_5%8, pending tasks: 0
naming_6%8, pending tasks: 0
naming_7%8, pending tasks: 0


2022-07-05 15:13:09,502 INFO DISTRO:|0|0|0|0|0|

2022-07-05 15:14:09,517 INFO PERFORMANCE:|serviceCount|ipCount|subscribeCount|maxPushCost|avgPushCost|totalPushCount|failPushCount

2022-07-05 15:14:09,517 INFO DISTRO:|V1SyncDone|V1SyncFail|V2SyncDone|V2SyncFail|V2VerifyFail|

2022-07-05 15:14:09,517 INFO PERFORMANCE:|0|0|0|-1|-1|0|0

2022-07-05 15:14:09,517 INFO Task worker status: 
naming_0%8, pending tasks: 0
naming_1%8, pending tasks: 0
naming_2%8, pending tasks: 0
naming_3%8, pending tasks: 0
naming_4%8, pending tasks: 0
naming_5%8, pending tasks: 0
naming_6%8, pending tasks: 0
naming_7%8, pending tasks: 0


2022-07-05 15:14:09,517 INFO DISTRO:|0|0|0|0|0|

2022-07-05 15:15:09,598 INFO PERFORMANCE:|0|0|0|-1|-1|0|0

2022-07-05 15:15:09,598 INFO Task worker status: 
naming_0%8, pending tasks: 0
naming_1%8, pending tasks: 0
naming_2%8, pending tasks: 0
naming_3%8, pending tasks: 0
naming_4%8, pending tasks: 0
naming_5%8, pending tasks: 0
naming_6%8, pending tasks: 0
naming_7%8, pending tasks: 0


2022-07-05 15:15:09,598 INFO DISTRO:|0|0|0|0|0|

2022-07-05 15:16:09,604 INFO PERFORMANCE:|0|0|0|-1|-1|0|0

2022-07-05 15:16:09,604 INFO Task worker status: 
naming_0%8, pending tasks: 0
naming_1%8, pending tasks: 0
naming_2%8, pending tasks: 0
naming_3%8, pending tasks: 0
naming_4%8, pending tasks: 0
naming_5%8, pending tasks: 0
naming_6%8, pending tasks: 0
naming_7%8, pending tasks: 0


2022-07-05 15:16:09,604 INFO DISTRO:|0|0|0|0|0|

2022-07-05 15:17:09,607 INFO PERFORMANCE:|0|0|0|-1|-1|0|0

2022-07-05 15:17:09,607 INFO Task worker status: 
naming_0%8, pending tasks: 0
naming_1%8, pending tasks: 0
naming_2%8, pending tasks: 0
naming_3%8, pending tasks: 0
naming_4%8, pending tasks: 0
naming_5%8, pending tasks: 0
naming_6%8, pending tasks: 0
naming_7%8, pending tasks: 0


2022-07-05 15:17:09,607 INFO DISTRO:|0|0|0|0|0|

2022-07-05 15:18:09,616 INFO PERFORMANCE:|0|0|0|-1|-1|0|0

2022-07-05 15:18:09,616 INFO Task worker status: 
naming_0%8, pending tasks: 0
naming_1%8, pending tasks: 0
naming_2%8, pending tasks: 0
naming_3%8, pending tasks: 0
naming_4%8, pending tasks: 0
naming_5%8, pending tasks: 0
naming_6%8, pending tasks: 0
naming_7%8, pending tasks: 0


2022-07-05 15:18:09,616 INFO DISTRO:|0|0|0|0|0|

2022-07-05 15:19:09,623 INFO PERFORMANCE:|0|0|0|-1|-1|0|0

2022-07-05 15:19:09,623 INFO Task worker status: 
naming_0%8, pending tasks: 0
naming_1%8, pending tasks: 0
naming_2%8, pending tasks: 0
naming_3%8, pending tasks: 0
naming_4%8, pending tasks: 0
naming_5%8, pending tasks: 0
naming_6%8, pending tasks: 0
naming_7%8, pending tasks: 0


2022-07-05 15:19:09,623 INFO DISTRO:|0|0|0|0|0|

2022-07-05 15:20:09,818 INFO PERFORMANCE:|0|0|0|-1|-1|0|0

2022-07-05 15:20:09,818 INFO Task worker status: 
naming_0%8, pending tasks: 0
naming_1%8, pending tasks: 0
naming_2%8, pending tasks: 0
naming_3%8, pending tasks: 0
naming_4%8, pending tasks: 0
naming_5%8, pending tasks: 0
naming_6%8, pending tasks: 0
naming_7%8, pending tasks: 0


2022-07-05 15:20:09,818 INFO DISTRO:|0|0|0|0|0|

2022-07-05 15:21:09,822 INFO PERFORMANCE:|0|0|0|-1|-1|0|0

2022-07-05 15:21:09,822 INFO Task worker status: 
naming_0%8, pending tasks: 0
naming_1%8, pending tasks: 0
naming_2%8, pending tasks: 0
naming_3%8, pending tasks: 0
naming_4%8, pending tasks: 0
naming_5%8, pending tasks: 0
naming_6%8, pending tasks: 0
naming_7%8, pending tasks: 0


2022-07-05 15:21:09,822 INFO DISTRO:|0|0|0|0|0|

2022-07-05 15:22:09,830 INFO PERFORMANCE:|0|0|0|-1|-1|0|0

2022-07-05 15:22:09,830 INFO Task worker status: 
naming_0%8, pending tasks: 0
naming_1%8, pending tasks: 0
naming_2%8, pending tasks: 0
naming_3%8, pending tasks: 0
naming_4%8, pending tasks: 0
naming_5%8, pending tasks: 0
naming_6%8, pending tasks: 0
naming_7%8, pending tasks: 0


2022-07-05 15:22:09,830 INFO DISTRO:|0|0|0|0|0|

2022-07-05 15:23:09,838 INFO PERFORMANCE:|0|0|0|-1|-1|0|0

2022-07-05 15:23:09,838 INFO Task worker status: 
naming_0%8, pending tasks: 0
naming_1%8, pending tasks: 0
naming_2%8, pending tasks: 0
naming_3%8, pending tasks: 0
naming_4%8, pending tasks: 0
naming_5%8, pending tasks: 0
naming_6%8, pending tasks: 0
naming_7%8, pending tasks: 0


2022-07-05 15:23:09,838 INFO DISTRO:|0|0|0|0|0|

2022-07-05 15:24:09,840 INFO PERFORMANCE:|serviceCount|ipCount|subscribeCount|maxPushCost|avgPushCost|totalPushCount|failPushCount

2022-07-05 15:24:09,840 INFO DISTRO:|V1SyncDone|V1SyncFail|V2SyncDone|V2SyncFail|V2VerifyFail|

2022-07-05 15:24:09,840 INFO PERFORMANCE:|0|0|0|-1|-1|0|0

2022-07-05 15:24:09,840 INFO Task worker status: 
naming_0%8, pending tasks: 0
naming_1%8, pending tasks: 0
naming_2%8, pending tasks: 0
naming_3%8, pending tasks: 0
naming_4%8, pending tasks: 0
naming_5%8, pending tasks: 0
naming_6%8, pending tasks: 0
naming_7%8, pending tasks: 0


2022-07-05 15:24:09,840 INFO DISTRO:|0|0|0|0|0|

2022-07-05 15:25:09,856 INFO PERFORMANCE:|0|0|0|-1|-1|0|0

2022-07-05 15:25:09,856 INFO Task worker status: 
naming_0%8, pending tasks: 0
naming_1%8, pending tasks: 0
naming_2%8, pending tasks: 0
naming_3%8, pending tasks: 0
naming_4%8, pending tasks: 0
naming_5%8, pending tasks: 0
naming_6%8, pending tasks: 0
naming_7%8, pending tasks: 0


2022-07-05 15:25:09,856 INFO DISTRO:|0|0|0|0|0|

2022-07-05 15:26:09,868 INFO PERFORMANCE:|0|0|0|-1|-1|0|0

2022-07-05 15:26:09,868 INFO Task worker status: 
naming_0%8, pending tasks: 0
naming_1%8, pending tasks: 0
naming_2%8, pending tasks: 0
naming_3%8, pending tasks: 0
naming_4%8, pending tasks: 0
naming_5%8, pending tasks: 0
naming_6%8, pending tasks: 0
naming_7%8, pending tasks: 0


2022-07-05 15:26:09,868 INFO DISTRO:|0|0|0|0|0|

2022-07-05 15:27:09,880 INFO PERFORMANCE:|0|0|0|-1|-1|0|0

2022-07-05 15:27:09,880 INFO Task worker status: 
naming_0%8, pending tasks: 0
naming_1%8, pending tasks: 0
naming_2%8, pending tasks: 0
naming_3%8, pending tasks: 0
naming_4%8, pending tasks: 0
naming_5%8, pending tasks: 0
naming_6%8, pending tasks: 0
naming_7%8, pending tasks: 0


2022-07-05 15:27:09,880 INFO DISTRO:|0|0|0|0|0|

2022-07-05 15:28:09,892 INFO PERFORMANCE:|0|0|0|-1|-1|0|0

2022-07-05 15:28:09,892 INFO Task worker status: 
naming_0%8, pending tasks: 0
naming_1%8, pending tasks: 0
naming_2%8, pending tasks: 0
naming_3%8, pending tasks: 0
naming_4%8, pending tasks: 0
naming_5%8, pending tasks: 0
naming_6%8, pending tasks: 0
naming_7%8, pending tasks: 0


2022-07-05 15:28:09,892 INFO DISTRO:|0|0|0|0|0|

2022-07-05 15:29:09,902 INFO PERFORMANCE:|0|0|0|-1|-1|0|0

2022-07-05 15:29:09,902 INFO Task worker status: 
naming_0%8, pending tasks: 0
naming_1%8, pending tasks: 0
naming_2%8, pending tasks: 0
naming_3%8, pending tasks: 0
naming_4%8, pending tasks: 0
naming_5%8, pending tasks: 0
naming_6%8, pending tasks: 0
naming_7%8, pending tasks: 0


2022-07-05 15:29:09,902 INFO DISTRO:|0|0|0|0|0|

2022-07-05 15:30:09,917 INFO PERFORMANCE:|0|0|0|-1|-1|0|0

2022-07-05 15:30:09,917 INFO Task worker status: 
naming_0%8, pending tasks: 0
naming_1%8, pending tasks: 0
naming_2%8, pending tasks: 0
naming_3%8, pending tasks: 0
naming_4%8, pending tasks: 0
naming_5%8, pending tasks: 0
naming_6%8, pending tasks: 0
naming_7%8, pending tasks: 0


2022-07-05 15:30:09,917 INFO DISTRO:|0|0|0|0|0|

2022-07-05 15:31:09,928 INFO PERFORMANCE:|1|1|1|785|785|1|0

2022-07-05 15:31:09,928 INFO Task worker status: 
naming_0%8, pending tasks: 0
naming_1%8, pending tasks: 0
naming_2%8, pending tasks: 0
naming_3%8, pending tasks: 0
naming_4%8, pending tasks: 0
naming_5%8, pending tasks: 0
naming_6%8, pending tasks: 0
naming_7%8, pending tasks: 0


2022-07-05 15:31:09,928 INFO DISTRO:|0|0|0|0|0|

2022-07-05 15:32:09,940 INFO PERFORMANCE:|1|1|1|-1|-1|1|0

2022-07-05 15:32:09,941 INFO Task worker status: 
naming_0%8, pending tasks: 0
naming_1%8, pending tasks: 0
naming_2%8, pending tasks: 0
naming_3%8, pending tasks: 0
naming_4%8, pending tasks: 0
naming_5%8, pending tasks: 0
naming_6%8, pending tasks: 0
naming_7%8, pending tasks: 0


2022-07-05 15:32:09,941 INFO DISTRO:|0|0|0|0|0|

2022-07-05 15:33:09,952 INFO PERFORMANCE:|1|1|1|-1|-1|1|0

2022-07-05 15:33:09,952 INFO Task worker status: 
naming_0%8, pending tasks: 0
naming_1%8, pending tasks: 0
naming_2%8, pending tasks: 0
naming_3%8, pending tasks: 0
naming_4%8, pending tasks: 0
naming_5%8, pending tasks: 0
naming_6%8, pending tasks: 0
naming_7%8, pending tasks: 0


2022-07-05 15:33:09,952 INFO DISTRO:|0|0|0|0|0|

2022-07-05 15:34:09,955 INFO PERFORMANCE:|serviceCount|ipCount|subscribeCount|maxPushCost|avgPushCost|totalPushCount|failPushCount

2022-07-05 15:34:09,955 INFO DISTRO:|V1SyncDone|V1SyncFail|V2SyncDone|V2SyncFail|V2VerifyFail|

2022-07-05 15:34:09,955 INFO PERFORMANCE:|1|1|1|-1|-1|1|0

2022-07-05 15:34:09,955 INFO Task worker status: 
naming_0%8, pending tasks: 0
naming_1%8, pending tasks: 0
naming_2%8, pending tasks: 0
naming_3%8, pending tasks: 0
naming_4%8, pending tasks: 0
naming_5%8, pending tasks: 0
naming_6%8, pending tasks: 0
naming_7%8, pending tasks: 0


2022-07-05 15:34:09,955 INFO DISTRO:|0|0|0|0|0|

2022-07-05 15:35:09,962 INFO PERFORMANCE:|1|1|1|-1|-1|1|0

2022-07-05 15:35:09,962 INFO Task worker status: 
naming_0%8, pending tasks: 0
naming_1%8, pending tasks: 0
naming_2%8, pending tasks: 0
naming_3%8, pending tasks: 0
naming_4%8, pending tasks: 0
naming_5%8, pending tasks: 0
naming_6%8, pending tasks: 0
naming_7%8, pending tasks: 0


2022-07-05 15:35:09,962 INFO DISTRO:|0|0|0|0|0|

2022-07-05 15:36:09,975 INFO PERFORMANCE:|1|1|1|-1|-1|1|0

2022-07-05 15:36:09,975 INFO Task worker status: 
naming_0%8, pending tasks: 0
naming_1%8, pending tasks: 0
naming_2%8, pending tasks: 0
naming_3%8, pending tasks: 0
naming_4%8, pending tasks: 0
naming_5%8, pending tasks: 0
naming_6%8, pending tasks: 0
naming_7%8, pending tasks: 0


2022-07-05 15:36:09,975 INFO DISTRO:|0|0|0|0|0|

2022-07-05 15:37:09,984 INFO PERFORMANCE:|1|2|2|564|558|3|0

2022-07-05 15:37:09,984 INFO Task worker status: 
naming_0%8, pending tasks: 0
naming_1%8, pending tasks: 0
naming_2%8, pending tasks: 0
naming_3%8, pending tasks: 0
naming_4%8, pending tasks: 0
naming_5%8, pending tasks: 0
naming_6%8, pending tasks: 0
naming_7%8, pending tasks: 0


2022-07-05 15:37:09,984 INFO DISTRO:|0|0|0|0|0|

2022-07-05 15:38:09,992 INFO PERFORMANCE:|1|2|2|613|581|7|0

2022-07-05 15:38:09,992 INFO Task worker status: 
naming_0%8, pending tasks: 0
naming_1%8, pending tasks: 0
naming_2%8, pending tasks: 0
naming_3%8, pending tasks: 0
naming_4%8, pending tasks: 0
naming_5%8, pending tasks: 0
naming_6%8, pending tasks: 0
naming_7%8, pending tasks: 0


2022-07-05 15:38:09,992 INFO DISTRO:|0|0|0|0|0|

2022-07-05 15:39:09,998 INFO PERFORMANCE:|1|2|2|-1|-1|7|0

2022-07-05 15:39:09,998 INFO Task worker status: 
naming_0%8, pending tasks: 0
naming_1%8, pending tasks: 0
naming_2%8, pending tasks: 0
naming_3%8, pending tasks: 0
naming_4%8, pending tasks: 0
naming_5%8, pending tasks: 0
naming_6%8, pending tasks: 0
naming_7%8, pending tasks: 0


2022-07-05 15:39:09,998 INFO DISTRO:|0|0|0|0|0|

2022-07-05 15:40:10,004 INFO PERFORMANCE:|1|2|2|-1|-1|7|0

2022-07-05 15:40:10,004 INFO Task worker status: 
naming_0%8, pending tasks: 0
naming_1%8, pending tasks: 0
naming_2%8, pending tasks: 0
naming_3%8, pending tasks: 0
naming_4%8, pending tasks: 0
naming_5%8, pending tasks: 0
naming_6%8, pending tasks: 0
naming_7%8, pending tasks: 0


2022-07-05 15:40:10,004 INFO DISTRO:|0|0|0|0|0|

2022-07-05 15:41:10,011 INFO PERFORMANCE:|1|2|2|-1|-1|7|0

2022-07-05 15:41:10,011 INFO Task worker status: 
naming_0%8, pending tasks: 0
naming_1%8, pending tasks: 0
naming_2%8, pending tasks: 0
naming_3%8, pending tasks: 0
naming_4%8, pending tasks: 0
naming_5%8, pending tasks: 0
naming_6%8, pending tasks: 0
naming_7%8, pending tasks: 0


2022-07-05 15:41:10,011 INFO DISTRO:|0|0|0|0|0|

2022-07-05 15:42:10,023 INFO PERFORMANCE:|1|2|2|-1|-1|7|0

2022-07-05 15:42:10,023 INFO Task worker status: 
naming_0%8, pending tasks: 0
naming_1%8, pending tasks: 0
naming_2%8, pending tasks: 0
naming_3%8, pending tasks: 0
naming_4%8, pending tasks: 0
naming_5%8, pending tasks: 0
naming_6%8, pending tasks: 0
naming_7%8, pending tasks: 0


2022-07-05 15:42:10,023 INFO DISTRO:|0|0|0|0|0|

2022-07-05 15:43:10,034 INFO PERFORMANCE:|1|2|2|-1|-1|7|0

2022-07-05 15:43:10,034 INFO Task worker status: 
naming_0%8, pending tasks: 0
naming_1%8, pending tasks: 0
naming_2%8, pending tasks: 0
naming_3%8, pending tasks: 0
naming_4%8, pending tasks: 0
naming_5%8, pending tasks: 0
naming_6%8, pending tasks: 0
naming_7%8, pending tasks: 0


2022-07-05 15:43:10,034 INFO DISTRO:|0|0|0|0|0|

2022-07-05 15:44:10,048 INFO PERFORMANCE:|serviceCount|ipCount|subscribeCount|maxPushCost|avgPushCost|totalPushCount|failPushCount

2022-07-05 15:44:10,048 INFO DISTRO:|V1SyncDone|V1SyncFail|V2SyncDone|V2SyncFail|V2VerifyFail|

2022-07-05 15:44:10,048 INFO PERFORMANCE:|1|2|2|-1|-1|7|0

2022-07-05 15:44:10,048 INFO Task worker status: 
naming_0%8, pending tasks: 0
naming_1%8, pending tasks: 0
naming_2%8, pending tasks: 0
naming_3%8, pending tasks: 0
naming_4%8, pending tasks: 0
naming_5%8, pending tasks: 0
naming_6%8, pending tasks: 0
naming_7%8, pending tasks: 0


2022-07-05 15:44:10,048 INFO DISTRO:|0|0|0|0|0|

2022-07-05 15:45:10,056 INFO PERFORMANCE:|1|2|2|-1|-1|7|0

2022-07-05 15:45:10,056 INFO Task worker status: 
naming_0%8, pending tasks: 0
naming_1%8, pending tasks: 0
naming_2%8, pending tasks: 0
naming_3%8, pending tasks: 0
naming_4%8, pending tasks: 0
naming_5%8, pending tasks: 0
naming_6%8, pending tasks: 0
naming_7%8, pending tasks: 0


2022-07-05 15:45:10,056 INFO DISTRO:|0|0|0|0|0|

2022-07-05 15:46:10,067 INFO PERFORMANCE:|1|2|2|-1|-1|7|0

2022-07-05 15:46:10,067 INFO Task worker status: 
naming_0%8, pending tasks: 0
naming_1%8, pending tasks: 0
naming_2%8, pending tasks: 0
naming_3%8, pending tasks: 0
naming_4%8, pending tasks: 0
naming_5%8, pending tasks: 0
naming_6%8, pending tasks: 0
naming_7%8, pending tasks: 0


2022-07-05 15:46:10,067 INFO DISTRO:|0|0|0|0|0|

2022-07-05 15:47:10,082 INFO PERFORMANCE:|1|2|2|-1|-1|7|0

2022-07-05 15:47:10,082 INFO Task worker status: 
naming_0%8, pending tasks: 0
naming_1%8, pending tasks: 0
naming_2%8, pending tasks: 0
naming_3%8, pending tasks: 0
naming_4%8, pending tasks: 0
naming_5%8, pending tasks: 0
naming_6%8, pending tasks: 0
naming_7%8, pending tasks: 0


2022-07-05 15:47:10,082 INFO DISTRO:|0|0|0|0|0|

2022-07-05 15:48:10,088 INFO PERFORMANCE:|1|2|2|-1|-1|7|0

2022-07-05 15:48:10,088 INFO Task worker status: 
naming_0%8, pending tasks: 0
naming_1%8, pending tasks: 0
naming_2%8, pending tasks: 0
naming_3%8, pending tasks: 0
naming_4%8, pending tasks: 0
naming_5%8, pending tasks: 0
naming_6%8, pending tasks: 0
naming_7%8, pending tasks: 0


2022-07-05 15:48:10,088 INFO DISTRO:|0|0|0|0|0|

2022-07-05 15:49:10,097 INFO PERFORMANCE:|1|2|2|-1|-1|7|0

2022-07-05 15:49:10,097 INFO Task worker status: 
naming_0%8, pending tasks: 0
naming_1%8, pending tasks: 0
naming_2%8, pending tasks: 0
naming_3%8, pending tasks: 0
naming_4%8, pending tasks: 0
naming_5%8, pending tasks: 0
naming_6%8, pending tasks: 0
naming_7%8, pending tasks: 0


2022-07-05 15:49:10,097 INFO DISTRO:|0|0|0|0|0|

2022-07-05 15:50:10,106 INFO PERFORMANCE:|2|3|3|611|588|9|0

2022-07-05 15:50:10,106 INFO Task worker status: 
naming_0%8, pending tasks: 0
naming_1%8, pending tasks: 0
naming_2%8, pending tasks: 0
naming_3%8, pending tasks: 0
naming_4%8, pending tasks: 0
naming_5%8, pending tasks: 0
naming_6%8, pending tasks: 0
naming_7%8, pending tasks: 0


2022-07-05 15:50:10,106 INFO DISTRO:|0|0|0|0|0|

2022-07-05 15:51:10,111 INFO PERFORMANCE:|2|3|3|-1|-1|9|0

2022-07-05 15:51:10,111 INFO Task worker status: 
naming_0%8, pending tasks: 0
naming_1%8, pending tasks: 0
naming_2%8, pending tasks: 0
naming_3%8, pending tasks: 0
naming_4%8, pending tasks: 0
naming_5%8, pending tasks: 0
naming_6%8, pending tasks: 0
naming_7%8, pending tasks: 0


2022-07-05 15:51:10,111 INFO DISTRO:|0|0|0|0|0|

2022-07-05 15:52:10,125 INFO PERFORMANCE:|2|3|3|-1|-1|9|0

2022-07-05 15:52:10,125 INFO Task worker status: 
naming_0%8, pending tasks: 0
naming_1%8, pending tasks: 0
naming_2%8, pending tasks: 0
naming_3%8, pending tasks: 0
naming_4%8, pending tasks: 0
naming_5%8, pending tasks: 0
naming_6%8, pending tasks: 0
naming_7%8, pending tasks: 0


2022-07-05 15:52:10,125 INFO DISTRO:|0|0|0|0|0|

2022-07-05 15:53:10,135 INFO PERFORMANCE:|2|3|4|595|595|10|0

2022-07-05 15:53:10,135 INFO Task worker status: 
naming_0%8, pending tasks: 0
naming_1%8, pending tasks: 0
naming_2%8, pending tasks: 0
naming_3%8, pending tasks: 0
naming_4%8, pending tasks: 0
naming_5%8, pending tasks: 0
naming_6%8, pending tasks: 0
naming_7%8, pending tasks: 0


2022-07-05 15:53:10,135 INFO DISTRO:|0|0|0|0|0|

2022-07-05 15:54:10,147 INFO PERFORMANCE:|serviceCount|ipCount|subscribeCount|maxPushCost|avgPushCost|totalPushCount|failPushCount

2022-07-05 15:54:10,147 INFO DISTRO:|V1SyncDone|V1SyncFail|V2SyncDone|V2SyncFail|V2VerifyFail|

2022-07-05 15:54:10,147 INFO PERFORMANCE:|2|3|4|-1|-1|10|0

2022-07-05 15:54:10,147 INFO Task worker status: 
naming_0%8, pending tasks: 0
naming_1%8, pending tasks: 0
naming_2%8, pending tasks: 0
naming_3%8, pending tasks: 0
naming_4%8, pending tasks: 0
naming_5%8, pending tasks: 0
naming_6%8, pending tasks: 0
naming_7%8, pending tasks: 0


2022-07-05 15:54:10,147 INFO DISTRO:|0|0|0|0|0|

2022-07-05 15:55:10,162 INFO PERFORMANCE:|2|0|0|-1|-1|10|0

2022-07-05 15:55:10,162 INFO Task worker status: 
naming_0%8, pending tasks: 0
naming_1%8, pending tasks: 0
naming_2%8, pending tasks: 0
naming_3%8, pending tasks: 0
naming_4%8, pending tasks: 0
naming_5%8, pending tasks: 0
naming_6%8, pending tasks: 0
naming_7%8, pending tasks: 0


2022-07-05 15:55:10,162 INFO DISTRO:|0|0|0|0|0|

2022-07-05 15:56:10,171 INFO PERFORMANCE:|2|3|4|611|571|16|0

2022-07-05 15:56:10,171 INFO Task worker status: 
naming_0%8, pending tasks: 0
naming_1%8, pending tasks: 0
naming_2%8, pending tasks: 0
naming_3%8, pending tasks: 0
naming_4%8, pending tasks: 0
naming_5%8, pending tasks: 0
naming_6%8, pending tasks: 0
naming_7%8, pending tasks: 0


2022-07-05 15:56:10,171 INFO DISTRO:|0|0|0|0|0|

2022-07-05 15:57:10,175 INFO PERFORMANCE:|2|3|4|-1|-1|16|0

2022-07-05 15:57:10,175 INFO Task worker status: 
naming_0%8, pending tasks: 0
naming_1%8, pending tasks: 0
naming_2%8, pending tasks: 0
naming_3%8, pending tasks: 0
naming_4%8, pending tasks: 0
naming_5%8, pending tasks: 0
naming_6%8, pending tasks: 0
naming_7%8, pending tasks: 0


2022-07-05 15:57:10,175 INFO DISTRO:|0|0|0|0|0|

2022-07-05 15:58:10,176 INFO PERFORMANCE:|2|2|2|-1|-1|16|0

2022-07-05 15:58:10,176 INFO Task worker status: 
naming_0%8, pending tasks: 0
naming_1%8, pending tasks: 0
naming_2%8, pending tasks: 0
naming_3%8, pending tasks: 0
naming_4%8, pending tasks: 0
naming_5%8, pending tasks: 0
naming_6%8, pending tasks: 0
naming_7%8, pending tasks: 0


2022-07-05 15:58:10,176 INFO DISTRO:|0|0|0|0|0|

2022-07-05 15:59:10,179 INFO PERFORMANCE:|2|3|4|612|577|19|0

2022-07-05 15:59:10,179 INFO Task worker status: 
naming_0%8, pending tasks: 0
naming_1%8, pending tasks: 0
naming_2%8, pending tasks: 0
naming_3%8, pending tasks: 0
naming_4%8, pending tasks: 0
naming_5%8, pending tasks: 0
naming_6%8, pending tasks: 0
naming_7%8, pending tasks: 0


2022-07-05 15:59:10,179 INFO DISTRO:|0|0|0|0|0|

2022-07-05 16:00:10,180 INFO PERFORMANCE:|2|3|4|-1|-1|19|0

2022-07-05 16:00:10,180 INFO Task worker status: 
naming_0%8, pending tasks: 0
naming_1%8, pending tasks: 0
naming_2%8, pending tasks: 0
naming_3%8, pending tasks: 0
naming_4%8, pending tasks: 0
naming_5%8, pending tasks: 0
naming_6%8, pending tasks: 0
naming_7%8, pending tasks: 0


2022-07-05 16:00:10,180 INFO DISTRO:|0|0|0|0|0|

2022-07-05 16:01:10,191 INFO PERFORMANCE:|2|3|4|-1|-1|19|0

2022-07-05 16:01:10,191 INFO Task worker status: 
naming_0%8, pending tasks: 0
naming_1%8, pending tasks: 0
naming_2%8, pending tasks: 0
naming_3%8, pending tasks: 0
naming_4%8, pending tasks: 0
naming_5%8, pending tasks: 0
naming_6%8, pending tasks: 0
naming_7%8, pending tasks: 0


2022-07-05 16:01:10,191 INFO DISTRO:|0|0|0|0|0|

2022-07-05 16:02:10,200 INFO PERFORMANCE:|2|0|0|-1|-1|19|0

2022-07-05 16:02:10,200 INFO Task worker status: 
naming_0%8, pending tasks: 0
naming_1%8, pending tasks: 0
naming_2%8, pending tasks: 0
naming_3%8, pending tasks: 0
naming_4%8, pending tasks: 0
naming_5%8, pending tasks: 0
naming_6%8, pending tasks: 0
naming_7%8, pending tasks: 0


2022-07-05 16:02:10,200 INFO DISTRO:|0|0|0|0|0|

2022-07-05 16:03:10,201 INFO PERFORMANCE:|2|1|2|617|617|20|0

2022-07-05 16:03:10,201 INFO Task worker status: 
naming_0%8, pending tasks: 0
naming_1%8, pending tasks: 0
naming_2%8, pending tasks: 0
naming_3%8, pending tasks: 0
naming_4%8, pending tasks: 0
naming_5%8, pending tasks: 0
naming_6%8, pending tasks: 0
naming_7%8, pending tasks: 0


2022-07-05 16:03:10,201 INFO DISTRO:|0|0|0|0|0|

2022-07-05 16:04:10,216 INFO PERFORMANCE:|serviceCount|ipCount|subscribeCount|maxPushCost|avgPushCost|totalPushCount|failPushCount

2022-07-05 16:04:10,216 INFO DISTRO:|V1SyncDone|V1SyncFail|V2SyncDone|V2SyncFail|V2VerifyFail|

2022-07-05 16:04:10,216 INFO PERFORMANCE:|2|3|4|1364|937|26|0

2022-07-05 16:04:10,216 INFO Task worker status: 
naming_0%8, pending tasks: 0
naming_1%8, pending tasks: 0
naming_2%8, pending tasks: 0
naming_3%8, pending tasks: 0
naming_4%8, pending tasks: 0
naming_5%8, pending tasks: 0
naming_6%8, pending tasks: 0
naming_7%8, pending tasks: 0


2022-07-05 16:04:10,216 INFO DISTRO:|0|0|0|0|0|

2022-07-05 16:05:10,225 INFO PERFORMANCE:|2|3|4|567|556|29|0

2022-07-05 16:05:10,225 INFO Task worker status: 
naming_0%8, pending tasks: 0
naming_1%8, pending tasks: 0
naming_2%8, pending tasks: 0
naming_3%8, pending tasks: 0
naming_4%8, pending tasks: 0
naming_5%8, pending tasks: 0
naming_6%8, pending tasks: 0
naming_7%8, pending tasks: 0


2022-07-05 16:05:10,225 INFO DISTRO:|0|0|0|0|0|

2022-07-05 16:06:10,237 INFO PERFORMANCE:|2|3|4|-1|-1|29|0

2022-07-05 16:06:10,237 INFO Task worker status: 
naming_0%8, pending tasks: 0
naming_1%8, pending tasks: 0
naming_2%8, pending tasks: 0
naming_3%8, pending tasks: 0
naming_4%8, pending tasks: 0
naming_5%8, pending tasks: 0
naming_6%8, pending tasks: 0
naming_7%8, pending tasks: 0


2022-07-05 16:06:10,237 INFO DISTRO:|0|0|0|0|0|

2022-07-05 16:07:10,238 INFO PERFORMANCE:|2|3|4|-1|-1|29|0

2022-07-05 16:07:10,238 INFO Task worker status: 
naming_0%8, pending tasks: 0
naming_1%8, pending tasks: 0
naming_2%8, pending tasks: 0
naming_3%8, pending tasks: 0
naming_4%8, pending tasks: 0
naming_5%8, pending tasks: 0
naming_6%8, pending tasks: 0
naming_7%8, pending tasks: 0


2022-07-05 16:07:10,238 INFO DISTRO:|0|0|0|0|0|

2022-07-05 16:08:10,242 INFO PERFORMANCE:|2|3|4|-1|-1|29|0

2022-07-05 16:08:10,242 INFO Task worker status: 
naming_0%8, pending tasks: 0
naming_1%8, pending tasks: 0
naming_2%8, pending tasks: 0
naming_3%8, pending tasks: 0
naming_4%8, pending tasks: 0
naming_5%8, pending tasks: 0
naming_6%8, pending tasks: 0
naming_7%8, pending tasks: 0


2022-07-05 16:08:10,242 INFO DISTRO:|0|0|0|0|0|

2022-07-05 16:09:10,249 INFO PERFORMANCE:|2|3|4|-1|-1|29|0

2022-07-05 16:09:10,249 INFO Task worker status: 
naming_0%8, pending tasks: 0
naming_1%8, pending tasks: 0
naming_2%8, pending tasks: 0
naming_3%8, pending tasks: 0
naming_4%8, pending tasks: 0
naming_5%8, pending tasks: 0
naming_6%8, pending tasks: 0
naming_7%8, pending tasks: 0


2022-07-05 16:09:10,249 INFO DISTRO:|0|0|0|0|0|

2022-07-05 16:10:10,262 INFO PERFORMANCE:|2|3|4|574|556|32|0

2022-07-05 16:10:10,262 INFO Task worker status: 
naming_0%8, pending tasks: 0
naming_1%8, pending tasks: 0
naming_2%8, pending tasks: 0
naming_3%8, pending tasks: 0
naming_4%8, pending tasks: 0
naming_5%8, pending tasks: 0
naming_6%8, pending tasks: 0
naming_7%8, pending tasks: 0


2022-07-05 16:10:10,262 INFO DISTRO:|0|0|0|0|0|

2022-07-05 16:11:10,272 INFO PERFORMANCE:|2|3|4|-1|-1|32|0

2022-07-05 16:11:10,272 INFO Task worker status: 
naming_0%8, pending tasks: 0
naming_1%8, pending tasks: 0
naming_2%8, pending tasks: 0
naming_3%8, pending tasks: 0
naming_4%8, pending tasks: 0
naming_5%8, pending tasks: 0
naming_6%8, pending tasks: 0
naming_7%8, pending tasks: 0


2022-07-05 16:11:10,272 INFO DISTRO:|0|0|0|0|0|

2022-07-05 16:12:10,279 INFO PERFORMANCE:|2|3|4|-1|-1|32|0

2022-07-05 16:12:10,279 INFO Task worker status: 
naming_0%8, pending tasks: 0
naming_1%8, pending tasks: 0
naming_2%8, pending tasks: 0
naming_3%8, pending tasks: 0
naming_4%8, pending tasks: 0
naming_5%8, pending tasks: 0
naming_6%8, pending tasks: 0
naming_7%8, pending tasks: 0


2022-07-05 16:12:10,279 INFO DISTRO:|0|0|0|0|0|

2022-07-05 16:13:10,290 INFO PERFORMANCE:|2|3|4|599|581|35|0

2022-07-05 16:13:10,290 INFO Task worker status: 
naming_0%8, pending tasks: 0
naming_1%8, pending tasks: 0
naming_2%8, pending tasks: 0
naming_3%8, pending tasks: 0
naming_4%8, pending tasks: 0
naming_5%8, pending tasks: 0
naming_6%8, pending tasks: 0
naming_7%8, pending tasks: 0


2022-07-05 16:13:10,290 INFO DISTRO:|0|0|0|0|0|

2022-07-05 16:14:10,296 INFO PERFORMANCE:|serviceCount|ipCount|subscribeCount|maxPushCost|avgPushCost|totalPushCount|failPushCount

2022-07-05 16:14:10,296 INFO DISTRO:|V1SyncDone|V1SyncFail|V2SyncDone|V2SyncFail|V2VerifyFail|

2022-07-05 16:14:10,296 INFO PERFORMANCE:|2|3|4|-1|-1|35|0

2022-07-05 16:14:10,296 INFO Task worker status: 
naming_0%8, pending tasks: 0
naming_1%8, pending tasks: 0
naming_2%8, pending tasks: 0
naming_3%8, pending tasks: 0
naming_4%8, pending tasks: 0
naming_5%8, pending tasks: 0
naming_6%8, pending tasks: 0
naming_7%8, pending tasks: 0


2022-07-05 16:14:10,296 INFO DISTRO:|0|0|0|0|0|

2022-07-05 16:15:10,298 INFO PERFORMANCE:|2|1|1|609|609|36|0

2022-07-05 16:15:10,298 INFO Task worker status: 
naming_0%8, pending tasks: 0
naming_1%8, pending tasks: 0
naming_2%8, pending tasks: 0
naming_3%8, pending tasks: 0
naming_4%8, pending tasks: 0
naming_5%8, pending tasks: 0
naming_6%8, pending tasks: 0
naming_7%8, pending tasks: 0


2022-07-05 16:15:10,298 INFO DISTRO:|0|0|0|0|0|

2022-07-05 16:16:10,312 INFO PERFORMANCE:|2|2|3|615|587|39|0

2022-07-05 16:16:10,312 INFO Task worker status: 
naming_0%8, pending tasks: 0
naming_1%8, pending tasks: 0
naming_2%8, pending tasks: 0
naming_3%8, pending tasks: 0
naming_4%8, pending tasks: 0
naming_5%8, pending tasks: 0
naming_6%8, pending tasks: 0
naming_7%8, pending tasks: 0


2022-07-05 16:16:10,312 INFO DISTRO:|0|0|0|0|0|

2022-07-05 16:17:10,325 INFO PERFORMANCE:|2|2|2|621|605|41|2

2022-07-05 16:17:10,325 INFO Task worker status: 
naming_0%8, pending tasks: 0
naming_1%8, pending tasks: 0
naming_2%8, pending tasks: 0
naming_3%8, pending tasks: 0
naming_4%8, pending tasks: 0
naming_5%8, pending tasks: 0
naming_6%8, pending tasks: 0
naming_7%8, pending tasks: 0


2022-07-05 16:17:10,325 INFO DISTRO:|0|0|0|0|0|

2022-07-05 16:18:10,334 INFO PERFORMANCE:|2|1|1|-1|-1|41|2

2022-07-05 16:18:10,334 INFO Task worker status: 
naming_0%8, pending tasks: 0
naming_1%8, pending tasks: 0
naming_2%8, pending tasks: 0
naming_3%8, pending tasks: 0
naming_4%8, pending tasks: 0
naming_5%8, pending tasks: 0
naming_6%8, pending tasks: 0
naming_7%8, pending tasks: 0


2022-07-05 16:18:10,334 INFO DISTRO:|0|0|0|0|0|

2022-07-05 16:19:10,344 INFO PERFORMANCE:|2|1|1|615|606|43|2

2022-07-05 16:19:10,344 INFO Task worker status: 
naming_0%8, pending tasks: 0
naming_1%8, pending tasks: 0
naming_2%8, pending tasks: 0
naming_3%8, pending tasks: 0
naming_4%8, pending tasks: 0
naming_5%8, pending tasks: 0
naming_6%8, pending tasks: 0
naming_7%8, pending tasks: 0


2022-07-05 16:19:10,344 INFO DISTRO:|0|0|0|0|0|

2022-07-05 16:20:10,355 INFO PERFORMANCE:|2|3|3|607|577|47|2

2022-07-05 16:20:10,355 INFO Task worker status: 
naming_0%8, pending tasks: 0
naming_1%8, pending tasks: 0
naming_2%8, pending tasks: 0
naming_3%8, pending tasks: 0
naming_4%8, pending tasks: 0
naming_5%8, pending tasks: 0
naming_6%8, pending tasks: 0
naming_7%8, pending tasks: 0


2022-07-05 16:20:10,355 INFO DISTRO:|0|0|0|0|0|

2022-07-05 16:21:10,361 INFO PERFORMANCE:|2|3|3|578|568|49|2

2022-07-05 16:21:10,361 INFO Task worker status: 
naming_0%8, pending tasks: 0
naming_1%8, pending tasks: 0
naming_2%8, pending tasks: 0
naming_3%8, pending tasks: 0
naming_4%8, pending tasks: 0
naming_5%8, pending tasks: 0
naming_6%8, pending tasks: 0
naming_7%8, pending tasks: 0


2022-07-05 16:21:10,361 INFO DISTRO:|0|0|0|0|0|

2022-07-05 16:22:10,372 INFO PERFORMANCE:|2|3|3|556|540|51|2

2022-07-05 16:22:10,372 INFO Task worker status: 
naming_0%8, pending tasks: 0
naming_1%8, pending tasks: 0
naming_2%8, pending tasks: 0
naming_3%8, pending tasks: 0
naming_4%8, pending tasks: 0
naming_5%8, pending tasks: 0
naming_6%8, pending tasks: 0
naming_7%8, pending tasks: 0


2022-07-05 16:22:10,372 INFO DISTRO:|0|0|0|0|0|

2022-07-05 16:23:10,386 INFO PERFORMANCE:|2|3|3|-1|-1|51|2

2022-07-05 16:23:10,386 INFO Task worker status: 
naming_0%8, pending tasks: 0
naming_1%8, pending tasks: 0
naming_2%8, pending tasks: 0
naming_3%8, pending tasks: 0
naming_4%8, pending tasks: 0
naming_5%8, pending tasks: 0
naming_6%8, pending tasks: 0
naming_7%8, pending tasks: 0


2022-07-05 16:23:10,386 INFO DISTRO:|0|0|0|0|0|

2022-07-05 16:24:10,398 INFO PERFORMANCE:|serviceCount|ipCount|subscribeCount|maxPushCost|avgPushCost|totalPushCount|failPushCount

2022-07-05 16:24:10,398 INFO DISTRO:|V1SyncDone|V1SyncFail|V2SyncDone|V2SyncFail|V2VerifyFail|

2022-07-05 16:24:10,398 INFO PERFORMANCE:|2|3|3|-1|-1|51|2

2022-07-05 16:24:10,398 INFO Task worker status: 
naming_0%8, pending tasks: 0
naming_1%8, pending tasks: 0
naming_2%8, pending tasks: 0
naming_3%8, pending tasks: 0
naming_4%8, pending tasks: 0
naming_5%8, pending tasks: 0
naming_6%8, pending tasks: 0
naming_7%8, pending tasks: 0


2022-07-05 16:24:10,398 INFO DISTRO:|0|0|0|0|0|

2022-07-05 16:25:10,405 INFO PERFORMANCE:|2|3|3|-1|-1|51|2

2022-07-05 16:25:10,405 INFO Task worker status: 
naming_0%8, pending tasks: 0
naming_1%8, pending tasks: 0
naming_2%8, pending tasks: 0
naming_3%8, pending tasks: 0
naming_4%8, pending tasks: 0
naming_5%8, pending tasks: 0
naming_6%8, pending tasks: 0
naming_7%8, pending tasks: 0


2022-07-05 16:25:10,405 INFO DISTRO:|0|0|0|0|0|

2022-07-05 16:26:10,406 INFO PERFORMANCE:|2|2|2|-1|-1|51|2

2022-07-05 16:26:10,406 INFO Task worker status: 
naming_0%8, pending tasks: 0
naming_1%8, pending tasks: 0
naming_2%8, pending tasks: 0
naming_3%8, pending tasks: 0
naming_4%8, pending tasks: 0
naming_5%8, pending tasks: 0
naming_6%8, pending tasks: 0
naming_7%8, pending tasks: 0


2022-07-05 16:26:10,406 INFO DISTRO:|0|0|0|0|0|

2022-07-05 16:27:10,416 INFO PERFORMANCE:|2|3|3|602|558|56|2

2022-07-05 16:27:10,416 INFO Task worker status: 
naming_0%8, pending tasks: 0
naming_1%8, pending tasks: 0
naming_2%8, pending tasks: 0
naming_3%8, pending tasks: 0
naming_4%8, pending tasks: 0
naming_5%8, pending tasks: 0
naming_6%8, pending tasks: 0
naming_7%8, pending tasks: 0


2022-07-05 16:27:10,416 INFO DISTRO:|0|0|0|0|0|

2022-07-05 16:28:10,424 INFO PERFORMANCE:|2|3|4|561|561|57|2

2022-07-05 16:28:10,424 INFO Task worker status: 
naming_0%8, pending tasks: 0
naming_1%8, pending tasks: 0
naming_2%8, pending tasks: 0
naming_3%8, pending tasks: 0
naming_4%8, pending tasks: 0
naming_5%8, pending tasks: 0
naming_6%8, pending tasks: 0
naming_7%8, pending tasks: 0


2022-07-05 16:28:10,424 INFO DISTRO:|0|0|0|0|0|

2022-07-05 16:29:10,426 INFO PERFORMANCE:|2|3|4|-1|-1|57|2

2022-07-05 16:29:10,426 INFO Task worker status: 
naming_0%8, pending tasks: 0
naming_1%8, pending tasks: 0
naming_2%8, pending tasks: 0
naming_3%8, pending tasks: 0
naming_4%8, pending tasks: 0
naming_5%8, pending tasks: 0
naming_6%8, pending tasks: 0
naming_7%8, pending tasks: 0


2022-07-05 16:29:10,426 INFO DISTRO:|0|0|0|0|0|

2022-07-05 16:30:10,428 INFO PERFORMANCE:|2|3|4|-1|-1|57|2

2022-07-05 16:30:10,428 INFO Task worker status: 
naming_0%8, pending tasks: 0
naming_1%8, pending tasks: 0
naming_2%8, pending tasks: 0
naming_3%8, pending tasks: 0
naming_4%8, pending tasks: 0
naming_5%8, pending tasks: 0
naming_6%8, pending tasks: 0
naming_7%8, pending tasks: 0


2022-07-05 16:30:10,428 INFO DISTRO:|0|0|0|0|0|

2022-07-05 16:31:10,430 INFO PERFORMANCE:|2|0|0|-1|-1|57|2

2022-07-05 16:31:10,430 INFO Task worker status: 
naming_0%8, pending tasks: 0
naming_1%8, pending tasks: 0
naming_2%8, pending tasks: 0
naming_3%8, pending tasks: 0
naming_4%8, pending tasks: 0
naming_5%8, pending tasks: 0
naming_6%8, pending tasks: 0
naming_7%8, pending tasks: 0


2022-07-05 16:31:10,430 INFO DISTRO:|0|0|0|0|0|

2022-07-05 16:32:10,438 INFO PERFORMANCE:|2|0|0|-1|-1|57|2

2022-07-05 16:32:10,438 INFO Task worker status: 
naming_0%8, pending tasks: 0
naming_1%8, pending tasks: 0
naming_2%8, pending tasks: 0
naming_3%8, pending tasks: 0
naming_4%8, pending tasks: 0
naming_5%8, pending tasks: 0
naming_6%8, pending tasks: 0
naming_7%8, pending tasks: 0


2022-07-05 16:32:10,438 INFO DISTRO:|0|0|0|0|0|

2022-07-05 16:33:10,449 INFO PERFORMANCE:|0|0|0|-1|-1|57|2

2022-07-05 16:33:10,449 INFO Task worker status: 
naming_0%8, pending tasks: 0
naming_1%8, pending tasks: 0
naming_2%8, pending tasks: 0
naming_3%8, pending tasks: 0
naming_4%8, pending tasks: 0
naming_5%8, pending tasks: 0
naming_6%8, pending tasks: 0
naming_7%8, pending tasks: 0


2022-07-05 16:33:10,449 INFO DISTRO:|0|0|0|0|0|

2022-07-05 16:34:10,461 INFO PERFORMANCE:|serviceCount|ipCount|subscribeCount|maxPushCost|avgPushCost|totalPushCount|failPushCount

2022-07-05 16:34:10,461 INFO DISTRO:|V1SyncDone|V1SyncFail|V2SyncDone|V2SyncFail|V2VerifyFail|

2022-07-05 16:34:10,461 INFO PERFORMANCE:|0|0|0|-1|-1|57|2

2022-07-05 16:34:10,461 INFO Task worker status: 
naming_0%8, pending tasks: 0
naming_1%8, pending tasks: 0
naming_2%8, pending tasks: 0
naming_3%8, pending tasks: 0
naming_4%8, pending tasks: 0
naming_5%8, pending tasks: 0
naming_6%8, pending tasks: 0
naming_7%8, pending tasks: 0


2022-07-05 16:34:10,461 INFO DISTRO:|0|0|0|0|0|

2022-07-05 16:35:10,473 INFO PERFORMANCE:|0|0|0|-1|-1|57|2

2022-07-05 16:35:10,473 INFO Task worker status: 
naming_0%8, pending tasks: 0
naming_1%8, pending tasks: 0
naming_2%8, pending tasks: 0
naming_3%8, pending tasks: 0
naming_4%8, pending tasks: 0
naming_5%8, pending tasks: 0
naming_6%8, pending tasks: 0
naming_7%8, pending tasks: 0


2022-07-05 16:35:10,473 INFO DISTRO:|0|0|0|0|0|

2022-07-05 16:36:10,479 INFO PERFORMANCE:|0|0|0|-1|-1|57|2

2022-07-05 16:36:10,479 INFO Task worker status: 
naming_0%8, pending tasks: 0
naming_1%8, pending tasks: 0
naming_2%8, pending tasks: 0
naming_3%8, pending tasks: 0
naming_4%8, pending tasks: 0
naming_5%8, pending tasks: 0
naming_6%8, pending tasks: 0
naming_7%8, pending tasks: 0


2022-07-05 16:36:10,479 INFO DISTRO:|0|0|0|0|0|

2022-07-05 16:37:10,492 INFO PERFORMANCE:|0|0|0|-1|-1|57|2

2022-07-05 16:37:10,492 INFO Task worker status: 
naming_0%8, pending tasks: 0
naming_1%8, pending tasks: 0
naming_2%8, pending tasks: 0
naming_3%8, pending tasks: 0
naming_4%8, pending tasks: 0
naming_5%8, pending tasks: 0
naming_6%8, pending tasks: 0
naming_7%8, pending tasks: 0


2022-07-05 16:37:10,492 INFO DISTRO:|0|0|0|0|0|

2022-07-05 16:38:10,498 INFO PERFORMANCE:|0|0|0|-1|-1|57|2

2022-07-05 16:38:10,498 INFO Task worker status: 
naming_0%8, pending tasks: 0
naming_1%8, pending tasks: 0
naming_2%8, pending tasks: 0
naming_3%8, pending tasks: 0
naming_4%8, pending tasks: 0
naming_5%8, pending tasks: 0
naming_6%8, pending tasks: 0
naming_7%8, pending tasks: 0


2022-07-05 16:38:10,498 INFO DISTRO:|0|0|0|0|0|

2022-07-05 16:39:10,507 INFO PERFORMANCE:|0|0|0|-1|-1|57|2

2022-07-05 16:39:10,507 INFO Task worker status: 
naming_0%8, pending tasks: 0
naming_1%8, pending tasks: 0
naming_2%8, pending tasks: 0
naming_3%8, pending tasks: 0
naming_4%8, pending tasks: 0
naming_5%8, pending tasks: 0
naming_6%8, pending tasks: 0
naming_7%8, pending tasks: 0


2022-07-05 16:39:10,507 INFO DISTRO:|0|0|0|0|0|

2022-07-05 16:40:10,511 INFO PERFORMANCE:|0|0|0|-1|-1|57|2

2022-07-05 16:40:10,511 INFO Task worker status: 
naming_0%8, pending tasks: 0
naming_1%8, pending tasks: 0
naming_2%8, pending tasks: 0
naming_3%8, pending tasks: 0
naming_4%8, pending tasks: 0
naming_5%8, pending tasks: 0
naming_6%8, pending tasks: 0
naming_7%8, pending tasks: 0


2022-07-05 16:40:10,511 INFO DISTRO:|0|0|0|0|0|

2022-07-05 16:41:10,520 INFO PERFORMANCE:|0|0|0|-1|-1|57|2

2022-07-05 16:41:10,520 INFO Task worker status: 
naming_0%8, pending tasks: 0
naming_1%8, pending tasks: 0
naming_2%8, pending tasks: 0
naming_3%8, pending tasks: 0
naming_4%8, pending tasks: 0
naming_5%8, pending tasks: 0
naming_6%8, pending tasks: 0
naming_7%8, pending tasks: 0


2022-07-05 16:41:10,520 INFO DISTRO:|0|0|0|0|0|

2022-07-05 16:42:10,520 INFO PERFORMANCE:|0|0|0|-1|-1|57|2

2022-07-05 16:42:10,520 INFO Task worker status: 
naming_0%8, pending tasks: 0
naming_1%8, pending tasks: 0
naming_2%8, pending tasks: 0
naming_3%8, pending tasks: 0
naming_4%8, pending tasks: 0
naming_5%8, pending tasks: 0
naming_6%8, pending tasks: 0
naming_7%8, pending tasks: 0


2022-07-05 16:42:10,520 INFO DISTRO:|0|0|0|0|0|

2022-07-05 16:43:10,533 INFO PERFORMANCE:|0|0|0|-1|-1|57|2

2022-07-05 16:43:10,533 INFO Task worker status: 
naming_0%8, pending tasks: 0
naming_1%8, pending tasks: 0
naming_2%8, pending tasks: 0
naming_3%8, pending tasks: 0
naming_4%8, pending tasks: 0
naming_5%8, pending tasks: 0
naming_6%8, pending tasks: 0
naming_7%8, pending tasks: 0


2022-07-05 16:43:10,533 INFO DISTRO:|0|0|0|0|0|

2022-07-05 16:44:10,547 INFO PERFORMANCE:|serviceCount|ipCount|subscribeCount|maxPushCost|avgPushCost|totalPushCount|failPushCount

2022-07-05 16:44:10,547 INFO DISTRO:|V1SyncDone|V1SyncFail|V2SyncDone|V2SyncFail|V2VerifyFail|

2022-07-05 16:44:10,547 INFO PERFORMANCE:|0|0|0|-1|-1|57|2

2022-07-05 16:44:10,547 INFO Task worker status: 
naming_0%8, pending tasks: 0
naming_1%8, pending tasks: 0
naming_2%8, pending tasks: 0
naming_3%8, pending tasks: 0
naming_4%8, pending tasks: 0
naming_5%8, pending tasks: 0
naming_6%8, pending tasks: 0
naming_7%8, pending tasks: 0


2022-07-05 16:44:10,547 INFO DISTRO:|0|0|0|0|0|

2022-07-05 16:45:10,557 INFO PERFORMANCE:|0|0|0|-1|-1|57|2

2022-07-05 16:45:10,557 INFO Task worker status: 
naming_0%8, pending tasks: 0
naming_1%8, pending tasks: 0
naming_2%8, pending tasks: 0
naming_3%8, pending tasks: 0
naming_4%8, pending tasks: 0
naming_5%8, pending tasks: 0
naming_6%8, pending tasks: 0
naming_7%8, pending tasks: 0


2022-07-05 16:45:10,557 INFO DISTRO:|0|0|0|0|0|

2022-07-05 16:46:10,562 INFO PERFORMANCE:|0|0|0|-1|-1|57|2

2022-07-05 16:46:10,562 INFO Task worker status: 
naming_0%8, pending tasks: 0
naming_1%8, pending tasks: 0
naming_2%8, pending tasks: 0
naming_3%8, pending tasks: 0
naming_4%8, pending tasks: 0
naming_5%8, pending tasks: 0
naming_6%8, pending tasks: 0
naming_7%8, pending tasks: 0


2022-07-05 16:46:10,562 INFO DISTRO:|0|0|0|0|0|

2022-07-05 16:47:10,570 INFO PERFORMANCE:|0|0|0|-1|-1|57|2

2022-07-05 16:47:10,570 INFO Task worker status: 
naming_0%8, pending tasks: 0
naming_1%8, pending tasks: 0
naming_2%8, pending tasks: 0
naming_3%8, pending tasks: 0
naming_4%8, pending tasks: 0
naming_5%8, pending tasks: 0
naming_6%8, pending tasks: 0
naming_7%8, pending tasks: 0


2022-07-05 16:47:10,570 INFO DISTRO:|0|0|0|0|0|

2022-07-05 16:48:10,581 INFO PERFORMANCE:|0|0|0|-1|-1|57|2

2022-07-05 16:48:10,581 INFO Task worker status: 
naming_0%8, pending tasks: 0
naming_1%8, pending tasks: 0
naming_2%8, pending tasks: 0
naming_3%8, pending tasks: 0
naming_4%8, pending tasks: 0
naming_5%8, pending tasks: 0
naming_6%8, pending tasks: 0
naming_7%8, pending tasks: 0


2022-07-05 16:48:10,581 INFO DISTRO:|0|0|0|0|0|

2022-07-05 16:49:10,596 INFO PERFORMANCE:|0|0|0|-1|-1|57|2

2022-07-05 16:49:10,596 INFO Task worker status: 
naming_0%8, pending tasks: 0
naming_1%8, pending tasks: 0
naming_2%8, pending tasks: 0
naming_3%8, pending tasks: 0
naming_4%8, pending tasks: 0
naming_5%8, pending tasks: 0
naming_6%8, pending tasks: 0
naming_7%8, pending tasks: 0


2022-07-05 16:49:10,596 INFO DISTRO:|0|0|0|0|0|

2022-07-05 16:50:10,610 INFO PERFORMANCE:|0|0|0|-1|-1|57|2

2022-07-05 16:50:10,610 INFO Task worker status: 
naming_0%8, pending tasks: 0
naming_1%8, pending tasks: 0
naming_2%8, pending tasks: 0
naming_3%8, pending tasks: 0
naming_4%8, pending tasks: 0
naming_5%8, pending tasks: 0
naming_6%8, pending tasks: 0
naming_7%8, pending tasks: 0


2022-07-05 16:50:10,610 INFO DISTRO:|0|0|0|0|0|

2022-07-05 16:51:10,623 INFO PERFORMANCE:|0|0|0|-1|-1|57|2

2022-07-05 16:51:10,623 INFO Task worker status: 
naming_0%8, pending tasks: 0
naming_1%8, pending tasks: 0
naming_2%8, pending tasks: 0
naming_3%8, pending tasks: 0
naming_4%8, pending tasks: 0
naming_5%8, pending tasks: 0
naming_6%8, pending tasks: 0
naming_7%8, pending tasks: 0


2022-07-05 16:51:10,623 INFO DISTRO:|0|0|0|0|0|

2022-07-05 16:52:10,634 INFO PERFORMANCE:|0|0|0|-1|-1|57|2

2022-07-05 16:52:10,634 INFO Task worker status: 
naming_0%8, pending tasks: 0
naming_1%8, pending tasks: 0
naming_2%8, pending tasks: 0
naming_3%8, pending tasks: 0
naming_4%8, pending tasks: 0
naming_5%8, pending tasks: 0
naming_6%8, pending tasks: 0
naming_7%8, pending tasks: 0


2022-07-05 16:52:10,634 INFO DISTRO:|0|0|0|0|0|

2022-07-05 16:53:10,642 INFO PERFORMANCE:|0|0|0|-1|-1|57|2

2022-07-05 16:53:10,642 INFO Task worker status: 
naming_0%8, pending tasks: 0
naming_1%8, pending tasks: 0
naming_2%8, pending tasks: 0
naming_3%8, pending tasks: 0
naming_4%8, pending tasks: 0
naming_5%8, pending tasks: 0
naming_6%8, pending tasks: 0
naming_7%8, pending tasks: 0


2022-07-05 16:53:10,642 INFO DISTRO:|0|0|0|0|0|

2022-07-05 16:54:10,651 INFO PERFORMANCE:|serviceCount|ipCount|subscribeCount|maxPushCost|avgPushCost|totalPushCount|failPushCount

2022-07-05 16:54:10,651 INFO DISTRO:|V1SyncDone|V1SyncFail|V2SyncDone|V2SyncFail|V2VerifyFail|

2022-07-05 16:54:10,651 INFO PERFORMANCE:|0|0|0|-1|-1|57|2

2022-07-05 16:54:10,651 INFO Task worker status: 
naming_0%8, pending tasks: 0
naming_1%8, pending tasks: 0
naming_2%8, pending tasks: 0
naming_3%8, pending tasks: 0
naming_4%8, pending tasks: 0
naming_5%8, pending tasks: 0
naming_6%8, pending tasks: 0
naming_7%8, pending tasks: 0


2022-07-05 16:54:10,651 INFO DISTRO:|0|0|0|0|0|

2022-07-05 16:55:10,654 INFO PERFORMANCE:|0|0|0|-1|-1|57|2

2022-07-05 16:55:10,654 INFO Task worker status: 
naming_0%8, pending tasks: 0
naming_1%8, pending tasks: 0
naming_2%8, pending tasks: 0
naming_3%8, pending tasks: 0
naming_4%8, pending tasks: 0
naming_5%8, pending tasks: 0
naming_6%8, pending tasks: 0
naming_7%8, pending tasks: 0


2022-07-05 16:55:10,654 INFO DISTRO:|0|0|0|0|0|

2022-07-05 16:56:10,657 INFO PERFORMANCE:|0|0|0|-1|-1|57|2

2022-07-05 16:56:10,657 INFO Task worker status: 
naming_0%8, pending tasks: 0
naming_1%8, pending tasks: 0
naming_2%8, pending tasks: 0
naming_3%8, pending tasks: 0
naming_4%8, pending tasks: 0
naming_5%8, pending tasks: 0
naming_6%8, pending tasks: 0
naming_7%8, pending tasks: 0


2022-07-05 16:56:10,657 INFO DISTRO:|0|0|0|0|0|

2022-07-05 16:57:10,664 INFO PERFORMANCE:|0|0|0|-1|-1|57|2

2022-07-05 16:57:10,664 INFO Task worker status: 
naming_0%8, pending tasks: 0
naming_1%8, pending tasks: 0
naming_2%8, pending tasks: 0
naming_3%8, pending tasks: 0
naming_4%8, pending tasks: 0
naming_5%8, pending tasks: 0
naming_6%8, pending tasks: 0
naming_7%8, pending tasks: 0


2022-07-05 16:57:10,664 INFO DISTRO:|0|0|0|0|0|

2022-07-05 16:58:10,675 INFO PERFORMANCE:|0|0|0|-1|-1|57|2

2022-07-05 16:58:10,675 INFO Task worker status: 
naming_0%8, pending tasks: 0
naming_1%8, pending tasks: 0
naming_2%8, pending tasks: 0
naming_3%8, pending tasks: 0
naming_4%8, pending tasks: 0
naming_5%8, pending tasks: 0
naming_6%8, pending tasks: 0
naming_7%8, pending tasks: 0


2022-07-05 16:58:10,675 INFO DISTRO:|0|0|0|0|0|

2022-07-05 16:59:10,686 INFO PERFORMANCE:|0|0|0|-1|-1|57|2

2022-07-05 16:59:10,686 INFO Task worker status: 
naming_0%8, pending tasks: 0
naming_1%8, pending tasks: 0
naming_2%8, pending tasks: 0
naming_3%8, pending tasks: 0
naming_4%8, pending tasks: 0
naming_5%8, pending tasks: 0
naming_6%8, pending tasks: 0
naming_7%8, pending tasks: 0


2022-07-05 16:59:10,686 INFO DISTRO:|0|0|0|0|0|

2022-07-05 17:00:10,695 INFO PERFORMANCE:|0|0|0|-1|-1|57|2

2022-07-05 17:00:10,695 INFO Task worker status: 
naming_0%8, pending tasks: 0
naming_1%8, pending tasks: 0
naming_2%8, pending tasks: 0
naming_3%8, pending tasks: 0
naming_4%8, pending tasks: 0
naming_5%8, pending tasks: 0
naming_6%8, pending tasks: 0
naming_7%8, pending tasks: 0


2022-07-05 17:00:10,695 INFO DISTRO:|0|0|0|0|0|

2022-07-05 17:01:10,710 INFO PERFORMANCE:|0|0|0|-1|-1|57|2

2022-07-05 17:01:10,710 INFO Task worker status: 
naming_0%8, pending tasks: 0
naming_1%8, pending tasks: 0
naming_2%8, pending tasks: 0
naming_3%8, pending tasks: 0
naming_4%8, pending tasks: 0
naming_5%8, pending tasks: 0
naming_6%8, pending tasks: 0
naming_7%8, pending tasks: 0


2022-07-05 17:01:10,710 INFO DISTRO:|0|0|0|0|0|

2022-07-05 17:02:10,716 INFO PERFORMANCE:|0|0|0|-1|-1|57|2

2022-07-05 17:02:10,716 INFO Task worker status: 
naming_0%8, pending tasks: 0
naming_1%8, pending tasks: 0
naming_2%8, pending tasks: 0
naming_3%8, pending tasks: 0
naming_4%8, pending tasks: 0
naming_5%8, pending tasks: 0
naming_6%8, pending tasks: 0
naming_7%8, pending tasks: 0


2022-07-05 17:02:10,716 INFO DISTRO:|0|0|0|0|0|

2022-07-05 17:03:10,730 INFO PERFORMANCE:|0|0|0|-1|-1|57|2

2022-07-05 17:03:10,730 INFO Task worker status: 
naming_0%8, pending tasks: 0
naming_1%8, pending tasks: 0
naming_2%8, pending tasks: 0
naming_3%8, pending tasks: 0
naming_4%8, pending tasks: 0
naming_5%8, pending tasks: 0
naming_6%8, pending tasks: 0
naming_7%8, pending tasks: 0


2022-07-05 17:03:10,730 INFO DISTRO:|0|0|0|0|0|

2022-07-05 17:04:10,739 INFO PERFORMANCE:|serviceCount|ipCount|subscribeCount|maxPushCost|avgPushCost|totalPushCount|failPushCount

2022-07-05 17:04:10,739 INFO DISTRO:|V1SyncDone|V1SyncFail|V2SyncDone|V2SyncFail|V2VerifyFail|

2022-07-05 17:04:10,739 INFO PERFORMANCE:|1|2|3|619|583|61|2

2022-07-05 17:04:10,739 INFO Task worker status: 
naming_0%8, pending tasks: 0
naming_1%8, pending tasks: 0
naming_2%8, pending tasks: 0
naming_3%8, pending tasks: 0
naming_4%8, pending tasks: 0
naming_5%8, pending tasks: 0
naming_6%8, pending tasks: 0
naming_7%8, pending tasks: 0


2022-07-05 17:04:10,739 INFO DISTRO:|0|0|0|0|0|

2022-07-05 17:05:10,744 INFO PERFORMANCE:|2|3|4|600|587|63|2

2022-07-05 17:05:10,744 INFO Task worker status: 
naming_0%8, pending tasks: 0
naming_1%8, pending tasks: 0
naming_2%8, pending tasks: 0
naming_3%8, pending tasks: 0
naming_4%8, pending tasks: 0
naming_5%8, pending tasks: 0
naming_6%8, pending tasks: 0
naming_7%8, pending tasks: 0


2022-07-05 17:05:10,744 INFO DISTRO:|0|0|0|0|0|

2022-07-05 17:06:10,759 INFO PERFORMANCE:|2|3|4|-1|-1|63|2

2022-07-05 17:06:10,759 INFO Task worker status: 
naming_0%8, pending tasks: 0
naming_1%8, pending tasks: 0
naming_2%8, pending tasks: 0
naming_3%8, pending tasks: 0
naming_4%8, pending tasks: 0
naming_5%8, pending tasks: 0
naming_6%8, pending tasks: 0
naming_7%8, pending tasks: 0


2022-07-05 17:06:10,759 INFO DISTRO:|0|0|0|0|0|

2022-07-05 17:07:10,760 INFO PERFORMANCE:|2|3|4|-1|-1|63|2

2022-07-05 17:07:10,760 INFO Task worker status: 
naming_0%8, pending tasks: 0
naming_1%8, pending tasks: 0
naming_2%8, pending tasks: 0
naming_3%8, pending tasks: 0
naming_4%8, pending tasks: 0
naming_5%8, pending tasks: 0
naming_6%8, pending tasks: 0
naming_7%8, pending tasks: 0


2022-07-05 17:07:10,760 INFO DISTRO:|0|0|0|0|0|

2022-07-05 17:08:10,773 INFO PERFORMANCE:|2|3|4|-1|-1|63|2

2022-07-05 17:08:10,773 INFO Task worker status: 
naming_0%8, pending tasks: 0
naming_1%8, pending tasks: 0
naming_2%8, pending tasks: 0
naming_3%8, pending tasks: 0
naming_4%8, pending tasks: 0
naming_5%8, pending tasks: 0
naming_6%8, pending tasks: 0
naming_7%8, pending tasks: 0


2022-07-05 17:08:10,773 INFO DISTRO:|0|0|0|0|0|

2022-07-05 17:09:10,782 INFO PERFORMANCE:|2|3|4|-1|-1|63|2

2022-07-05 17:09:10,782 INFO Task worker status: 
naming_0%8, pending tasks: 0
naming_1%8, pending tasks: 0
naming_2%8, pending tasks: 0
naming_3%8, pending tasks: 0
naming_4%8, pending tasks: 0
naming_5%8, pending tasks: 0
naming_6%8, pending tasks: 0
naming_7%8, pending tasks: 0


2022-07-05 17:09:10,782 INFO DISTRO:|0|0|0|0|0|

2022-07-05 17:10:10,785 INFO PERFORMANCE:|2|3|4|-1|-1|63|2

2022-07-05 17:10:10,785 INFO Task worker status: 
naming_0%8, pending tasks: 0
naming_1%8, pending tasks: 0
naming_2%8, pending tasks: 0
naming_3%8, pending tasks: 0
naming_4%8, pending tasks: 0
naming_5%8, pending tasks: 0
naming_6%8, pending tasks: 0
naming_7%8, pending tasks: 0


2022-07-05 17:10:10,785 INFO DISTRO:|0|0|0|0|0|

2022-07-05 17:11:10,789 INFO PERFORMANCE:|2|3|4|-1|-1|63|2

2022-07-05 17:11:10,789 INFO Task worker status: 
naming_0%8, pending tasks: 0
naming_1%8, pending tasks: 0
naming_2%8, pending tasks: 0
naming_3%8, pending tasks: 0
naming_4%8, pending tasks: 0
naming_5%8, pending tasks: 0
naming_6%8, pending tasks: 0
naming_7%8, pending tasks: 0


2022-07-05 17:11:10,789 INFO DISTRO:|0|0|0|0|0|

2022-07-05 17:12:10,800 INFO PERFORMANCE:|2|3|4|-1|-1|63|2

2022-07-05 17:12:10,800 INFO Task worker status: 
naming_0%8, pending tasks: 0
naming_1%8, pending tasks: 0
naming_2%8, pending tasks: 0
naming_3%8, pending tasks: 0
naming_4%8, pending tasks: 0
naming_5%8, pending tasks: 0
naming_6%8, pending tasks: 0
naming_7%8, pending tasks: 0


2022-07-05 17:12:10,800 INFO DISTRO:|0|0|0|0|0|

2022-07-05 17:13:10,812 INFO PERFORMANCE:|2|3|4|-1|-1|63|2

2022-07-05 17:13:10,812 INFO Task worker status: 
naming_0%8, pending tasks: 0
naming_1%8, pending tasks: 0
naming_2%8, pending tasks: 0
naming_3%8, pending tasks: 0
naming_4%8, pending tasks: 0
naming_5%8, pending tasks: 0
naming_6%8, pending tasks: 0
naming_7%8, pending tasks: 0


2022-07-05 17:13:10,812 INFO DISTRO:|0|0|0|0|0|

2022-07-05 17:14:10,822 INFO PERFORMANCE:|serviceCount|ipCount|subscribeCount|maxPushCost|avgPushCost|totalPushCount|failPushCount

2022-07-05 17:14:10,822 INFO DISTRO:|V1SyncDone|V1SyncFail|V2SyncDone|V2SyncFail|V2VerifyFail|

2022-07-05 17:14:10,822 INFO PERFORMANCE:|2|3|4|-1|-1|63|2

2022-07-05 17:14:10,822 INFO Task worker status: 
naming_0%8, pending tasks: 0
naming_1%8, pending tasks: 0
naming_2%8, pending tasks: 0
naming_3%8, pending tasks: 0
naming_4%8, pending tasks: 0
naming_5%8, pending tasks: 0
naming_6%8, pending tasks: 0
naming_7%8, pending tasks: 0


2022-07-05 17:14:10,822 INFO DISTRO:|0|0|0|0|0|

2022-07-05 17:15:10,824 INFO PERFORMANCE:|2|3|4|-1|-1|63|2

2022-07-05 17:15:10,824 INFO Task worker status: 
naming_0%8, pending tasks: 0
naming_1%8, pending tasks: 0
naming_2%8, pending tasks: 0
naming_3%8, pending tasks: 0
naming_4%8, pending tasks: 0
naming_5%8, pending tasks: 0
naming_6%8, pending tasks: 0
naming_7%8, pending tasks: 0


2022-07-05 17:15:10,824 INFO DISTRO:|0|0|0|0|0|

2022-07-05 17:16:10,840 INFO PERFORMANCE:|2|3|4|-1|-1|63|2

2022-07-05 17:16:10,840 INFO Task worker status: 
naming_0%8, pending tasks: 0
naming_1%8, pending tasks: 0
naming_2%8, pending tasks: 0
naming_3%8, pending tasks: 0
naming_4%8, pending tasks: 0
naming_5%8, pending tasks: 0
naming_6%8, pending tasks: 0
naming_7%8, pending tasks: 0


2022-07-05 17:16:10,840 INFO DISTRO:|0|0|0|0|0|

2022-07-05 17:17:10,851 INFO PERFORMANCE:|2|3|4|-1|-1|63|2

2022-07-05 17:17:10,851 INFO Task worker status: 
naming_0%8, pending tasks: 0
naming_1%8, pending tasks: 0
naming_2%8, pending tasks: 0
naming_3%8, pending tasks: 0
naming_4%8, pending tasks: 0
naming_5%8, pending tasks: 0
naming_6%8, pending tasks: 0
naming_7%8, pending tasks: 0


2022-07-05 17:17:10,851 INFO DISTRO:|0|0|0|0|0|

2022-07-05 17:18:10,855 INFO PERFORMANCE:|2|3|4|-1|-1|63|2

2022-07-05 17:18:10,855 INFO Task worker status: 
naming_0%8, pending tasks: 0
naming_1%8, pending tasks: 0
naming_2%8, pending tasks: 0
naming_3%8, pending tasks: 0
naming_4%8, pending tasks: 0
naming_5%8, pending tasks: 0
naming_6%8, pending tasks: 0
naming_7%8, pending tasks: 0


2022-07-05 17:18:10,855 INFO DISTRO:|0|0|0|0|0|

2022-07-05 17:19:10,860 INFO PERFORMANCE:|2|3|4|-1|-1|63|2

2022-07-05 17:19:10,860 INFO Task worker status: 
naming_0%8, pending tasks: 0
naming_1%8, pending tasks: 0
naming_2%8, pending tasks: 0
naming_3%8, pending tasks: 0
naming_4%8, pending tasks: 0
naming_5%8, pending tasks: 0
naming_6%8, pending tasks: 0
naming_7%8, pending tasks: 0


2022-07-05 17:19:10,860 INFO DISTRO:|0|0|0|0|0|

2022-07-05 17:20:10,861 INFO PERFORMANCE:|2|3|4|-1|-1|63|2

2022-07-05 17:20:10,861 INFO Task worker status: 
naming_0%8, pending tasks: 0
naming_1%8, pending tasks: 0
naming_2%8, pending tasks: 0
naming_3%8, pending tasks: 0
naming_4%8, pending tasks: 0
naming_5%8, pending tasks: 0
naming_6%8, pending tasks: 0
naming_7%8, pending tasks: 0


2022-07-05 17:20:10,861 INFO DISTRO:|0|0|0|0|0|

2022-07-05 17:21:10,870 INFO PERFORMANCE:|2|3|4|-1|-1|63|2

2022-07-05 17:21:10,870 INFO Task worker status: 
naming_0%8, pending tasks: 0
naming_1%8, pending tasks: 0
naming_2%8, pending tasks: 0
naming_3%8, pending tasks: 0
naming_4%8, pending tasks: 0
naming_5%8, pending tasks: 0
naming_6%8, pending tasks: 0
naming_7%8, pending tasks: 0


2022-07-05 17:21:10,870 INFO DISTRO:|0|0|0|0|0|

2022-07-05 17:22:10,881 INFO PERFORMANCE:|2|3|4|-1|-1|63|2

2022-07-05 17:22:10,881 INFO Task worker status: 
naming_0%8, pending tasks: 0
naming_1%8, pending tasks: 0
naming_2%8, pending tasks: 0
naming_3%8, pending tasks: 0
naming_4%8, pending tasks: 0
naming_5%8, pending tasks: 0
naming_6%8, pending tasks: 0
naming_7%8, pending tasks: 0


2022-07-05 17:22:10,881 INFO DISTRO:|0|0|0|0|0|

2022-07-05 17:23:10,896 INFO PERFORMANCE:|2|3|4|-1|-1|63|2

2022-07-05 17:23:10,896 INFO Task worker status: 
naming_0%8, pending tasks: 0
naming_1%8, pending tasks: 0
naming_2%8, pending tasks: 0
naming_3%8, pending tasks: 0
naming_4%8, pending tasks: 0
naming_5%8, pending tasks: 0
naming_6%8, pending tasks: 0
naming_7%8, pending tasks: 0


2022-07-05 17:23:10,896 INFO DISTRO:|0|0|0|0|0|

2022-07-05 17:24:10,907 INFO PERFORMANCE:|serviceCount|ipCount|subscribeCount|maxPushCost|avgPushCost|totalPushCount|failPushCount

2022-07-05 17:24:10,907 INFO DISTRO:|V1SyncDone|V1SyncFail|V2SyncDone|V2SyncFail|V2VerifyFail|

2022-07-05 17:24:10,907 INFO PERFORMANCE:|2|3|4|-1|-1|63|2

2022-07-05 17:24:10,907 INFO Task worker status: 
naming_0%8, pending tasks: 0
naming_1%8, pending tasks: 0
naming_2%8, pending tasks: 0
naming_3%8, pending tasks: 0
naming_4%8, pending tasks: 0
naming_5%8, pending tasks: 0
naming_6%8, pending tasks: 0
naming_7%8, pending tasks: 0


2022-07-05 17:24:10,907 INFO DISTRO:|0|0|0|0|0|

2022-07-05 17:25:10,918 INFO PERFORMANCE:|2|3|4|-1|-1|63|2

2022-07-05 17:25:10,918 INFO Task worker status: 
naming_0%8, pending tasks: 0
naming_1%8, pending tasks: 0
naming_2%8, pending tasks: 0
naming_3%8, pending tasks: 0
naming_4%8, pending tasks: 0
naming_5%8, pending tasks: 0
naming_6%8, pending tasks: 0
naming_7%8, pending tasks: 0


2022-07-05 17:25:10,918 INFO DISTRO:|0|0|0|0|0|

2022-07-05 17:26:10,922 INFO PERFORMANCE:|2|3|4|-1|-1|63|2

2022-07-05 17:26:10,922 INFO Task worker status: 
naming_0%8, pending tasks: 0
naming_1%8, pending tasks: 0
naming_2%8, pending tasks: 0
naming_3%8, pending tasks: 0
naming_4%8, pending tasks: 0
naming_5%8, pending tasks: 0
naming_6%8, pending tasks: 0
naming_7%8, pending tasks: 0


2022-07-05 17:26:10,922 INFO DISTRO:|0|0|0|0|0|

2022-07-05 17:27:10,934 INFO PERFORMANCE:|2|0|0|-1|-1|63|2

2022-07-05 17:27:10,934 INFO Task worker status: 
naming_0%8, pending tasks: 0
naming_1%8, pending tasks: 0
naming_2%8, pending tasks: 0
naming_3%8, pending tasks: 0
naming_4%8, pending tasks: 0
naming_5%8, pending tasks: 0
naming_6%8, pending tasks: 0
naming_7%8, pending tasks: 0


2022-07-05 17:27:10,935 INFO DISTRO:|0|0|0|0|0|

2022-07-05 17:28:10,948 INFO PERFORMANCE:|3|0|0|557|555|65|2

2022-07-05 17:28:10,948 INFO Task worker status: 
naming_0%8, pending tasks: 0
naming_1%8, pending tasks: 0
naming_2%8, pending tasks: 0
naming_3%8, pending tasks: 0
naming_4%8, pending tasks: 0
naming_5%8, pending tasks: 0
naming_6%8, pending tasks: 0
naming_7%8, pending tasks: 0


2022-07-05 17:28:10,948 INFO DISTRO:|0|0|0|0|0|

2022-07-05 17:29:10,950 INFO PERFORMANCE:|1|0|0|664|596|67|2

2022-07-05 17:29:10,950 INFO Task worker status: 
naming_0%8, pending tasks: 0
naming_1%8, pending tasks: 0
naming_2%8, pending tasks: 0
naming_3%8, pending tasks: 0
naming_4%8, pending tasks: 0
naming_5%8, pending tasks: 0
naming_6%8, pending tasks: 0
naming_7%8, pending tasks: 0


2022-07-05 17:29:10,950 INFO DISTRO:|0|0|0|0|0|

2022-07-05 17:30:10,964 INFO PERFORMANCE:|1|0|0|-1|-1|67|2

2022-07-05 17:30:10,964 INFO Task worker status: 
naming_0%8, pending tasks: 0
naming_1%8, pending tasks: 0
naming_2%8, pending tasks: 0
naming_3%8, pending tasks: 0
naming_4%8, pending tasks: 0
naming_5%8, pending tasks: 0
naming_6%8, pending tasks: 0
naming_7%8, pending tasks: 0


2022-07-05 17:30:10,964 INFO DISTRO:|0|0|0|0|0|

2022-07-05 17:31:10,969 INFO PERFORMANCE:|0|0|0|-1|-1|67|2

2022-07-05 17:31:10,969 INFO Task worker status: 
naming_0%8, pending tasks: 0
naming_1%8, pending tasks: 0
naming_2%8, pending tasks: 0
naming_3%8, pending tasks: 0
naming_4%8, pending tasks: 0
naming_5%8, pending tasks: 0
naming_6%8, pending tasks: 0
naming_7%8, pending tasks: 0


2022-07-05 17:31:10,969 INFO DISTRO:|0|0|0|0|0|

2022-07-05 17:32:10,970 INFO PERFORMANCE:|1|0|0|547|544|69|2

2022-07-05 17:32:10,970 INFO Task worker status: 
naming_0%8, pending tasks: 0
naming_1%8, pending tasks: 0
naming_2%8, pending tasks: 0
naming_3%8, pending tasks: 0
naming_4%8, pending tasks: 0
naming_5%8, pending tasks: 0
naming_6%8, pending tasks: 0
naming_7%8, pending tasks: 0


2022-07-05 17:32:10,970 INFO DISTRO:|0|0|0|0|0|

2022-07-05 17:33:10,972 INFO PERFORMANCE:|1|0|0|-1|-1|69|2

2022-07-05 17:33:10,972 INFO Task worker status: 
naming_0%8, pending tasks: 0
naming_1%8, pending tasks: 0
naming_2%8, pending tasks: 0
naming_3%8, pending tasks: 0
naming_4%8, pending tasks: 0
naming_5%8, pending tasks: 0
naming_6%8, pending tasks: 0
naming_7%8, pending tasks: 0


2022-07-05 17:33:10,972 INFO DISTRO:|0|0|0|0|0|

2022-07-05 17:34:10,976 INFO PERFORMANCE:|serviceCount|ipCount|subscribeCount|maxPushCost|avgPushCost|totalPushCount|failPushCount

2022-07-05 17:34:10,976 INFO DISTRO:|V1SyncDone|V1SyncFail|V2SyncDone|V2SyncFail|V2VerifyFail|

2022-07-05 17:34:10,976 INFO PERFORMANCE:|1|0|0|612|607|71|2

2022-07-05 17:34:10,976 INFO Task worker status: 
naming_0%8, pending tasks: 0
naming_1%8, pending tasks: 0
naming_2%8, pending tasks: 0
naming_3%8, pending tasks: 0
naming_4%8, pending tasks: 0
naming_5%8, pending tasks: 0
naming_6%8, pending tasks: 0
naming_7%8, pending tasks: 0


2022-07-05 17:34:10,976 INFO DISTRO:|0|0|0|0|0|

2022-07-05 17:35:10,990 INFO PERFORMANCE:|1|0|0|583|561|73|2

2022-07-05 17:35:10,990 INFO Task worker status: 
naming_0%8, pending tasks: 0
naming_1%8, pending tasks: 0
naming_2%8, pending tasks: 0
naming_3%8, pending tasks: 0
naming_4%8, pending tasks: 0
naming_5%8, pending tasks: 0
naming_6%8, pending tasks: 0
naming_7%8, pending tasks: 0


2022-07-05 17:35:10,993 INFO DISTRO:|0|0|0|0|0|

2022-07-05 17:36:10,999 INFO PERFORMANCE:|1|0|0|-1|-1|73|2

2022-07-05 17:36:10,999 INFO Task worker status: 
naming_0%8, pending tasks: 0
naming_1%8, pending tasks: 0
naming_2%8, pending tasks: 0
naming_3%8, pending tasks: 0
naming_4%8, pending tasks: 0
naming_5%8, pending tasks: 0
naming_6%8, pending tasks: 0
naming_7%8, pending tasks: 0


2022-07-05 17:36:10,999 INFO DISTRO:|0|0|0|0|0|

2022-07-05 17:37:11,013 INFO PERFORMANCE:|1|0|0|633|592|76|2

2022-07-05 17:37:11,013 INFO Task worker status: 
naming_0%8, pending tasks: 0
naming_1%8, pending tasks: 0
naming_2%8, pending tasks: 0
naming_3%8, pending tasks: 0
naming_4%8, pending tasks: 0
naming_5%8, pending tasks: 0
naming_6%8, pending tasks: 0
naming_7%8, pending tasks: 0


2022-07-05 17:37:11,013 INFO DISTRO:|0|0|0|0|0|

2022-07-05 17:38:11,020 INFO PERFORMANCE:|1|0|0|-1|-1|76|2

2022-07-05 17:38:11,020 INFO Task worker status: 
naming_0%8, pending tasks: 0
naming_1%8, pending tasks: 0
naming_2%8, pending tasks: 0
naming_3%8, pending tasks: 0
naming_4%8, pending tasks: 0
naming_5%8, pending tasks: 0
naming_6%8, pending tasks: 0
naming_7%8, pending tasks: 0


2022-07-05 17:38:11,020 INFO DISTRO:|0|0|0|0|0|

2022-07-05 17:39:11,025 INFO PERFORMANCE:|1|0|0|599|587|78|2

2022-07-05 17:39:11,025 INFO Task worker status: 
naming_0%8, pending tasks: 0
naming_1%8, pending tasks: 0
naming_2%8, pending tasks: 0
naming_3%8, pending tasks: 0
naming_4%8, pending tasks: 0
naming_5%8, pending tasks: 0
naming_6%8, pending tasks: 0
naming_7%8, pending tasks: 0


2022-07-05 17:39:11,025 INFO DISTRO:|0|0|0|0|0|

2022-07-05 17:40:11,035 INFO PERFORMANCE:|1|1|1|624|570|80|2

2022-07-05 17:40:11,035 INFO Task worker status: 
naming_0%8, pending tasks: 0
naming_1%8, pending tasks: 0
naming_2%8, pending tasks: 0
naming_3%8, pending tasks: 0
naming_4%8, pending tasks: 0
naming_5%8, pending tasks: 0
naming_6%8, pending tasks: 0
naming_7%8, pending tasks: 0


2022-07-05 17:40:11,035 INFO DISTRO:|0|0|0|0|0|

2022-07-05 17:41:11,038 INFO PERFORMANCE:|1|1|1|-1|-1|80|2

2022-07-05 17:41:11,038 INFO Task worker status: 
naming_0%8, pending tasks: 0
naming_1%8, pending tasks: 0
naming_2%8, pending tasks: 0
naming_3%8, pending tasks: 0
naming_4%8, pending tasks: 0
naming_5%8, pending tasks: 0
naming_6%8, pending tasks: 0
naming_7%8, pending tasks: 0


2022-07-05 17:41:11,038 INFO DISTRO:|0|0|0|0|0|

2022-07-05 17:42:11,044 INFO PERFORMANCE:|1|1|1|-1|-1|80|2

2022-07-05 17:42:11,044 INFO Task worker status: 
naming_0%8, pending tasks: 0
naming_1%8, pending tasks: 0
naming_2%8, pending tasks: 0
naming_3%8, pending tasks: 0
naming_4%8, pending tasks: 0
naming_5%8, pending tasks: 0
naming_6%8, pending tasks: 0
naming_7%8, pending tasks: 0


2022-07-05 17:42:11,044 INFO DISTRO:|0|0|0|0|0|

2022-07-05 17:43:11,051 INFO PERFORMANCE:|1|0|0|-1|-1|80|2

2022-07-05 17:43:11,051 INFO Task worker status: 
naming_0%8, pending tasks: 0
naming_1%8, pending tasks: 0
naming_2%8, pending tasks: 0
naming_3%8, pending tasks: 0
naming_4%8, pending tasks: 0
naming_5%8, pending tasks: 0
naming_6%8, pending tasks: 0
naming_7%8, pending tasks: 0


2022-07-05 17:43:11,051 INFO DISTRO:|0|0|0|0|0|

2022-07-05 17:44:11,064 INFO PERFORMANCE:|serviceCount|ipCount|subscribeCount|maxPushCost|avgPushCost|totalPushCount|failPushCount

2022-07-05 17:44:11,064 INFO DISTRO:|V1SyncDone|V1SyncFail|V2SyncDone|V2SyncFail|V2VerifyFail|

2022-07-05 17:44:11,064 INFO PERFORMANCE:|1|0|0|622|569|82|2

2022-07-05 17:44:11,064 INFO Task worker status: 
naming_0%8, pending tasks: 0
naming_1%8, pending tasks: 0
naming_2%8, pending tasks: 0
naming_3%8, pending tasks: 0
naming_4%8, pending tasks: 0
naming_5%8, pending tasks: 0
naming_6%8, pending tasks: 0
naming_7%8, pending tasks: 0


2022-07-05 17:44:11,064 INFO DISTRO:|0|0|0|0|0|

2022-07-05 17:45:11,075 INFO PERFORMANCE:|2|1|1|609|609|83|2

2022-07-05 17:45:11,075 INFO Task worker status: 
naming_0%8, pending tasks: 0
naming_1%8, pending tasks: 0
naming_2%8, pending tasks: 0
naming_3%8, pending tasks: 0
naming_4%8, pending tasks: 0
naming_5%8, pending tasks: 0
naming_6%8, pending tasks: 0
naming_7%8, pending tasks: 0


2022-07-05 17:45:11,075 INFO DISTRO:|0|0|0|0|0|

2022-07-05 17:46:11,086 INFO PERFORMANCE:|1|0|0|573|555|85|2

2022-07-05 17:46:11,086 INFO Task worker status: 
naming_0%8, pending tasks: 0
naming_1%8, pending tasks: 0
naming_2%8, pending tasks: 0
naming_3%8, pending tasks: 0
naming_4%8, pending tasks: 0
naming_5%8, pending tasks: 0
naming_6%8, pending tasks: 0
naming_7%8, pending tasks: 0


2022-07-05 17:46:11,086 INFO DISTRO:|0|0|0|0|0|

2022-07-05 17:47:11,090 INFO PERFORMANCE:|1|1|1|615|615|86|2

2022-07-05 17:47:11,090 INFO Task worker status: 
naming_0%8, pending tasks: 0
naming_1%8, pending tasks: 0
naming_2%8, pending tasks: 0
naming_3%8, pending tasks: 0
naming_4%8, pending tasks: 0
naming_5%8, pending tasks: 0
naming_6%8, pending tasks: 0
naming_7%8, pending tasks: 0


2022-07-05 17:47:11,090 INFO DISTRO:|0|0|0|0|0|

2022-07-05 17:48:11,095 INFO PERFORMANCE:|1|1|1|-1|-1|86|2

2022-07-05 17:48:11,095 INFO Task worker status: 
naming_0%8, pending tasks: 0
naming_1%8, pending tasks: 0
naming_2%8, pending tasks: 0
naming_3%8, pending tasks: 0
naming_4%8, pending tasks: 0
naming_5%8, pending tasks: 0
naming_6%8, pending tasks: 0
naming_7%8, pending tasks: 0


2022-07-05 17:48:11,095 INFO DISTRO:|0|0|0|0|0|

2022-07-05 17:50:10,442 INFO PERFORMANCE:|serviceCount|ipCount|subscribeCount|maxPushCost|avgPushCost|totalPushCount|failPushCount

2022-07-05 17:50:10,442 INFO DISTRO:|V1SyncDone|V1SyncFail|V2SyncDone|V2SyncFail|V2VerifyFail|

2022-07-05 17:50:10,442 INFO PERFORMANCE:|1|1|1|883|883|1|0

2022-07-05 17:50:10,442 INFO Task worker status: 
naming_0%8, pending tasks: 0
naming_1%8, pending tasks: 0
naming_2%8, pending tasks: 0
naming_3%8, pending tasks: 0
naming_4%8, pending tasks: 0
naming_5%8, pending tasks: 0
naming_6%8, pending tasks: 0
naming_7%8, pending tasks: 0


2022-07-05 17:50:10,443 INFO DISTRO:|0|0|0|0|0|

2022-07-05 17:51:10,453 INFO PERFORMANCE:|1|1|1|-1|-1|1|0

2022-07-05 17:51:10,453 INFO Task worker status: 
naming_0%8, pending tasks: 0
naming_1%8, pending tasks: 0
naming_2%8, pending tasks: 0
naming_3%8, pending tasks: 0
naming_4%8, pending tasks: 0
naming_5%8, pending tasks: 0
naming_6%8, pending tasks: 0
naming_7%8, pending tasks: 0


2022-07-05 17:51:10,453 INFO DISTRO:|0|0|0|0|0|

2022-07-05 17:52:10,467 INFO PERFORMANCE:|1|1|1|-1|-1|1|0

2022-07-05 17:52:10,467 INFO Task worker status: 
naming_0%8, pending tasks: 0
naming_1%8, pending tasks: 0
naming_2%8, pending tasks: 0
naming_3%8, pending tasks: 0
naming_4%8, pending tasks: 0
naming_5%8, pending tasks: 0
naming_6%8, pending tasks: 0
naming_7%8, pending tasks: 0


2022-07-05 17:52:10,467 INFO DISTRO:|0|0|0|0|0|

2022-07-05 17:53:10,469 INFO PERFORMANCE:|1|1|1|-1|-1|1|0

2022-07-05 17:53:10,469 INFO Task worker status: 
naming_0%8, pending tasks: 0
naming_1%8, pending tasks: 0
naming_2%8, pending tasks: 0
naming_3%8, pending tasks: 0
naming_4%8, pending tasks: 0
naming_5%8, pending tasks: 0
naming_6%8, pending tasks: 0
naming_7%8, pending tasks: 0


2022-07-05 17:53:10,469 INFO DISTRO:|0|0|0|0|0|

2022-07-05 17:54:10,476 INFO PERFORMANCE:|1|1|1|-1|-1|1|0

2022-07-05 17:54:10,476 INFO Task worker status: 
naming_0%8, pending tasks: 0
naming_1%8, pending tasks: 0
naming_2%8, pending tasks: 0
naming_3%8, pending tasks: 0
naming_4%8, pending tasks: 0
naming_5%8, pending tasks: 0
naming_6%8, pending tasks: 0
naming_7%8, pending tasks: 0


2022-07-05 17:54:10,476 INFO DISTRO:|0|0|0|0|0|

2022-07-05 17:55:10,483 INFO PERFORMANCE:|1|1|1|-1|-1|1|0

2022-07-05 17:55:10,483 INFO Task worker status: 
naming_0%8, pending tasks: 0
naming_1%8, pending tasks: 0
naming_2%8, pending tasks: 0
naming_3%8, pending tasks: 0
naming_4%8, pending tasks: 0
naming_5%8, pending tasks: 0
naming_6%8, pending tasks: 0
naming_7%8, pending tasks: 0


2022-07-05 17:55:10,483 INFO DISTRO:|0|0|0|0|0|

2022-07-05 17:56:10,488 INFO PERFORMANCE:|1|1|1|-1|-1|1|0

2022-07-05 17:56:10,488 INFO Task worker status: 
naming_0%8, pending tasks: 0
naming_1%8, pending tasks: 0
naming_2%8, pending tasks: 0
naming_3%8, pending tasks: 0
naming_4%8, pending tasks: 0
naming_5%8, pending tasks: 0
naming_6%8, pending tasks: 0
naming_7%8, pending tasks: 0


2022-07-05 17:56:10,488 INFO DISTRO:|0|0|0|0|0|

