2022-07-05 14:53:38,033 INFO Register tps control,pointName=CONFIG_PUSH_COUNT, point=com.alibaba.nacos.core.remote.control.TpsMonitorPoint@290aeb20 

2022-07-05 14:53:38,034 INFO Load rule from local,pointName=CONFIG_PUSH_COUNT, ruleContent= 

2022-07-05 14:53:38,034 INFO Apply tps control rule parse start,pointName=[CONFIG_PUSH_COUNT]  

2022-07-05 14:53:38,034 INFO Clear point  control rule ,pointName=[CONFIG_PUSH_COUNT]  

2022-07-05 14:53:38,034 INFO Clear point  control rule for monitorKeys, pointName=[CONFIG_PUSH_COUNT]  

2022-07-05 14:53:38,034 INFO Register tps control,pointName=CONFIG_PUSH_SUCCESS, point=com.alibaba.nacos.core.remote.control.TpsMonitorPoint@73ad4ecc 

2022-07-05 14:53:38,035 INFO Load rule from local,pointName=CONFIG_PUSH_SUCCESS, ruleContent= 

2022-07-05 14:53:38,035 INFO Apply tps control rule parse start,pointName=[CONFIG_PUSH_SUCCESS]  

2022-07-05 14:53:38,035 INFO Clear point  control rule ,pointName=[CONFIG_PUSH_SUCCESS]  

2022-07-05 14:53:38,035 INFO Clear point  control rule for monitorKeys, pointName=[CONFIG_PUSH_SUCCESS]  

2022-07-05 14:53:38,035 INFO Register tps control,pointName=CONFIG_PUSH_FAIL, point=com.alibaba.nacos.core.remote.control.TpsMonitorPoint@69da0b12 

2022-07-05 14:53:38,035 INFO Load rule from local,pointName=CONFIG_PUSH_FAIL, ruleContent= 

2022-07-05 14:53:38,035 INFO Apply tps control rule parse start,pointName=[CONFIG_PUSH_FAIL]  

2022-07-05 14:53:38,035 INFO Clear point  control rule ,pointName=[CONFIG_PUSH_FAIL]  

2022-07-05 14:53:38,035 INFO Clear point  control rule for monitorKeys, pointName=[CONFIG_PUSH_FAIL]  

2022-07-05 14:53:38,039 INFO Load rule from local,pointName=CONFIG_PUSH_COUNT, ruleContent= 

2022-07-05 14:53:38,041 INFO Apply tps control rule parse start,pointName=[CONFIG_PUSH_COUNT]  

2022-07-05 14:53:38,041 INFO Clear point  control rule ,pointName=[CONFIG_PUSH_COUNT]  

2022-07-05 14:53:38,041 INFO Clear point  control rule for monitorKeys, pointName=[CONFIG_PUSH_COUNT]  

2022-07-05 14:53:38,041 INFO Load rule from local,pointName=CONFIG_PUSH_SUCCESS, ruleContent= 

2022-07-05 14:53:38,041 INFO Apply tps control rule parse start,pointName=[CONFIG_PUSH_SUCCESS]  

2022-07-05 14:53:38,041 INFO Clear point  control rule ,pointName=[CONFIG_PUSH_SUCCESS]  

2022-07-05 14:53:38,042 INFO Clear point  control rule for monitorKeys, pointName=[CONFIG_PUSH_SUCCESS]  

2022-07-05 14:53:38,042 INFO Load rule from local,pointName=CONFIG_PUSH_FAIL, ruleContent= 

2022-07-05 14:53:38,042 INFO Apply tps control rule parse start,pointName=[CONFIG_PUSH_FAIL]  

2022-07-05 14:53:38,044 INFO Clear point  control rule ,pointName=[CONFIG_PUSH_FAIL]  

2022-07-05 14:53:38,044 INFO Clear point  control rule for monitorKeys, pointName=[CONFIG_PUSH_FAIL]  

2022-07-05 14:53:43,141 INFO Register tps control,pointName=ConfigQuery, point=com.alibaba.nacos.core.remote.control.TpsMonitorPoint@6b4283c4 

2022-07-05 14:53:43,142 INFO Load rule from local,pointName=ConfigQuery, ruleContent= 

2022-07-05 14:53:43,142 INFO Apply tps control rule parse start,pointName=[ConfigQuery]  

2022-07-05 14:53:43,142 INFO Clear point  control rule ,pointName=[ConfigQuery]  

2022-07-05 14:53:43,142 INFO Clear point  control rule for monitorKeys, pointName=[ConfigQuery]  

2022-07-05 14:53:43,142 INFO Register tps control,pointName=ClusterConfigChangeNotify, point=com.alibaba.nacos.core.remote.control.TpsMonitorPoint@d0865a3 

2022-07-05 14:53:43,142 INFO Load rule from local,pointName=ClusterConfigChangeNotify, ruleContent= 

2022-07-05 14:53:43,142 INFO Apply tps control rule parse start,pointName=[ClusterConfigChangeNotify]  

2022-07-05 14:53:43,142 INFO Clear point  control rule ,pointName=[ClusterConfigChangeNotify]  

2022-07-05 14:53:43,143 INFO Clear point  control rule for monitorKeys, pointName=[ClusterConfigChangeNotify]  

2022-07-05 14:53:43,143 INFO Register tps control,pointName=ConfigListen, point=com.alibaba.nacos.core.remote.control.TpsMonitorPoint@636bbbbb 

2022-07-05 14:53:43,143 INFO Load rule from local,pointName=ConfigListen, ruleContent= 

2022-07-05 14:53:43,143 INFO Apply tps control rule parse start,pointName=[ConfigListen]  

2022-07-05 14:53:43,143 INFO Clear point  control rule ,pointName=[ConfigListen]  

2022-07-05 14:53:43,143 INFO Clear point  control rule for monitorKeys, pointName=[ConfigListen]  

2022-07-05 14:53:43,143 INFO Register tps control,pointName=ConfigRemove, point=com.alibaba.nacos.core.remote.control.TpsMonitorPoint@7eae3764 

2022-07-05 14:53:43,144 INFO Load rule from local,pointName=ConfigRemove, ruleContent= 

2022-07-05 14:53:43,144 INFO Apply tps control rule parse start,pointName=[ConfigRemove]  

2022-07-05 14:53:43,144 INFO Clear point  control rule ,pointName=[ConfigRemove]  

2022-07-05 14:53:43,144 INFO Clear point  control rule for monitorKeys, pointName=[ConfigRemove]  

2022-07-05 14:53:43,144 INFO Register tps control,pointName=ConfigPublish, point=com.alibaba.nacos.core.remote.control.TpsMonitorPoint@10dc7d6 

2022-07-05 14:53:43,144 INFO Load rule from local,pointName=ConfigPublish, ruleContent= 

2022-07-05 14:53:43,144 INFO Apply tps control rule parse start,pointName=[ConfigPublish]  

2022-07-05 14:53:43,144 INFO Clear point  control rule ,pointName=[ConfigPublish]  

2022-07-05 14:53:43,144 INFO Clear point  control rule for monitorKeys, pointName=[ConfigPublish]  

2022-07-05 14:53:43,144 INFO Register tps control,pointName=HealthCheck, point=com.alibaba.nacos.core.remote.control.TpsMonitorPoint@4f668f29 

2022-07-05 14:53:43,144 INFO Load rule from local,pointName=HealthCheck, ruleContent= 

2022-07-05 14:53:43,144 INFO Apply tps control rule parse start,pointName=[HealthCheck]  

2022-07-05 14:53:43,144 INFO Clear point  control rule ,pointName=[HealthCheck]  

2022-07-05 14:53:43,144 INFO Clear point  control rule for monitorKeys, pointName=[HealthCheck]  

2022-07-05 15:31:00,772 INFO Register tps control,pointName=NAMING_RPC_PUSH, point=com.alibaba.nacos.core.remote.control.TpsMonitorPoint@495edbd0 

2022-07-05 15:31:00,773 INFO Load rule from local,pointName=NAMING_RPC_PUSH, ruleContent= 

2022-07-05 15:31:00,773 INFO Apply tps control rule parse start,pointName=[NAMING_RPC_PUSH]  

2022-07-05 15:31:00,773 INFO Clear point  control rule ,pointName=[NAMING_RPC_PUSH]  

2022-07-05 15:31:00,773 INFO Clear point  control rule for monitorKeys, pointName=[NAMING_RPC_PUSH]  

2022-07-05 15:31:00,773 INFO Register tps control,pointName=NAMING_RPC_PUSH_SUCCESS, point=com.alibaba.nacos.core.remote.control.TpsMonitorPoint@eee3ed9 

2022-07-05 15:31:00,773 INFO Load rule from local,pointName=NAMING_RPC_PUSH_SUCCESS, ruleContent= 

2022-07-05 15:31:00,773 INFO Apply tps control rule parse start,pointName=[NAMING_RPC_PUSH_SUCCESS]  

2022-07-05 15:31:00,773 INFO Clear point  control rule ,pointName=[NAMING_RPC_PUSH_SUCCESS]  

2022-07-05 15:31:00,773 INFO Clear point  control rule for monitorKeys, pointName=[NAMING_RPC_PUSH_SUCCESS]  

2022-07-05 15:31:00,773 INFO Register tps control,pointName=NAMING_RPC_PUSH_FAIL, point=com.alibaba.nacos.core.remote.control.TpsMonitorPoint@4c2f609a 

2022-07-05 15:31:00,773 INFO Load rule from local,pointName=NAMING_RPC_PUSH_FAIL, ruleContent= 

2022-07-05 15:31:00,773 INFO Apply tps control rule parse start,pointName=[NAMING_RPC_PUSH_FAIL]  

2022-07-05 15:31:00,773 INFO Clear point  control rule ,pointName=[NAMING_RPC_PUSH_FAIL]  

2022-07-05 15:31:00,773 INFO Clear point  control rule for monitorKeys, pointName=[NAMING_RPC_PUSH_FAIL]  

2022-07-05 15:31:00,773 INFO Register tps control,pointName=NAMING_UDP_PUSH, point=com.alibaba.nacos.core.remote.control.TpsMonitorPoint@164ac256 

2022-07-05 15:31:00,773 INFO Load rule from local,pointName=NAMING_UDP_PUSH, ruleContent= 

2022-07-05 15:31:00,773 INFO Apply tps control rule parse start,pointName=[NAMING_UDP_PUSH]  

2022-07-05 15:31:00,773 INFO Clear point  control rule ,pointName=[NAMING_UDP_PUSH]  

2022-07-05 15:31:00,773 INFO Clear point  control rule for monitorKeys, pointName=[NAMING_UDP_PUSH]  

2022-07-05 15:31:00,773 INFO Register tps control,pointName=NAMING_UDP_PUSH_SUCCESS, point=com.alibaba.nacos.core.remote.control.TpsMonitorPoint@29751b14 

2022-07-05 15:31:00,774 INFO Load rule from local,pointName=NAMING_UDP_PUSH_SUCCESS, ruleContent= 

2022-07-05 15:31:00,774 INFO Apply tps control rule parse start,pointName=[NAMING_UDP_PUSH_SUCCESS]  

2022-07-05 15:31:00,774 INFO Clear point  control rule ,pointName=[NAMING_UDP_PUSH_SUCCESS]  

2022-07-05 15:31:00,774 INFO Clear point  control rule for monitorKeys, pointName=[NAMING_UDP_PUSH_SUCCESS]  

2022-07-05 15:31:00,774 INFO Register tps control,pointName=NAMING_UDP_PUSH_FAIL, point=com.alibaba.nacos.core.remote.control.TpsMonitorPoint@5692e015 

2022-07-05 15:31:00,774 INFO Load rule from local,pointName=NAMING_UDP_PUSH_FAIL, ruleContent= 

2022-07-05 15:31:00,774 INFO Apply tps control rule parse start,pointName=[NAMING_UDP_PUSH_FAIL]  

2022-07-05 15:31:00,774 INFO Clear point  control rule ,pointName=[NAMING_UDP_PUSH_FAIL]  

2022-07-05 15:31:00,774 INFO Clear point  control rule for monitorKeys, pointName=[NAMING_UDP_PUSH_FAIL]  

2022-07-05 15:31:00,774 INFO Register tps control,pointName=NAMING_DISTRO_SYNC, point=com.alibaba.nacos.core.remote.control.TpsMonitorPoint@610e71ed 

2022-07-05 15:31:00,774 INFO Load rule from local,pointName=NAMING_DISTRO_SYNC, ruleContent= 

2022-07-05 15:31:00,774 INFO Apply tps control rule parse start,pointName=[NAMING_DISTRO_SYNC]  

2022-07-05 15:31:00,774 INFO Clear point  control rule ,pointName=[NAMING_DISTRO_SYNC]  

2022-07-05 15:31:00,774 INFO Clear point  control rule for monitorKeys, pointName=[NAMING_DISTRO_SYNC]  

2022-07-05 15:31:00,774 INFO Register tps control,pointName=NAMING_DISTRO_SYNC_SUCCESS, point=com.alibaba.nacos.core.remote.control.TpsMonitorPoint@211647e8 

2022-07-05 15:31:00,774 INFO Load rule from local,pointName=NAMING_DISTRO_SYNC_SUCCESS, ruleContent= 

2022-07-05 15:31:00,774 INFO Apply tps control rule parse start,pointName=[NAMING_DISTRO_SYNC_SUCCESS]  

2022-07-05 15:31:00,774 INFO Clear point  control rule ,pointName=[NAMING_DISTRO_SYNC_SUCCESS]  

2022-07-05 15:31:00,775 INFO Clear point  control rule for monitorKeys, pointName=[NAMING_DISTRO_SYNC_SUCCESS]  

2022-07-05 15:31:00,775 INFO Register tps control,pointName=NAMING_DISTRO_SYNC_FAIL, point=com.alibaba.nacos.core.remote.control.TpsMonitorPoint@20ba4565 

2022-07-05 15:31:00,775 INFO Load rule from local,pointName=NAMING_DISTRO_SYNC_FAIL, ruleContent= 

2022-07-05 15:31:00,775 INFO Apply tps control rule parse start,pointName=[NAMING_DISTRO_SYNC_FAIL]  

2022-07-05 15:31:00,775 INFO Clear point  control rule ,pointName=[NAMING_DISTRO_SYNC_FAIL]  

2022-07-05 15:31:00,775 INFO Clear point  control rule for monitorKeys, pointName=[NAMING_DISTRO_SYNC_FAIL]  

2022-07-05 15:31:00,775 INFO Register tps control,pointName=NAMING_DISTRO_VERIFY, point=com.alibaba.nacos.core.remote.control.TpsMonitorPoint@61e98b2f 

2022-07-05 15:31:00,775 INFO Load rule from local,pointName=NAMING_DISTRO_VERIFY, ruleContent= 

2022-07-05 15:31:00,775 INFO Apply tps control rule parse start,pointName=[NAMING_DISTRO_VERIFY]  

2022-07-05 15:31:00,775 INFO Clear point  control rule ,pointName=[NAMING_DISTRO_VERIFY]  

2022-07-05 15:31:00,775 INFO Clear point  control rule for monitorKeys, pointName=[NAMING_DISTRO_VERIFY]  

2022-07-05 15:31:00,775 INFO Register tps control,pointName=NAMING_DISTRO_VERIFY_SUCCESS, point=com.alibaba.nacos.core.remote.control.TpsMonitorPoint@73fa1fe6 

2022-07-05 15:31:00,776 INFO Load rule from local,pointName=NAMING_DISTRO_VERIFY_SUCCESS, ruleContent= 

2022-07-05 15:31:00,776 INFO Apply tps control rule parse start,pointName=[NAMING_DISTRO_VERIFY_SUCCESS]  

2022-07-05 15:31:00,776 INFO Clear point  control rule ,pointName=[NAMING_DISTRO_VERIFY_SUCCESS]  

2022-07-05 15:31:00,776 INFO Clear point  control rule for monitorKeys, pointName=[NAMING_DISTRO_VERIFY_SUCCESS]  

2022-07-05 15:31:00,776 INFO Register tps control,pointName=NAMING_DISTRO_VERIFY_FAIL, point=com.alibaba.nacos.core.remote.control.TpsMonitorPoint@60c02f76 

2022-07-05 15:31:00,776 INFO Load rule from local,pointName=NAMING_DISTRO_VERIFY_FAIL, ruleContent= 

2022-07-05 15:31:00,776 INFO Apply tps control rule parse start,pointName=[NAMING_DISTRO_VERIFY_FAIL]  

2022-07-05 15:31:00,776 INFO Clear point  control rule ,pointName=[NAMING_DISTRO_VERIFY_FAIL]  

2022-07-05 15:31:00,776 INFO Clear point  control rule for monitorKeys, pointName=[NAMING_DISTRO_VERIFY_FAIL]  

2022-07-05 17:49:39,048 INFO Register tps control,pointName=CONFIG_PUSH_COUNT, point=com.alibaba.nacos.core.remote.control.TpsMonitorPoint@6e0cff20 

2022-07-05 17:49:39,049 INFO Load rule from local,pointName=CONFIG_PUSH_COUNT, ruleContent= 

2022-07-05 17:49:39,049 INFO Apply tps control rule parse start,pointName=[CONFIG_PUSH_COUNT]  

2022-07-05 17:49:39,049 INFO Clear point  control rule ,pointName=[CONFIG_PUSH_COUNT]  

2022-07-05 17:49:39,049 INFO Clear point  control rule for monitorKeys, pointName=[CONFIG_PUSH_COUNT]  

2022-07-05 17:49:39,049 INFO Register tps control,pointName=CONFIG_PUSH_SUCCESS, point=com.alibaba.nacos.core.remote.control.TpsMonitorPoint@359b650b 

2022-07-05 17:49:39,049 INFO Load rule from local,pointName=CONFIG_PUSH_SUCCESS, ruleContent= 

2022-07-05 17:49:39,049 INFO Apply tps control rule parse start,pointName=[CONFIG_PUSH_SUCCESS]  

2022-07-05 17:49:39,049 INFO Clear point  control rule ,pointName=[CONFIG_PUSH_SUCCESS]  

2022-07-05 17:49:39,049 INFO Clear point  control rule for monitorKeys, pointName=[CONFIG_PUSH_SUCCESS]  

2022-07-05 17:49:39,049 INFO Register tps control,pointName=CONFIG_PUSH_FAIL, point=com.alibaba.nacos.core.remote.control.TpsMonitorPoint@6a9b0a6f 

2022-07-05 17:49:39,049 INFO Load rule from local,pointName=CONFIG_PUSH_FAIL, ruleContent= 

2022-07-05 17:49:39,049 INFO Apply tps control rule parse start,pointName=[CONFIG_PUSH_FAIL]  

2022-07-05 17:49:39,049 INFO Clear point  control rule ,pointName=[CONFIG_PUSH_FAIL]  

2022-07-05 17:49:39,049 INFO Clear point  control rule for monitorKeys, pointName=[CONFIG_PUSH_FAIL]  

2022-07-05 17:49:44,203 INFO Register tps control,pointName=ConfigQuery, point=com.alibaba.nacos.core.remote.control.TpsMonitorPoint@20576557 

2022-07-05 17:49:44,204 INFO Load rule from local,pointName=ConfigQuery, ruleContent= 

2022-07-05 17:49:44,205 INFO Apply tps control rule parse start,pointName=[ConfigQuery]  

2022-07-05 17:49:44,205 INFO Clear point  control rule ,pointName=[ConfigQuery]  

2022-07-05 17:49:44,205 INFO Clear point  control rule for monitorKeys, pointName=[ConfigQuery]  

2022-07-05 17:49:44,205 INFO Register tps control,pointName=ClusterConfigChangeNotify, point=com.alibaba.nacos.core.remote.control.TpsMonitorPoint@574cd322 

2022-07-05 17:49:44,205 INFO Load rule from local,pointName=ClusterConfigChangeNotify, ruleContent= 

2022-07-05 17:49:44,205 INFO Apply tps control rule parse start,pointName=[ClusterConfigChangeNotify]  

2022-07-05 17:49:44,205 INFO Clear point  control rule ,pointName=[ClusterConfigChangeNotify]  

2022-07-05 17:49:44,205 INFO Clear point  control rule for monitorKeys, pointName=[ClusterConfigChangeNotify]  

2022-07-05 17:49:44,205 INFO Register tps control,pointName=ConfigListen, point=com.alibaba.nacos.core.remote.control.TpsMonitorPoint@45c2e0a6 

2022-07-05 17:49:44,206 INFO Load rule from local,pointName=ConfigListen, ruleContent= 

2022-07-05 17:49:44,206 INFO Apply tps control rule parse start,pointName=[ConfigListen]  

2022-07-05 17:49:44,206 INFO Clear point  control rule ,pointName=[ConfigListen]  

2022-07-05 17:49:44,206 INFO Clear point  control rule for monitorKeys, pointName=[ConfigListen]  

2022-07-05 17:49:44,206 INFO Register tps control,pointName=ConfigRemove, point=com.alibaba.nacos.core.remote.control.TpsMonitorPoint@119c745c 

2022-07-05 17:49:44,206 INFO Load rule from local,pointName=ConfigRemove, ruleContent= 

2022-07-05 17:49:44,206 INFO Apply tps control rule parse start,pointName=[ConfigRemove]  

2022-07-05 17:49:44,206 INFO Clear point  control rule ,pointName=[ConfigRemove]  

2022-07-05 17:49:44,206 INFO Clear point  control rule for monitorKeys, pointName=[ConfigRemove]  

2022-07-05 17:49:44,206 INFO Register tps control,pointName=ConfigPublish, point=com.alibaba.nacos.core.remote.control.TpsMonitorPoint@a7ad6e5 

2022-07-05 17:49:44,206 INFO Load rule from local,pointName=ConfigPublish, ruleContent= 

2022-07-05 17:49:44,206 INFO Apply tps control rule parse start,pointName=[ConfigPublish]  

2022-07-05 17:49:44,206 INFO Clear point  control rule ,pointName=[ConfigPublish]  

2022-07-05 17:49:44,206 INFO Clear point  control rule for monitorKeys, pointName=[ConfigPublish]  

2022-07-05 17:49:44,206 INFO Register tps control,pointName=HealthCheck, point=com.alibaba.nacos.core.remote.control.TpsMonitorPoint@3b1ed14b 

2022-07-05 17:49:44,206 INFO Load rule from local,pointName=HealthCheck, ruleContent= 

2022-07-05 17:49:44,206 INFO Apply tps control rule parse start,pointName=[HealthCheck]  

2022-07-05 17:49:44,206 INFO Clear point  control rule ,pointName=[HealthCheck]  

2022-07-05 17:49:44,206 INFO Clear point  control rule for monitorKeys, pointName=[HealthCheck]  

2022-07-05 17:49:46,171 INFO Register tps control,pointName=NAMING_RPC_PUSH, point=com.alibaba.nacos.core.remote.control.TpsMonitorPoint@6806fb8c 

2022-07-05 17:49:46,171 INFO Load rule from local,pointName=NAMING_RPC_PUSH, ruleContent= 

2022-07-05 17:49:46,171 INFO Apply tps control rule parse start,pointName=[NAMING_RPC_PUSH]  

2022-07-05 17:49:46,171 INFO Clear point  control rule ,pointName=[NAMING_RPC_PUSH]  

2022-07-05 17:49:46,171 INFO Clear point  control rule for monitorKeys, pointName=[NAMING_RPC_PUSH]  

2022-07-05 17:49:46,171 INFO Register tps control,pointName=NAMING_RPC_PUSH_SUCCESS, point=com.alibaba.nacos.core.remote.control.TpsMonitorPoint@5afa9eb2 

2022-07-05 17:49:46,171 INFO Load rule from local,pointName=NAMING_RPC_PUSH_SUCCESS, ruleContent= 

2022-07-05 17:49:46,171 INFO Apply tps control rule parse start,pointName=[NAMING_RPC_PUSH_SUCCESS]  

2022-07-05 17:49:46,171 INFO Clear point  control rule ,pointName=[NAMING_RPC_PUSH_SUCCESS]  

2022-07-05 17:49:46,171 INFO Clear point  control rule for monitorKeys, pointName=[NAMING_RPC_PUSH_SUCCESS]  

2022-07-05 17:49:46,171 INFO Register tps control,pointName=NAMING_RPC_PUSH_FAIL, point=com.alibaba.nacos.core.remote.control.TpsMonitorPoint@51f56ef7 

2022-07-05 17:49:46,171 INFO Load rule from local,pointName=NAMING_RPC_PUSH_FAIL, ruleContent= 

2022-07-05 17:49:46,171 INFO Apply tps control rule parse start,pointName=[NAMING_RPC_PUSH_FAIL]  

2022-07-05 17:49:46,171 INFO Clear point  control rule ,pointName=[NAMING_RPC_PUSH_FAIL]  

2022-07-05 17:49:46,171 INFO Clear point  control rule for monitorKeys, pointName=[NAMING_RPC_PUSH_FAIL]  

2022-07-05 17:49:46,171 INFO Register tps control,pointName=NAMING_UDP_PUSH, point=com.alibaba.nacos.core.remote.control.TpsMonitorPoint@52b02ac2 

2022-07-05 17:49:46,172 INFO Load rule from local,pointName=NAMING_UDP_PUSH, ruleContent= 

2022-07-05 17:49:46,172 INFO Apply tps control rule parse start,pointName=[NAMING_UDP_PUSH]  

2022-07-05 17:49:46,172 INFO Clear point  control rule ,pointName=[NAMING_UDP_PUSH]  

2022-07-05 17:49:46,172 INFO Clear point  control rule for monitorKeys, pointName=[NAMING_UDP_PUSH]  

2022-07-05 17:49:46,172 INFO Register tps control,pointName=NAMING_UDP_PUSH_SUCCESS, point=com.alibaba.nacos.core.remote.control.TpsMonitorPoint@db56183 

2022-07-05 17:49:46,172 INFO Load rule from local,pointName=NAMING_UDP_PUSH_SUCCESS, ruleContent= 

2022-07-05 17:49:46,172 INFO Apply tps control rule parse start,pointName=[NAMING_UDP_PUSH_SUCCESS]  

2022-07-05 17:49:46,172 INFO Clear point  control rule ,pointName=[NAMING_UDP_PUSH_SUCCESS]  

2022-07-05 17:49:46,172 INFO Clear point  control rule for monitorKeys, pointName=[NAMING_UDP_PUSH_SUCCESS]  

2022-07-05 17:49:46,172 INFO Register tps control,pointName=NAMING_UDP_PUSH_FAIL, point=com.alibaba.nacos.core.remote.control.TpsMonitorPoint@3347189 

2022-07-05 17:49:46,172 INFO Load rule from local,pointName=NAMING_UDP_PUSH_FAIL, ruleContent= 

2022-07-05 17:49:46,172 INFO Apply tps control rule parse start,pointName=[NAMING_UDP_PUSH_FAIL]  

2022-07-05 17:49:46,172 INFO Clear point  control rule ,pointName=[NAMING_UDP_PUSH_FAIL]  

2022-07-05 17:49:46,172 INFO Clear point  control rule for monitorKeys, pointName=[NAMING_UDP_PUSH_FAIL]  

2022-07-05 17:49:46,172 INFO Register tps control,pointName=NAMING_DISTRO_SYNC, point=com.alibaba.nacos.core.remote.control.TpsMonitorPoint@794c25ce 

2022-07-05 17:49:46,172 INFO Load rule from local,pointName=NAMING_DISTRO_SYNC, ruleContent= 

2022-07-05 17:49:46,172 INFO Apply tps control rule parse start,pointName=[NAMING_DISTRO_SYNC]  

2022-07-05 17:49:46,172 INFO Clear point  control rule ,pointName=[NAMING_DISTRO_SYNC]  

2022-07-05 17:49:46,172 INFO Clear point  control rule for monitorKeys, pointName=[NAMING_DISTRO_SYNC]  

2022-07-05 17:49:46,172 INFO Register tps control,pointName=NAMING_DISTRO_SYNC_SUCCESS, point=com.alibaba.nacos.core.remote.control.TpsMonitorPoint@2a79e61f 

2022-07-05 17:49:46,172 INFO Load rule from local,pointName=NAMING_DISTRO_SYNC_SUCCESS, ruleContent= 

2022-07-05 17:49:46,172 INFO Apply tps control rule parse start,pointName=[NAMING_DISTRO_SYNC_SUCCESS]  

2022-07-05 17:49:46,172 INFO Clear point  control rule ,pointName=[NAMING_DISTRO_SYNC_SUCCESS]  

2022-07-05 17:49:46,172 INFO Clear point  control rule for monitorKeys, pointName=[NAMING_DISTRO_SYNC_SUCCESS]  

2022-07-05 17:49:46,172 INFO Register tps control,pointName=NAMING_DISTRO_SYNC_FAIL, point=com.alibaba.nacos.core.remote.control.TpsMonitorPoint@ce623aa 

2022-07-05 17:49:46,172 INFO Load rule from local,pointName=NAMING_DISTRO_SYNC_FAIL, ruleContent= 

2022-07-05 17:49:46,172 INFO Apply tps control rule parse start,pointName=[NAMING_DISTRO_SYNC_FAIL]  

2022-07-05 17:49:46,172 INFO Clear point  control rule ,pointName=[NAMING_DISTRO_SYNC_FAIL]  

2022-07-05 17:49:46,172 INFO Clear point  control rule for monitorKeys, pointName=[NAMING_DISTRO_SYNC_FAIL]  

2022-07-05 17:49:46,172 INFO Register tps control,pointName=NAMING_DISTRO_VERIFY, point=com.alibaba.nacos.core.remote.control.TpsMonitorPoint@2cfea386 

2022-07-05 17:49:46,172 INFO Load rule from local,pointName=NAMING_DISTRO_VERIFY, ruleContent= 

2022-07-05 17:49:46,173 INFO Apply tps control rule parse start,pointName=[NAMING_DISTRO_VERIFY]  

2022-07-05 17:49:46,173 INFO Clear point  control rule ,pointName=[NAMING_DISTRO_VERIFY]  

2022-07-05 17:49:46,173 INFO Clear point  control rule for monitorKeys, pointName=[NAMING_DISTRO_VERIFY]  

2022-07-05 17:49:46,173 INFO Register tps control,pointName=NAMING_DISTRO_VERIFY_SUCCESS, point=com.alibaba.nacos.core.remote.control.TpsMonitorPoint@34048182 

2022-07-05 17:49:46,173 INFO Load rule from local,pointName=NAMING_DISTRO_VERIFY_SUCCESS, ruleContent= 

2022-07-05 17:49:46,173 INFO Apply tps control rule parse start,pointName=[NAMING_DISTRO_VERIFY_SUCCESS]  

2022-07-05 17:49:46,173 INFO Clear point  control rule ,pointName=[NAMING_DISTRO_VERIFY_SUCCESS]  

2022-07-05 17:49:46,173 INFO Clear point  control rule for monitorKeys, pointName=[NAMING_DISTRO_VERIFY_SUCCESS]  

2022-07-05 17:49:46,173 INFO Register tps control,pointName=NAMING_DISTRO_VERIFY_FAIL, point=com.alibaba.nacos.core.remote.control.TpsMonitorPoint@51a8d003 

2022-07-05 17:49:46,173 INFO Load rule from local,pointName=NAMING_DISTRO_VERIFY_FAIL, ruleContent= 

2022-07-05 17:49:46,173 INFO Apply tps control rule parse start,pointName=[NAMING_DISTRO_VERIFY_FAIL]  

2022-07-05 17:49:46,173 INFO Clear point  control rule ,pointName=[NAMING_DISTRO_VERIFY_FAIL]  

2022-07-05 17:49:46,173 INFO Clear point  control rule for monitorKeys, pointName=[NAMING_DISTRO_VERIFY_FAIL]  

