2022-07-05 17:56:19,029 INFO toNotifyTaskSize = 0

2022-07-05 17:56:19,029 INFO groupCount = 1, subscriberClientCount = 0, subscriberCount = 0

2022-07-05 17:56:19,030 INFO toClientNotifyTaskSize = 0

2022-07-05 17:56:19,060 INFO [long-pulling] client count 0

2022-07-05 17:56:29,042 INFO toNotifyTaskSize = 0

2022-07-05 17:56:29,042 INFO toClientNotifyTaskSize = 0

2022-07-05 17:56:29,042 INFO groupCount = 1, subscriberClientCount = 0, subscriberCount = 0

2022-07-05 17:56:29,073 INFO [long-pulling] client count 0

2022-07-05 17:56:39,049 INFO toNotifyTaskSize = 0

2022-07-05 17:56:39,049 INFO groupCount = 1, subscriberClientCount = 0, subscriberCount = 0

2022-07-05 17:56:39,049 INFO toClientNotifyTaskSize = 0

2022-07-05 17:56:39,081 INFO [long-pulling] client count 0

2022-07-05 17:56:49,065 INFO toNotifyTaskSize = 0

2022-07-05 17:56:49,065 INFO groupCount = 1, subscriberClientCount = 0, subscriberCount = 0

2022-07-05 17:56:49,065 INFO toClientNotifyTaskSize = 0

2022-07-05 17:56:49,096 INFO [long-pulling] client count 0

2022-07-05 17:56:59,074 INFO toNotifyTaskSize = 0

2022-07-05 17:56:59,074 INFO groupCount = 1, subscriberClientCount = 0, subscriberCount = 0

2022-07-05 17:56:59,074 INFO toClientNotifyTaskSize = 0

2022-07-05 17:56:59,106 INFO [long-pulling] client count 0

2022-07-05 17:57:09,078 INFO toNotifyTaskSize = 0

2022-07-05 17:57:09,078 INFO toClientNotifyTaskSize = 0

2022-07-05 17:57:09,078 INFO groupCount = 1, subscriberClientCount = 0, subscriberCount = 0

2022-07-05 17:57:09,109 INFO [long-pulling] client count 0

2022-07-05 17:57:19,090 INFO groupCount = 1, subscriberClientCount = 0, subscriberCount = 0

2022-07-05 17:57:19,090 INFO toNotifyTaskSize = 0

2022-07-05 17:57:19,090 INFO toClientNotifyTaskSize = 0

2022-07-05 17:57:19,121 INFO [long-pulling] client count 0

2022-07-05 17:57:29,093 INFO groupCount = 1, subscriberClientCount = 0, subscriberCount = 0

2022-07-05 17:57:29,093 INFO toNotifyTaskSize = 0

2022-07-05 17:57:29,093 INFO toClientNotifyTaskSize = 0

2022-07-05 17:57:29,125 INFO [long-pulling] client count 0

2022-07-05 17:57:39,096 INFO groupCount = 1, subscriberClientCount = 0, subscriberCount = 0

2022-07-05 17:57:39,096 INFO toNotifyTaskSize = 0

2022-07-05 17:57:39,096 INFO toClientNotifyTaskSize = 0

2022-07-05 17:57:39,128 INFO [long-pulling] client count 0

2022-07-05 17:57:49,100 INFO groupCount = 1, subscriberClientCount = 0, subscriberCount = 0

2022-07-05 17:57:49,100 INFO toNotifyTaskSize = 0

2022-07-05 17:57:49,100 INFO toClientNotifyTaskSize = 0

2022-07-05 17:57:49,131 INFO [long-pulling] client count 0

2022-07-05 17:57:59,109 INFO groupCount = 1, subscriberClientCount = 0, subscriberCount = 0

2022-07-05 17:57:59,109 INFO toNotifyTaskSize = 0

2022-07-05 17:57:59,109 INFO toClientNotifyTaskSize = 0

2022-07-05 17:57:59,140 INFO [long-pulling] client count 0

2022-07-05 17:58:09,118 INFO groupCount = 1, subscriberClientCount = 0, subscriberCount = 0

2022-07-05 17:58:09,118 INFO toNotifyTaskSize = 0

2022-07-05 17:58:09,118 INFO toClientNotifyTaskSize = 0

2022-07-05 17:58:09,150 INFO [long-pulling] client count 0

2022-07-05 17:58:19,128 INFO toNotifyTaskSize = 0

2022-07-05 17:58:19,128 INFO groupCount = 1, subscriberClientCount = 0, subscriberCount = 0

2022-07-05 17:58:19,128 INFO toClientNotifyTaskSize = 0

2022-07-05 17:58:19,160 INFO [long-pulling] client count 0

2022-07-05 17:58:29,134 INFO toNotifyTaskSize = 0

2022-07-05 17:58:29,134 INFO toClientNotifyTaskSize = 0

2022-07-05 17:58:29,134 INFO groupCount = 1, subscriberClientCount = 0, subscriberCount = 0

2022-07-05 17:58:29,164 INFO [long-pulling] client count 0

2022-07-05 17:58:39,146 INFO groupCount = 1, subscriberClientCount = 0, subscriberCount = 0

2022-07-05 17:58:39,146 INFO toNotifyTaskSize = 0

2022-07-05 17:58:39,146 INFO toClientNotifyTaskSize = 0

2022-07-05 17:58:39,177 INFO [long-pulling] client count 0

2022-07-05 17:58:49,159 INFO toNotifyTaskSize = 0

2022-07-05 17:58:49,159 INFO groupCount = 1, subscriberClientCount = 0, subscriberCount = 0

2022-07-05 17:58:49,159 INFO toClientNotifyTaskSize = 0

2022-07-05 17:58:49,189 INFO [long-pulling] client count 0

2022-07-05 17:58:59,165 INFO toNotifyTaskSize = 0

2022-07-05 17:58:59,165 INFO toClientNotifyTaskSize = 0

2022-07-05 17:58:59,165 INFO groupCount = 1, subscriberClientCount = 0, subscriberCount = 0

2022-07-05 17:58:59,195 INFO [long-pulling] client count 0

2022-07-05 17:59:09,172 INFO groupCount = 1, subscriberClientCount = 0, subscriberCount = 0

2022-07-05 17:59:09,172 INFO toNotifyTaskSize = 0

2022-07-05 17:59:09,172 INFO toClientNotifyTaskSize = 0

2022-07-05 17:59:09,204 INFO [long-pulling] client count 0

2022-07-05 17:59:19,173 INFO toNotifyTaskSize = 0

2022-07-05 17:59:19,173 INFO groupCount = 1, subscriberClientCount = 0, subscriberCount = 0

2022-07-05 17:59:19,173 INFO toClientNotifyTaskSize = 0

2022-07-05 17:59:19,205 INFO [long-pulling] client count 0

2022-07-05 17:59:29,185 INFO toNotifyTaskSize = 0

2022-07-05 17:59:29,185 INFO groupCount = 1, subscriberClientCount = 0, subscriberCount = 0

2022-07-05 17:59:29,185 INFO toClientNotifyTaskSize = 0

2022-07-05 17:59:29,216 INFO [long-pulling] client count 0

2022-07-05 17:59:39,189 INFO toNotifyTaskSize = 0

2022-07-05 17:59:39,189 INFO toClientNotifyTaskSize = 0

2022-07-05 17:59:39,189 INFO groupCount = 1, subscriberClientCount = 0, subscriberCount = 0

2022-07-05 17:59:39,220 INFO [long-pulling] client count 0

2022-07-05 17:59:49,198 INFO toNotifyTaskSize = 0

2022-07-05 17:59:49,198 INFO groupCount = 1, subscriberClientCount = 0, subscriberCount = 0

2022-07-05 17:59:49,198 INFO toClientNotifyTaskSize = 0

2022-07-05 17:59:49,230 INFO [long-pulling] client count 0

2022-07-05 17:59:59,204 INFO toNotifyTaskSize = 0

2022-07-05 17:59:59,204 INFO toClientNotifyTaskSize = 0

2022-07-05 17:59:59,204 INFO groupCount = 1, subscriberClientCount = 0, subscriberCount = 0

2022-07-05 17:59:59,234 INFO [long-pulling] client count 0

2022-07-05 18:00:09,205 INFO toNotifyTaskSize = 0

2022-07-05 18:00:09,205 INFO toClientNotifyTaskSize = 0

2022-07-05 18:00:09,205 INFO groupCount = 1, subscriberClientCount = 0, subscriberCount = 0

2022-07-05 18:00:09,236 INFO [long-pulling] client count 0

2022-07-05 18:00:19,217 INFO toNotifyTaskSize = 0

2022-07-05 18:00:19,217 INFO groupCount = 1, subscriberClientCount = 0, subscriberCount = 0

2022-07-05 18:00:19,217 INFO toClientNotifyTaskSize = 0

2022-07-05 18:00:19,249 INFO [long-pulling] client count 0

2022-07-05 18:00:29,231 INFO toNotifyTaskSize = 0

2022-07-05 18:00:29,231 INFO toClientNotifyTaskSize = 0

2022-07-05 18:00:29,231 INFO groupCount = 1, subscriberClientCount = 0, subscriberCount = 0

2022-07-05 18:00:29,261 INFO [long-pulling] client count 0

2022-07-05 18:00:39,237 INFO groupCount = 1, subscriberClientCount = 0, subscriberCount = 0

2022-07-05 18:00:39,237 INFO toNotifyTaskSize = 0

2022-07-05 18:00:39,237 INFO toClientNotifyTaskSize = 0

2022-07-05 18:00:39,268 INFO [long-pulling] client count 0

2022-07-05 18:00:49,250 INFO toNotifyTaskSize = 0

2022-07-05 18:00:49,250 INFO toClientNotifyTaskSize = 0

2022-07-05 18:00:49,250 INFO groupCount = 1, subscriberClientCount = 0, subscriberCount = 0

2022-07-05 18:00:49,282 INFO [long-pulling] client count 0

2022-07-05 18:00:59,250 INFO toNotifyTaskSize = 0

2022-07-05 18:00:59,250 INFO toClientNotifyTaskSize = 0

2022-07-05 18:00:59,250 INFO groupCount = 1, subscriberClientCount = 0, subscriberCount = 0

2022-07-05 18:00:59,282 INFO [long-pulling] client count 0

2022-07-05 18:01:09,252 INFO toNotifyTaskSize = 0

2022-07-05 18:01:09,252 INFO groupCount = 1, subscriberClientCount = 0, subscriberCount = 0

2022-07-05 18:01:09,252 INFO toClientNotifyTaskSize = 0

2022-07-05 18:01:09,283 INFO [long-pulling] client count 0

2022-07-05 18:01:19,267 INFO groupCount = 1, subscriberClientCount = 0, subscriberCount = 0

2022-07-05 18:01:19,267 INFO toNotifyTaskSize = 0

2022-07-05 18:01:19,267 INFO toClientNotifyTaskSize = 0

2022-07-05 18:01:19,298 INFO [long-pulling] client count 0

2022-07-05 18:01:29,271 INFO toNotifyTaskSize = 0

2022-07-05 18:01:29,271 INFO toClientNotifyTaskSize = 0

2022-07-05 18:01:29,271 INFO groupCount = 1, subscriberClientCount = 0, subscriberCount = 0

2022-07-05 18:01:29,302 INFO [long-pulling] client count 0

2022-07-05 18:01:39,274 INFO groupCount = 1, subscriberClientCount = 0, subscriberCount = 0

2022-07-05 18:01:39,274 INFO toNotifyTaskSize = 0

2022-07-05 18:01:39,274 INFO toClientNotifyTaskSize = 0

2022-07-05 18:01:39,306 INFO [long-pulling] client count 0

2022-07-05 18:01:49,281 INFO groupCount = 1, subscriberClientCount = 0, subscriberCount = 0

2022-07-05 18:01:49,281 INFO toNotifyTaskSize = 0

2022-07-05 18:01:49,281 INFO toClientNotifyTaskSize = 0

2022-07-05 18:01:49,312 INFO [long-pulling] client count 0

2022-07-05 18:01:59,296 INFO toNotifyTaskSize = 0

2022-07-05 18:01:59,296 INFO groupCount = 1, subscriberClientCount = 0, subscriberCount = 0

2022-07-05 18:01:59,296 INFO toClientNotifyTaskSize = 0

2022-07-05 18:01:59,312 INFO [long-pulling] client count 0

2022-07-05 18:02:09,305 INFO toNotifyTaskSize = 0

2022-07-05 18:02:09,305 INFO groupCount = 1, subscriberClientCount = 0, subscriberCount = 0

2022-07-05 18:02:09,305 INFO toClientNotifyTaskSize = 0

2022-07-05 18:02:09,321 INFO [long-pulling] client count 0

2022-07-05 18:02:19,314 INFO groupCount = 1, subscriberClientCount = 0, subscriberCount = 0

2022-07-05 18:02:19,314 INFO toNotifyTaskSize = 0

2022-07-05 18:02:19,314 INFO toClientNotifyTaskSize = 0

2022-07-05 18:02:19,329 INFO [long-pulling] client count 0

2022-07-05 18:02:29,320 INFO groupCount = 1, subscriberClientCount = 0, subscriberCount = 0

2022-07-05 18:02:29,320 INFO toNotifyTaskSize = 0

2022-07-05 18:02:29,320 INFO toClientNotifyTaskSize = 0

2022-07-05 18:02:29,336 INFO [long-pulling] client count 0

2022-07-05 18:02:39,333 INFO toNotifyTaskSize = 0

2022-07-05 18:02:39,333 INFO groupCount = 1, subscriberClientCount = 0, subscriberCount = 0

2022-07-05 18:02:39,333 INFO toClientNotifyTaskSize = 0

2022-07-05 18:02:39,349 INFO [long-pulling] client count 0

2022-07-05 18:02:49,348 INFO toNotifyTaskSize = 0

2022-07-05 18:02:49,348 INFO toClientNotifyTaskSize = 0

2022-07-05 18:02:49,348 INFO groupCount = 1, subscriberClientCount = 0, subscriberCount = 0

2022-07-05 18:02:49,365 INFO [long-pulling] client count 0

2022-07-05 18:02:59,352 INFO toNotifyTaskSize = 0

2022-07-05 18:02:59,352 INFO groupCount = 1, subscriberClientCount = 0, subscriberCount = 0

2022-07-05 18:02:59,352 INFO toClientNotifyTaskSize = 0

2022-07-05 18:02:59,368 INFO [long-pulling] client count 0

2022-07-05 18:03:09,366 INFO toNotifyTaskSize = 0

2022-07-05 18:03:09,366 INFO toClientNotifyTaskSize = 0

2022-07-05 18:03:09,366 INFO groupCount = 1, subscriberClientCount = 0, subscriberCount = 0

2022-07-05 18:03:09,381 INFO [long-pulling] client count 0

2022-07-05 18:03:19,377 INFO toNotifyTaskSize = 0

2022-07-05 18:03:19,377 INFO toClientNotifyTaskSize = 0

2022-07-05 18:03:19,377 INFO groupCount = 1, subscriberClientCount = 0, subscriberCount = 0

2022-07-05 18:03:19,393 INFO [long-pulling] client count 0

2022-07-05 18:03:29,389 INFO toNotifyTaskSize = 0

2022-07-05 18:03:29,389 INFO toClientNotifyTaskSize = 0

2022-07-05 18:03:29,389 INFO groupCount = 1, subscriberClientCount = 0, subscriberCount = 0

2022-07-05 18:03:29,405 INFO [long-pulling] client count 0

2022-07-05 18:03:39,401 INFO toNotifyTaskSize = 0

2022-07-05 18:03:39,401 INFO toClientNotifyTaskSize = 0

2022-07-05 18:03:39,401 INFO groupCount = 1, subscriberClientCount = 0, subscriberCount = 0

2022-07-05 18:03:39,416 INFO [long-pulling] client count 0

2022-07-05 18:03:49,403 INFO groupCount = 1, subscriberClientCount = 0, subscriberCount = 0

2022-07-05 18:03:49,403 INFO toNotifyTaskSize = 0

2022-07-05 18:03:49,403 INFO toClientNotifyTaskSize = 0

2022-07-05 18:03:49,419 INFO [long-pulling] client count 0

2022-07-05 18:03:59,403 INFO toNotifyTaskSize = 0

2022-07-05 18:03:59,403 INFO toClientNotifyTaskSize = 0

2022-07-05 18:03:59,403 INFO groupCount = 1, subscriberClientCount = 0, subscriberCount = 0

2022-07-05 18:03:59,434 INFO [long-pulling] client count 0

2022-07-05 18:04:09,409 INFO toNotifyTaskSize = 0

2022-07-05 18:04:09,409 INFO groupCount = 1, subscriberClientCount = 0, subscriberCount = 0

2022-07-05 18:04:09,409 INFO toClientNotifyTaskSize = 0

2022-07-05 18:04:09,440 INFO [long-pulling] client count 0

2022-07-05 18:04:19,424 INFO toNotifyTaskSize = 0

2022-07-05 18:04:19,424 INFO groupCount = 1, subscriberClientCount = 0, subscriberCount = 0

2022-07-05 18:04:19,424 INFO toClientNotifyTaskSize = 0

2022-07-05 18:04:19,454 INFO [long-pulling] client count 0

2022-07-05 18:04:29,433 INFO toNotifyTaskSize = 0

2022-07-05 18:04:29,433 INFO toClientNotifyTaskSize = 0

2022-07-05 18:04:29,433 INFO groupCount = 1, subscriberClientCount = 0, subscriberCount = 0

2022-07-05 18:04:29,463 INFO [long-pulling] client count 0

2022-07-05 18:04:39,444 INFO groupCount = 1, subscriberClientCount = 0, subscriberCount = 0

2022-07-05 18:04:39,444 INFO toNotifyTaskSize = 0

2022-07-05 18:04:39,444 INFO toClientNotifyTaskSize = 0

2022-07-05 18:04:39,475 INFO [long-pulling] client count 0

2022-07-05 18:04:49,456 INFO toNotifyTaskSize = 0

2022-07-05 18:04:49,456 INFO toClientNotifyTaskSize = 0

2022-07-05 18:04:49,456 INFO groupCount = 1, subscriberClientCount = 0, subscriberCount = 0

2022-07-05 18:04:49,487 INFO [long-pulling] client count 0

2022-07-05 18:04:59,459 INFO toNotifyTaskSize = 0

2022-07-05 18:04:59,459 INFO groupCount = 1, subscriberClientCount = 0, subscriberCount = 0

2022-07-05 18:04:59,459 INFO toClientNotifyTaskSize = 0

2022-07-05 18:04:59,490 INFO [long-pulling] client count 0

2022-07-05 18:05:09,464 INFO toNotifyTaskSize = 0

2022-07-05 18:05:09,464 INFO toClientNotifyTaskSize = 0

2022-07-05 18:05:09,464 INFO groupCount = 1, subscriberClientCount = 0, subscriberCount = 0

2022-07-05 18:05:09,495 INFO [long-pulling] client count 0

2022-07-05 18:05:19,476 INFO toNotifyTaskSize = 0

2022-07-05 18:05:19,476 INFO toClientNotifyTaskSize = 0

2022-07-05 18:05:19,476 INFO groupCount = 1, subscriberClientCount = 0, subscriberCount = 0

2022-07-05 18:05:19,508 INFO [long-pulling] client count 0

2022-07-05 18:05:29,485 INFO toNotifyTaskSize = 0

2022-07-05 18:05:29,485 INFO groupCount = 1, subscriberClientCount = 0, subscriberCount = 0

2022-07-05 18:05:29,485 INFO toClientNotifyTaskSize = 0

2022-07-05 18:05:29,516 INFO [long-pulling] client count 0

2022-07-05 18:05:39,486 INFO toNotifyTaskSize = 0

2022-07-05 18:05:39,486 INFO groupCount = 1, subscriberClientCount = 0, subscriberCount = 0

2022-07-05 18:05:39,486 INFO toClientNotifyTaskSize = 0

2022-07-05 18:05:39,531 INFO [long-pulling] client count 0

2022-07-05 18:05:49,501 INFO toNotifyTaskSize = 0

2022-07-05 18:05:49,501 INFO toClientNotifyTaskSize = 0

2022-07-05 18:05:49,501 INFO groupCount = 1, subscriberClientCount = 0, subscriberCount = 0

2022-07-05 18:05:49,532 INFO [long-pulling] client count 0

2022-07-05 18:05:59,512 INFO groupCount = 1, subscriberClientCount = 0, subscriberCount = 0

2022-07-05 18:05:59,512 INFO toNotifyTaskSize = 0

2022-07-05 18:05:59,512 INFO toClientNotifyTaskSize = 0

2022-07-05 18:05:59,544 INFO [long-pulling] client count 0

2022-07-05 18:06:09,513 INFO toNotifyTaskSize = 0

2022-07-05 18:06:09,513 INFO toClientNotifyTaskSize = 0

2022-07-05 18:06:09,513 INFO groupCount = 1, subscriberClientCount = 0, subscriberCount = 0

2022-07-05 18:06:09,545 INFO [long-pulling] client count 0

2022-07-05 18:06:19,519 INFO toNotifyTaskSize = 0

2022-07-05 18:06:19,519 INFO groupCount = 1, subscriberClientCount = 0, subscriberCount = 0

2022-07-05 18:06:19,519 INFO toClientNotifyTaskSize = 0

2022-07-05 18:06:19,551 INFO [long-pulling] client count 0

2022-07-05 18:06:29,526 INFO toNotifyTaskSize = 0

2022-07-05 18:06:29,526 INFO groupCount = 1, subscriberClientCount = 0, subscriberCount = 0

2022-07-05 18:06:29,526 INFO toClientNotifyTaskSize = 0

2022-07-05 18:06:29,558 INFO [long-pulling] client count 0

2022-07-05 18:06:39,538 INFO toNotifyTaskSize = 0

2022-07-05 18:06:39,538 INFO groupCount = 1, subscriberClientCount = 0, subscriberCount = 0

2022-07-05 18:06:39,538 INFO toClientNotifyTaskSize = 0

2022-07-05 18:06:39,570 INFO [long-pulling] client count 0

2022-07-05 18:06:49,544 INFO toNotifyTaskSize = 0

2022-07-05 18:06:49,544 INFO groupCount = 1, subscriberClientCount = 0, subscriberCount = 0

2022-07-05 18:06:49,544 INFO toClientNotifyTaskSize = 0

2022-07-05 18:06:49,576 INFO [long-pulling] client count 0

2022-07-05 18:06:59,554 INFO groupCount = 1, subscriberClientCount = 0, subscriberCount = 0

2022-07-05 18:06:59,554 INFO toNotifyTaskSize = 0

2022-07-05 18:06:59,554 INFO toClientNotifyTaskSize = 0

2022-07-05 18:06:59,585 INFO [long-pulling] client count 0

2022-07-05 18:07:09,560 INFO toNotifyTaskSize = 0

2022-07-05 18:07:09,560 INFO toClientNotifyTaskSize = 0

2022-07-05 18:07:09,560 INFO groupCount = 1, subscriberClientCount = 0, subscriberCount = 0

2022-07-05 18:07:09,591 INFO [long-pulling] client count 0

2022-07-05 18:07:19,562 INFO groupCount = 1, subscriberClientCount = 0, subscriberCount = 0

2022-07-05 18:07:19,562 INFO toNotifyTaskSize = 0

2022-07-05 18:07:19,562 INFO toClientNotifyTaskSize = 0

2022-07-05 18:07:19,593 INFO [long-pulling] client count 0

2022-07-05 18:07:29,571 INFO toNotifyTaskSize = 0

2022-07-05 18:07:29,571 INFO groupCount = 1, subscriberClientCount = 0, subscriberCount = 0

2022-07-05 18:07:29,571 INFO toClientNotifyTaskSize = 0

2022-07-05 18:07:29,602 INFO [long-pulling] client count 0

2022-07-05 18:07:39,580 INFO toNotifyTaskSize = 0

2022-07-05 18:07:39,580 INFO toClientNotifyTaskSize = 0

2022-07-05 18:07:39,580 INFO groupCount = 1, subscriberClientCount = 0, subscriberCount = 0

2022-07-05 18:07:39,611 INFO [long-pulling] client count 0

2022-07-05 18:07:49,582 INFO toNotifyTaskSize = 0

2022-07-05 18:07:49,582 INFO groupCount = 1, subscriberClientCount = 0, subscriberCount = 0

2022-07-05 18:07:49,582 INFO toClientNotifyTaskSize = 0

2022-07-05 18:07:49,613 INFO [long-pulling] client count 0

2022-07-05 18:07:59,594 INFO toNotifyTaskSize = 0

2022-07-05 18:07:59,594 INFO groupCount = 1, subscriberClientCount = 0, subscriberCount = 0

2022-07-05 18:07:59,594 INFO toClientNotifyTaskSize = 0

2022-07-05 18:07:59,624 INFO [long-pulling] client count 0

2022-07-05 18:08:09,600 INFO toNotifyTaskSize = 0

2022-07-05 18:08:09,600 INFO groupCount = 1, subscriberClientCount = 0, subscriberCount = 0

2022-07-05 18:08:09,600 INFO toClientNotifyTaskSize = 0

2022-07-05 18:08:09,631 INFO [long-pulling] client count 0

2022-07-05 18:08:19,606 INFO toNotifyTaskSize = 0

2022-07-05 18:08:19,606 INFO groupCount = 1, subscriberClientCount = 0, subscriberCount = 0

2022-07-05 18:08:19,606 INFO toClientNotifyTaskSize = 0

2022-07-05 18:08:19,637 INFO [long-pulling] client count 0

2022-07-05 18:08:29,613 INFO toNotifyTaskSize = 0

2022-07-05 18:08:29,613 INFO groupCount = 1, subscriberClientCount = 0, subscriberCount = 0

2022-07-05 18:08:29,613 INFO toClientNotifyTaskSize = 0

2022-07-05 18:08:29,644 INFO [long-pulling] client count 0

2022-07-05 18:08:39,617 INFO toNotifyTaskSize = 0

2022-07-05 18:08:39,617 INFO toClientNotifyTaskSize = 0

2022-07-05 18:08:39,617 INFO groupCount = 1, subscriberClientCount = 0, subscriberCount = 0

2022-07-05 18:08:39,649 INFO [long-pulling] client count 0

2022-07-05 18:08:49,624 INFO toNotifyTaskSize = 0

2022-07-05 18:08:49,624 INFO groupCount = 1, subscriberClientCount = 0, subscriberCount = 0

2022-07-05 18:08:49,624 INFO toClientNotifyTaskSize = 0

2022-07-05 18:08:49,655 INFO [long-pulling] client count 0

2022-07-05 18:08:59,638 INFO groupCount = 1, subscriberClientCount = 0, subscriberCount = 0

2022-07-05 18:08:59,638 INFO toNotifyTaskSize = 0

2022-07-05 18:08:59,638 INFO toClientNotifyTaskSize = 0

2022-07-05 18:08:59,669 INFO [long-pulling] client count 0

2022-07-05 18:09:09,640 INFO groupCount = 1, subscriberClientCount = 0, subscriberCount = 0

2022-07-05 18:09:09,640 INFO toNotifyTaskSize = 0

2022-07-05 18:09:09,640 INFO toClientNotifyTaskSize = 0

2022-07-05 18:09:09,671 INFO [long-pulling] client count 0

2022-07-05 18:09:19,654 INFO groupCount = 1, subscriberClientCount = 0, subscriberCount = 0

2022-07-05 18:09:19,654 INFO toNotifyTaskSize = 0

2022-07-05 18:09:19,654 INFO toClientNotifyTaskSize = 0

2022-07-05 18:09:19,685 INFO [long-pulling] client count 0

2022-07-05 18:09:29,657 INFO toNotifyTaskSize = 0

2022-07-05 18:09:29,657 INFO groupCount = 1, subscriberClientCount = 0, subscriberCount = 0

2022-07-05 18:09:29,657 INFO toClientNotifyTaskSize = 0

2022-07-05 18:09:29,688 INFO [long-pulling] client count 0

2022-07-05 18:09:39,666 INFO toNotifyTaskSize = 0

2022-07-05 18:09:39,666 INFO toClientNotifyTaskSize = 0

2022-07-05 18:09:39,666 INFO groupCount = 1, subscriberClientCount = 0, subscriberCount = 0

2022-07-05 18:09:39,697 INFO [long-pulling] client count 0

2022-07-05 18:09:49,674 INFO toNotifyTaskSize = 0

2022-07-05 18:09:49,674 INFO groupCount = 1, subscriberClientCount = 0, subscriberCount = 0

2022-07-05 18:09:49,674 INFO toClientNotifyTaskSize = 0

2022-07-05 18:09:49,706 INFO [long-pulling] client count 0

2022-07-05 18:09:59,687 INFO toNotifyTaskSize = 0

2022-07-05 18:09:59,687 INFO groupCount = 1, subscriberClientCount = 0, subscriberCount = 0

2022-07-05 18:09:59,687 INFO toClientNotifyTaskSize = 0

2022-07-05 18:09:59,718 INFO [long-pulling] client count 0

2022-07-05 18:10:09,700 INFO groupCount = 1, subscriberClientCount = 0, subscriberCount = 0

2022-07-05 18:10:09,700 INFO toNotifyTaskSize = 0

2022-07-05 18:10:09,700 INFO toClientNotifyTaskSize = 0

2022-07-05 18:10:09,731 INFO [long-pulling] client count 0

2022-07-05 18:10:19,703 INFO groupCount = 1, subscriberClientCount = 0, subscriberCount = 0

2022-07-05 18:10:19,703 INFO toNotifyTaskSize = 0

2022-07-05 18:10:19,703 INFO toClientNotifyTaskSize = 0

2022-07-05 18:10:19,733 INFO [long-pulling] client count 0

2022-07-05 18:10:29,713 INFO toNotifyTaskSize = 0

2022-07-05 18:10:29,713 INFO groupCount = 1, subscriberClientCount = 0, subscriberCount = 0

2022-07-05 18:10:29,713 INFO toClientNotifyTaskSize = 0

2022-07-05 18:10:29,744 INFO [long-pulling] client count 0

2022-07-05 18:10:39,727 INFO groupCount = 1, subscriberClientCount = 0, subscriberCount = 0

2022-07-05 18:10:39,727 INFO toNotifyTaskSize = 0

2022-07-05 18:10:39,727 INFO toClientNotifyTaskSize = 0

2022-07-05 18:10:39,758 INFO [long-pulling] client count 0

2022-07-05 18:10:49,740 INFO toNotifyTaskSize = 0

2022-07-05 18:10:49,740 INFO toClientNotifyTaskSize = 0

2022-07-05 18:10:49,740 INFO groupCount = 1, subscriberClientCount = 0, subscriberCount = 0

2022-07-05 18:10:49,771 INFO [long-pulling] client count 0

2022-07-05 18:10:59,743 INFO toNotifyTaskSize = 0

2022-07-05 18:10:59,743 INFO toClientNotifyTaskSize = 0

2022-07-05 18:10:59,743 INFO groupCount = 1, subscriberClientCount = 0, subscriberCount = 0

2022-07-05 18:10:59,774 INFO [long-pulling] client count 0

2022-07-05 18:11:09,748 INFO groupCount = 1, subscriberClientCount = 0, subscriberCount = 0

2022-07-05 18:11:09,748 INFO toNotifyTaskSize = 0

2022-07-05 18:11:09,748 INFO toClientNotifyTaskSize = 0

2022-07-05 18:11:09,780 INFO [long-pulling] client count 0

2022-07-05 18:11:19,759 INFO toNotifyTaskSize = 0

2022-07-05 18:11:19,759 INFO groupCount = 1, subscriberClientCount = 0, subscriberCount = 0

2022-07-05 18:11:19,759 INFO toClientNotifyTaskSize = 0

2022-07-05 18:11:19,791 INFO [long-pulling] client count 0

2022-07-05 18:11:29,773 INFO groupCount = 1, subscriberClientCount = 0, subscriberCount = 0

2022-07-05 18:11:29,773 INFO toNotifyTaskSize = 0

2022-07-05 18:11:29,773 INFO toClientNotifyTaskSize = 0

2022-07-05 18:11:29,804 INFO [long-pulling] client count 0

2022-07-05 18:11:39,777 INFO groupCount = 1, subscriberClientCount = 0, subscriberCount = 0

2022-07-05 18:11:39,777 INFO toNotifyTaskSize = 0

2022-07-05 18:11:39,777 INFO toClientNotifyTaskSize = 0

2022-07-05 18:11:39,808 INFO [long-pulling] client count 0

2022-07-05 18:11:49,785 INFO toNotifyTaskSize = 0

2022-07-05 18:11:49,785 INFO groupCount = 1, subscriberClientCount = 0, subscriberCount = 0

2022-07-05 18:11:49,785 INFO toClientNotifyTaskSize = 0

2022-07-05 18:11:49,817 INFO [long-pulling] client count 0

2022-07-05 18:11:59,796 INFO groupCount = 1, subscriberClientCount = 0, subscriberCount = 0

2022-07-05 18:11:59,796 INFO toNotifyTaskSize = 0

2022-07-05 18:11:59,796 INFO toClientNotifyTaskSize = 0

2022-07-05 18:11:59,828 INFO [long-pulling] client count 0

2022-07-05 18:12:09,809 INFO groupCount = 1, subscriberClientCount = 0, subscriberCount = 0

2022-07-05 18:12:09,809 INFO toNotifyTaskSize = 0

2022-07-05 18:12:09,809 INFO toClientNotifyTaskSize = 0

2022-07-05 18:12:09,840 INFO [long-pulling] client count 0

2022-07-05 18:12:19,821 INFO toNotifyTaskSize = 0

2022-07-05 18:12:19,821 INFO toClientNotifyTaskSize = 0

2022-07-05 18:12:19,821 INFO groupCount = 1, subscriberClientCount = 0, subscriberCount = 0

2022-07-05 18:12:19,852 INFO [long-pulling] client count 0

2022-07-05 18:12:29,826 INFO toNotifyTaskSize = 0

2022-07-05 18:12:29,826 INFO toClientNotifyTaskSize = 0

2022-07-05 18:12:29,826 INFO groupCount = 1, subscriberClientCount = 0, subscriberCount = 0

2022-07-05 18:12:29,857 INFO [long-pulling] client count 0

2022-07-05 18:12:39,832 INFO toNotifyTaskSize = 0

2022-07-05 18:12:39,832 INFO toClientNotifyTaskSize = 0

2022-07-05 18:12:39,832 INFO groupCount = 1, subscriberClientCount = 0, subscriberCount = 0

2022-07-05 18:12:39,864 INFO [long-pulling] client count 0

2022-07-05 18:12:49,840 INFO groupCount = 1, subscriberClientCount = 0, subscriberCount = 0

2022-07-05 18:12:49,840 INFO toNotifyTaskSize = 0

2022-07-05 18:12:49,840 INFO toClientNotifyTaskSize = 0

2022-07-05 18:12:49,870 INFO [long-pulling] client count 0

2022-07-05 18:12:59,844 INFO toNotifyTaskSize = 0

2022-07-05 18:12:59,844 INFO toClientNotifyTaskSize = 0

2022-07-05 18:12:59,844 INFO groupCount = 1, subscriberClientCount = 0, subscriberCount = 0

2022-07-05 18:12:59,875 INFO [long-pulling] client count 0

2022-07-05 18:13:09,847 INFO toNotifyTaskSize = 0

2022-07-05 18:13:09,847 INFO toClientNotifyTaskSize = 0

2022-07-05 18:13:09,847 INFO groupCount = 1, subscriberClientCount = 0, subscriberCount = 0

2022-07-05 18:13:09,878 INFO [long-pulling] client count 0

2022-07-05 18:13:19,851 INFO toNotifyTaskSize = 0

2022-07-05 18:13:19,851 INFO toClientNotifyTaskSize = 0

2022-07-05 18:13:19,851 INFO groupCount = 1, subscriberClientCount = 0, subscriberCount = 0

2022-07-05 18:13:19,881 INFO [long-pulling] client count 0

2022-07-05 18:13:29,858 INFO toNotifyTaskSize = 0

2022-07-05 18:13:29,858 INFO toClientNotifyTaskSize = 0

2022-07-05 18:13:29,858 INFO groupCount = 1, subscriberClientCount = 0, subscriberCount = 0

2022-07-05 18:13:29,889 INFO [long-pulling] client count 0

2022-07-05 18:13:39,864 INFO toNotifyTaskSize = 0

2022-07-05 18:13:39,864 INFO groupCount = 1, subscriberClientCount = 0, subscriberCount = 0

2022-07-05 18:13:39,864 INFO toClientNotifyTaskSize = 0

2022-07-05 18:13:39,895 INFO [long-pulling] client count 0

2022-07-05 18:13:49,872 INFO toNotifyTaskSize = 0

2022-07-05 18:13:49,872 INFO groupCount = 1, subscriberClientCount = 0, subscriberCount = 0

2022-07-05 18:13:49,872 INFO toClientNotifyTaskSize = 0

2022-07-05 18:13:49,903 INFO [long-pulling] client count 0

2022-07-05 18:13:59,879 INFO toNotifyTaskSize = 0

2022-07-05 18:13:59,879 INFO toClientNotifyTaskSize = 0

2022-07-05 18:13:59,879 INFO groupCount = 1, subscriberClientCount = 0, subscriberCount = 0

2022-07-05 18:13:59,911 INFO [long-pulling] client count 0

2022-07-05 18:14:09,882 INFO groupCount = 1, subscriberClientCount = 0, subscriberCount = 0

2022-07-05 18:14:09,882 INFO toNotifyTaskSize = 0

2022-07-05 18:14:09,882 INFO toClientNotifyTaskSize = 0

2022-07-05 18:14:09,913 INFO [long-pulling] client count 0

2022-07-05 18:14:19,887 INFO groupCount = 1, subscriberClientCount = 0, subscriberCount = 0

2022-07-05 18:14:19,887 INFO toNotifyTaskSize = 0

2022-07-05 18:14:19,887 INFO toClientNotifyTaskSize = 0

2022-07-05 18:14:19,919 INFO [long-pulling] client count 0

2022-07-05 18:14:29,892 INFO groupCount = 1, subscriberClientCount = 0, subscriberCount = 0

2022-07-05 18:14:29,892 INFO toNotifyTaskSize = 0

2022-07-05 18:14:29,892 INFO toClientNotifyTaskSize = 0

2022-07-05 18:14:29,922 INFO [long-pulling] client count 0

2022-07-05 18:14:39,901 INFO toNotifyTaskSize = 0

2022-07-05 18:14:39,901 INFO groupCount = 1, subscriberClientCount = 0, subscriberCount = 0

2022-07-05 18:14:39,901 INFO toClientNotifyTaskSize = 0

2022-07-05 18:14:39,932 INFO [long-pulling] client count 0

2022-07-05 18:14:49,908 INFO toNotifyTaskSize = 0

2022-07-05 18:14:49,908 INFO groupCount = 1, subscriberClientCount = 0, subscriberCount = 0

2022-07-05 18:14:49,908 INFO toClientNotifyTaskSize = 0

2022-07-05 18:14:49,939 INFO [long-pulling] client count 0

2022-07-05 18:14:59,914 INFO toNotifyTaskSize = 0

2022-07-05 18:14:59,914 INFO groupCount = 1, subscriberClientCount = 0, subscriberCount = 0

2022-07-05 18:14:59,914 INFO toClientNotifyTaskSize = 0

2022-07-05 18:14:59,945 INFO [long-pulling] client count 0

2022-07-05 18:15:09,923 INFO toNotifyTaskSize = 0

2022-07-05 18:15:09,923 INFO toClientNotifyTaskSize = 0

2022-07-05 18:15:09,923 INFO groupCount = 1, subscriberClientCount = 0, subscriberCount = 0

2022-07-05 18:15:09,953 INFO [long-pulling] client count 0

2022-07-05 18:15:19,925 INFO toNotifyTaskSize = 0

2022-07-05 18:15:19,925 INFO groupCount = 1, subscriberClientCount = 0, subscriberCount = 0

2022-07-05 18:15:19,925 INFO toClientNotifyTaskSize = 0

2022-07-05 18:15:19,957 INFO [long-pulling] client count 0

2022-07-05 18:15:29,933 INFO toNotifyTaskSize = 0

2022-07-05 18:15:29,933 INFO groupCount = 1, subscriberClientCount = 0, subscriberCount = 0

2022-07-05 18:15:29,933 INFO toClientNotifyTaskSize = 0

2022-07-05 18:15:29,964 INFO [long-pulling] client count 0

2022-07-05 18:15:39,946 INFO toNotifyTaskSize = 0

2022-07-05 18:15:39,946 INFO groupCount = 1, subscriberClientCount = 0, subscriberCount = 0

2022-07-05 18:15:39,946 INFO toClientNotifyTaskSize = 0

2022-07-05 18:15:39,977 INFO [long-pulling] client count 0

2022-07-05 18:15:49,946 INFO toNotifyTaskSize = 0

2022-07-05 18:15:49,946 INFO toClientNotifyTaskSize = 0

2022-07-05 18:15:49,946 INFO groupCount = 1, subscriberClientCount = 0, subscriberCount = 0

2022-07-05 18:15:49,977 INFO [long-pulling] client count 0

2022-07-05 18:15:59,948 INFO toNotifyTaskSize = 0

2022-07-05 18:15:59,948 INFO groupCount = 1, subscriberClientCount = 0, subscriberCount = 0

2022-07-05 18:15:59,948 INFO toClientNotifyTaskSize = 0

2022-07-05 18:15:59,979 INFO [long-pulling] client count 0

2022-07-05 18:16:09,958 INFO toNotifyTaskSize = 0

2022-07-05 18:16:09,958 INFO groupCount = 1, subscriberClientCount = 0, subscriberCount = 0

2022-07-05 18:16:09,958 INFO toClientNotifyTaskSize = 0

2022-07-05 18:16:09,988 INFO [long-pulling] client count 0

2022-07-05 18:16:19,961 INFO toNotifyTaskSize = 0

2022-07-05 18:16:19,961 INFO toClientNotifyTaskSize = 0

2022-07-05 18:16:19,961 INFO groupCount = 1, subscriberClientCount = 0, subscriberCount = 0

2022-07-05 18:16:19,992 INFO [long-pulling] client count 0

2022-07-05 18:16:29,973 INFO toNotifyTaskSize = 0

2022-07-05 18:16:29,973 INFO toClientNotifyTaskSize = 0

2022-07-05 18:16:29,973 INFO groupCount = 1, subscriberClientCount = 0, subscriberCount = 0

2022-07-05 18:16:30,003 INFO [long-pulling] client count 0

2022-07-05 18:16:39,986 INFO groupCount = 1, subscriberClientCount = 0, subscriberCount = 0

2022-07-05 18:16:39,986 INFO toNotifyTaskSize = 0

2022-07-05 18:16:39,986 INFO toClientNotifyTaskSize = 0

2022-07-05 18:16:40,017 INFO [long-pulling] client count 0

2022-07-05 18:16:49,989 INFO toNotifyTaskSize = 0

2022-07-05 18:16:49,989 INFO groupCount = 1, subscriberClientCount = 0, subscriberCount = 0

2022-07-05 18:16:49,989 INFO toClientNotifyTaskSize = 0

2022-07-05 18:16:50,021 INFO [long-pulling] client count 0

2022-07-05 18:17:00,000 INFO toNotifyTaskSize = 0

2022-07-05 18:17:00,000 INFO groupCount = 1, subscriberClientCount = 0, subscriberCount = 0

2022-07-05 18:17:00,000 INFO toClientNotifyTaskSize = 0

2022-07-05 18:17:00,032 INFO [long-pulling] client count 0

2022-07-05 18:17:10,010 INFO toNotifyTaskSize = 0

2022-07-05 18:17:10,010 INFO groupCount = 1, subscriberClientCount = 0, subscriberCount = 0

2022-07-05 18:17:10,010 INFO toClientNotifyTaskSize = 0

2022-07-05 18:17:10,040 INFO [long-pulling] client count 0

2022-07-05 18:17:20,016 INFO toNotifyTaskSize = 0

2022-07-05 18:17:20,016 INFO toClientNotifyTaskSize = 0

2022-07-05 18:17:20,016 INFO groupCount = 1, subscriberClientCount = 0, subscriberCount = 0

2022-07-05 18:17:20,048 INFO [long-pulling] client count 0

2022-07-05 18:17:30,028 INFO toNotifyTaskSize = 0

2022-07-05 18:17:30,028 INFO toClientNotifyTaskSize = 0

2022-07-05 18:17:30,028 INFO groupCount = 1, subscriberClientCount = 0, subscriberCount = 0

2022-07-05 18:17:30,059 INFO [long-pulling] client count 0

2022-07-05 18:17:40,036 INFO toNotifyTaskSize = 0

2022-07-05 18:17:40,036 INFO toClientNotifyTaskSize = 0

2022-07-05 18:17:40,036 INFO groupCount = 1, subscriberClientCount = 0, subscriberCount = 0

2022-07-05 18:17:40,068 INFO [long-pulling] client count 0

2022-07-05 18:17:50,044 INFO toNotifyTaskSize = 0

2022-07-05 18:17:50,044 INFO toClientNotifyTaskSize = 0

2022-07-05 18:17:50,044 INFO groupCount = 1, subscriberClientCount = 0, subscriberCount = 0

2022-07-05 18:17:50,075 INFO [long-pulling] client count 0

2022-07-05 18:18:00,046 INFO toNotifyTaskSize = 0

2022-07-05 18:18:00,046 INFO groupCount = 1, subscriberClientCount = 0, subscriberCount = 0

2022-07-05 18:18:00,046 INFO toClientNotifyTaskSize = 0

2022-07-05 18:18:00,078 INFO [long-pulling] client count 0

2022-07-05 18:18:10,052 INFO toNotifyTaskSize = 0

2022-07-05 18:18:10,052 INFO toClientNotifyTaskSize = 0

2022-07-05 18:18:10,052 INFO groupCount = 1, subscriberClientCount = 0, subscriberCount = 0

2022-07-05 18:18:10,082 INFO [long-pulling] client count 0

2022-07-05 18:18:20,056 INFO toNotifyTaskSize = 0

2022-07-05 18:18:20,056 INFO toClientNotifyTaskSize = 0

2022-07-05 18:18:20,056 INFO groupCount = 1, subscriberClientCount = 0, subscriberCount = 0

2022-07-05 18:18:20,087 INFO [long-pulling] client count 0

2022-07-05 18:18:30,070 INFO toNotifyTaskSize = 0

2022-07-05 18:18:30,070 INFO groupCount = 1, subscriberClientCount = 0, subscriberCount = 0

2022-07-05 18:18:30,070 INFO toClientNotifyTaskSize = 0

2022-07-05 18:18:30,101 INFO [long-pulling] client count 0

2022-07-05 18:18:40,085 INFO groupCount = 1, subscriberClientCount = 0, subscriberCount = 0

2022-07-05 18:18:40,085 INFO toNotifyTaskSize = 0

2022-07-05 18:18:40,085 INFO toClientNotifyTaskSize = 0

2022-07-05 18:18:40,116 INFO [long-pulling] client count 0

2022-07-05 18:18:50,086 INFO toNotifyTaskSize = 0

2022-07-05 18:18:50,086 INFO toClientNotifyTaskSize = 0

2022-07-05 18:18:50,086 INFO groupCount = 1, subscriberClientCount = 0, subscriberCount = 0

2022-07-05 18:18:50,117 INFO [long-pulling] client count 0

2022-07-05 18:19:00,093 INFO groupCount = 1, subscriberClientCount = 0, subscriberCount = 0

2022-07-05 18:19:00,093 INFO toNotifyTaskSize = 0

2022-07-05 18:19:00,093 INFO toClientNotifyTaskSize = 0

2022-07-05 18:19:00,124 INFO [long-pulling] client count 0

2022-07-05 18:19:10,097 INFO toNotifyTaskSize = 0

2022-07-05 18:19:10,097 INFO toClientNotifyTaskSize = 0

2022-07-05 18:19:10,097 INFO groupCount = 1, subscriberClientCount = 0, subscriberCount = 0

2022-07-05 18:19:10,128 INFO [long-pulling] client count 0

2022-07-05 18:19:20,101 INFO toNotifyTaskSize = 0

2022-07-05 18:19:20,101 INFO groupCount = 1, subscriberClientCount = 0, subscriberCount = 0

2022-07-05 18:19:20,101 INFO toClientNotifyTaskSize = 0

2022-07-05 18:19:20,132 INFO [long-pulling] client count 0

2022-07-05 18:19:30,104 INFO toNotifyTaskSize = 0

2022-07-05 18:19:30,104 INFO toClientNotifyTaskSize = 0

2022-07-05 18:19:30,104 INFO groupCount = 1, subscriberClientCount = 0, subscriberCount = 0

2022-07-05 18:19:30,135 INFO [long-pulling] client count 0

2022-07-05 18:19:40,107 INFO toNotifyTaskSize = 0

2022-07-05 18:19:40,107 INFO groupCount = 1, subscriberClientCount = 0, subscriberCount = 0

2022-07-05 18:19:40,107 INFO toClientNotifyTaskSize = 0

2022-07-05 18:19:40,138 INFO [long-pulling] client count 0

2022-07-05 18:19:50,108 INFO toNotifyTaskSize = 0

2022-07-05 18:19:50,108 INFO groupCount = 1, subscriberClientCount = 0, subscriberCount = 0

2022-07-05 18:19:50,108 INFO toClientNotifyTaskSize = 0

2022-07-05 18:19:50,139 INFO [long-pulling] client count 0

2022-07-05 18:20:00,120 INFO toNotifyTaskSize = 0

2022-07-05 18:20:00,120 INFO groupCount = 1, subscriberClientCount = 0, subscriberCount = 0

2022-07-05 18:20:00,120 INFO toClientNotifyTaskSize = 0

2022-07-05 18:20:00,152 INFO [long-pulling] client count 0

2022-07-05 18:20:10,124 INFO toNotifyTaskSize = 0

2022-07-05 18:20:10,124 INFO toClientNotifyTaskSize = 0

2022-07-05 18:20:10,124 INFO groupCount = 1, subscriberClientCount = 0, subscriberCount = 0

2022-07-05 18:20:10,156 INFO [long-pulling] client count 0

2022-07-05 18:20:20,133 INFO toNotifyTaskSize = 0

2022-07-05 18:20:20,133 INFO groupCount = 1, subscriberClientCount = 0, subscriberCount = 0

2022-07-05 18:20:20,133 INFO toClientNotifyTaskSize = 0

2022-07-05 18:20:20,164 INFO [long-pulling] client count 0

2022-07-05 18:20:30,136 INFO toNotifyTaskSize = 0

2022-07-05 18:20:30,136 INFO groupCount = 1, subscriberClientCount = 0, subscriberCount = 0

2022-07-05 18:20:30,136 INFO toClientNotifyTaskSize = 0

2022-07-05 18:20:30,168 INFO [long-pulling] client count 0

2022-07-05 18:20:40,142 INFO toNotifyTaskSize = 0

2022-07-05 18:20:40,142 INFO groupCount = 1, subscriberClientCount = 0, subscriberCount = 0

2022-07-05 18:20:40,142 INFO toClientNotifyTaskSize = 0

2022-07-05 18:20:40,172 INFO [long-pulling] client count 0

2022-07-05 18:20:50,146 INFO toNotifyTaskSize = 0

2022-07-05 18:20:50,146 INFO groupCount = 1, subscriberClientCount = 0, subscriberCount = 0

2022-07-05 18:20:50,146 INFO toClientNotifyTaskSize = 0

2022-07-05 18:20:50,177 INFO [long-pulling] client count 0

2022-07-05 18:21:00,148 INFO toNotifyTaskSize = 0

2022-07-05 18:21:00,148 INFO toClientNotifyTaskSize = 0

2022-07-05 18:21:00,148 INFO groupCount = 1, subscriberClientCount = 0, subscriberCount = 0

2022-07-05 18:21:00,178 INFO [long-pulling] client count 0

2022-07-05 18:21:10,148 INFO toNotifyTaskSize = 0

2022-07-05 18:21:10,148 INFO groupCount = 1, subscriberClientCount = 0, subscriberCount = 0

2022-07-05 18:21:10,148 INFO toClientNotifyTaskSize = 0

2022-07-05 18:21:10,180 INFO [long-pulling] client count 0

2022-07-05 18:21:20,162 INFO groupCount = 1, subscriberClientCount = 0, subscriberCount = 0

2022-07-05 18:21:20,162 INFO toNotifyTaskSize = 0

2022-07-05 18:21:20,162 INFO toClientNotifyTaskSize = 0

2022-07-05 18:21:20,192 INFO [long-pulling] client count 0

2022-07-05 18:21:30,178 INFO toNotifyTaskSize = 0

2022-07-05 18:21:30,178 INFO toClientNotifyTaskSize = 0

2022-07-05 18:21:30,178 INFO groupCount = 1, subscriberClientCount = 0, subscriberCount = 0

2022-07-05 18:21:30,193 INFO [long-pulling] client count 0

2022-07-05 18:21:40,189 INFO groupCount = 1, subscriberClientCount = 0, subscriberCount = 0

2022-07-05 18:21:40,189 INFO toNotifyTaskSize = 0

2022-07-05 18:21:40,189 INFO toClientNotifyTaskSize = 0

2022-07-05 18:21:40,204 INFO [long-pulling] client count 0

2022-07-05 18:21:50,198 INFO toNotifyTaskSize = 0

2022-07-05 18:21:50,198 INFO groupCount = 1, subscriberClientCount = 0, subscriberCount = 0

2022-07-05 18:21:50,198 INFO toClientNotifyTaskSize = 0

2022-07-05 18:21:50,214 INFO [long-pulling] client count 0

2022-07-05 18:22:00,206 INFO toNotifyTaskSize = 0

2022-07-05 18:22:00,206 INFO groupCount = 1, subscriberClientCount = 0, subscriberCount = 0

2022-07-05 18:22:00,206 INFO toClientNotifyTaskSize = 0

2022-07-05 18:22:00,222 INFO [long-pulling] client count 0

2022-07-05 18:22:10,211 INFO toNotifyTaskSize = 0

2022-07-05 18:22:10,211 INFO groupCount = 1, subscriberClientCount = 0, subscriberCount = 0

2022-07-05 18:22:10,211 INFO toClientNotifyTaskSize = 0

2022-07-05 18:22:10,227 INFO [long-pulling] client count 0

2022-07-05 18:22:20,217 INFO toNotifyTaskSize = 0

2022-07-05 18:22:20,217 INFO toClientNotifyTaskSize = 0

2022-07-05 18:22:20,217 INFO groupCount = 1, subscriberClientCount = 0, subscriberCount = 0

2022-07-05 18:22:20,232 INFO [long-pulling] client count 0

2022-07-05 18:22:30,230 INFO groupCount = 1, subscriberClientCount = 0, subscriberCount = 0

2022-07-05 18:22:30,230 INFO toNotifyTaskSize = 0

2022-07-05 18:22:30,230 INFO toClientNotifyTaskSize = 0

2022-07-05 18:22:30,246 INFO [long-pulling] client count 0

2022-07-05 18:22:40,242 INFO groupCount = 1, subscriberClientCount = 0, subscriberCount = 0

2022-07-05 18:22:40,242 INFO toNotifyTaskSize = 0

2022-07-05 18:22:40,242 INFO toClientNotifyTaskSize = 0

2022-07-05 18:22:40,258 INFO [long-pulling] client count 0

2022-07-05 18:22:50,251 INFO toNotifyTaskSize = 0

2022-07-05 18:22:50,251 INFO toClientNotifyTaskSize = 0

2022-07-05 18:22:50,251 INFO groupCount = 1, subscriberClientCount = 0, subscriberCount = 0

2022-07-05 18:22:50,266 INFO [long-pulling] client count 0

2022-07-05 18:23:00,258 INFO toNotifyTaskSize = 0

2022-07-05 18:23:00,258 INFO groupCount = 1, subscriberClientCount = 0, subscriberCount = 0

2022-07-05 18:23:00,258 INFO toClientNotifyTaskSize = 0

2022-07-05 18:23:00,274 INFO [long-pulling] client count 0

2022-07-05 18:23:10,262 INFO groupCount = 1, subscriberClientCount = 0, subscriberCount = 0

2022-07-05 18:23:10,262 INFO toNotifyTaskSize = 0

2022-07-05 18:23:10,262 INFO toClientNotifyTaskSize = 0

2022-07-05 18:23:10,278 INFO [long-pulling] client count 0

2022-07-05 18:23:20,273 INFO groupCount = 1, subscriberClientCount = 0, subscriberCount = 0

2022-07-05 18:23:20,273 INFO toNotifyTaskSize = 0

2022-07-05 18:23:20,273 INFO toClientNotifyTaskSize = 0

2022-07-05 18:23:20,288 INFO [long-pulling] client count 0

2022-07-05 18:23:30,283 INFO groupCount = 1, subscriberClientCount = 0, subscriberCount = 0

2022-07-05 18:23:30,283 INFO toNotifyTaskSize = 0

2022-07-05 18:23:30,283 INFO toClientNotifyTaskSize = 0

2022-07-05 18:23:30,298 INFO [long-pulling] client count 0

2022-07-05 18:23:40,295 INFO groupCount = 1, subscriberClientCount = 0, subscriberCount = 0

2022-07-05 18:23:40,295 INFO toNotifyTaskSize = 0

2022-07-05 18:23:40,295 INFO toClientNotifyTaskSize = 0

2022-07-05 18:23:40,310 INFO [long-pulling] client count 0

2022-07-05 18:23:50,304 INFO toNotifyTaskSize = 0

2022-07-05 18:23:50,304 INFO groupCount = 1, subscriberClientCount = 0, subscriberCount = 0

2022-07-05 18:23:50,304 INFO toClientNotifyTaskSize = 0

2022-07-05 18:23:50,320 INFO [long-pulling] client count 0

2022-07-05 18:24:00,317 INFO groupCount = 1, subscriberClientCount = 0, subscriberCount = 0

2022-07-05 18:24:00,317 INFO toNotifyTaskSize = 0

2022-07-05 18:24:00,317 INFO toClientNotifyTaskSize = 0

2022-07-05 18:24:00,332 INFO [long-pulling] client count 0

2022-07-05 18:24:10,331 INFO toNotifyTaskSize = 0

2022-07-05 18:24:10,331 INFO toClientNotifyTaskSize = 0

2022-07-05 18:24:10,331 INFO groupCount = 1, subscriberClientCount = 0, subscriberCount = 0

2022-07-05 18:24:10,347 INFO [long-pulling] client count 0

2022-07-05 18:24:20,336 INFO toNotifyTaskSize = 0

2022-07-05 18:24:20,336 INFO toClientNotifyTaskSize = 0

2022-07-05 18:24:20,336 INFO groupCount = 1, subscriberClientCount = 0, subscriberCount = 0

2022-07-05 18:24:20,351 INFO [long-pulling] client count 0

2022-07-05 18:24:30,341 INFO toNotifyTaskSize = 0

2022-07-05 18:24:30,341 INFO toClientNotifyTaskSize = 0

2022-07-05 18:24:30,341 INFO groupCount = 1, subscriberClientCount = 0, subscriberCount = 0

2022-07-05 18:24:30,356 INFO [long-pulling] client count 0

2022-07-05 18:24:40,343 INFO toNotifyTaskSize = 0

2022-07-05 18:24:40,343 INFO toClientNotifyTaskSize = 0

2022-07-05 18:24:40,343 INFO groupCount = 1, subscriberClientCount = 0, subscriberCount = 0

2022-07-05 18:24:40,359 INFO [long-pulling] client count 0

2022-07-05 18:24:50,348 INFO toNotifyTaskSize = 0

2022-07-05 18:24:50,348 INFO toClientNotifyTaskSize = 0

2022-07-05 18:24:50,348 INFO groupCount = 1, subscriberClientCount = 0, subscriberCount = 0

2022-07-05 18:24:50,364 INFO [long-pulling] client count 0

2022-07-05 18:25:00,348 INFO toNotifyTaskSize = 0

2022-07-05 18:25:00,348 INFO toClientNotifyTaskSize = 0

2022-07-05 18:25:00,348 INFO groupCount = 1, subscriberClientCount = 0, subscriberCount = 0

2022-07-05 18:25:00,364 INFO [long-pulling] client count 0

2022-07-05 18:25:10,359 INFO toNotifyTaskSize = 0

2022-07-05 18:25:10,359 INFO groupCount = 1, subscriberClientCount = 0, subscriberCount = 0

2022-07-05 18:25:10,359 INFO toClientNotifyTaskSize = 0

2022-07-05 18:25:10,375 INFO [long-pulling] client count 0

2022-07-05 18:25:20,372 INFO toNotifyTaskSize = 0

2022-07-05 18:25:20,372 INFO groupCount = 1, subscriberClientCount = 0, subscriberCount = 0

2022-07-05 18:25:20,372 INFO toClientNotifyTaskSize = 0

2022-07-05 18:25:20,387 INFO [long-pulling] client count 0

2022-07-05 18:25:30,379 INFO groupCount = 1, subscriberClientCount = 0, subscriberCount = 0

2022-07-05 18:25:30,379 INFO toNotifyTaskSize = 0

2022-07-05 18:25:30,379 INFO toClientNotifyTaskSize = 0

2022-07-05 18:25:30,395 INFO [long-pulling] client count 0

2022-07-05 18:25:40,384 INFO groupCount = 1, subscriberClientCount = 0, subscriberCount = 0

2022-07-05 18:25:40,384 INFO toNotifyTaskSize = 0

2022-07-05 18:25:40,384 INFO toClientNotifyTaskSize = 0

2022-07-05 18:25:40,399 INFO [long-pulling] client count 0

2022-07-05 18:25:50,395 INFO toNotifyTaskSize = 0

2022-07-05 18:25:50,395 INFO toClientNotifyTaskSize = 0

2022-07-05 18:25:50,395 INFO groupCount = 1, subscriberClientCount = 0, subscriberCount = 0

2022-07-05 18:25:50,411 INFO [long-pulling] client count 0

2022-07-05 18:26:00,403 INFO toNotifyTaskSize = 0

2022-07-05 18:26:00,403 INFO toClientNotifyTaskSize = 0

2022-07-05 18:26:00,403 INFO groupCount = 1, subscriberClientCount = 0, subscriberCount = 0

2022-07-05 18:26:00,418 INFO [long-pulling] client count 0

2022-07-05 18:26:10,412 INFO toNotifyTaskSize = 0

2022-07-05 18:26:10,412 INFO groupCount = 1, subscriberClientCount = 0, subscriberCount = 0

2022-07-05 18:26:10,412 INFO toClientNotifyTaskSize = 0

2022-07-05 18:26:10,427 INFO [long-pulling] client count 0

2022-07-05 18:26:20,427 INFO toNotifyTaskSize = 0

2022-07-05 18:26:20,427 INFO toClientNotifyTaskSize = 0

2022-07-05 18:26:20,427 INFO groupCount = 1, subscriberClientCount = 0, subscriberCount = 0

2022-07-05 18:26:20,427 INFO [long-pulling] client count 0

2022-07-05 18:26:30,440 INFO [long-pulling] client count 0

2022-07-05 18:26:30,440 INFO toNotifyTaskSize = 0

2022-07-05 18:26:30,440 INFO groupCount = 1, subscriberClientCount = 0, subscriberCount = 0

2022-07-05 18:26:30,440 INFO toClientNotifyTaskSize = 0

2022-07-05 18:26:40,453 INFO [long-pulling] client count 0

2022-07-05 18:26:40,453 INFO groupCount = 1, subscriberClientCount = 0, subscriberCount = 0

2022-07-05 18:26:40,453 INFO toNotifyTaskSize = 0

2022-07-05 18:26:40,453 INFO toClientNotifyTaskSize = 0

2022-07-05 18:26:50,461 INFO [long-pulling] client count 0

2022-07-05 18:26:50,461 INFO toNotifyTaskSize = 0

2022-07-05 18:26:50,461 INFO groupCount = 1, subscriberClientCount = 0, subscriberCount = 0

2022-07-05 18:26:50,461 INFO toClientNotifyTaskSize = 0

2022-07-05 18:27:00,464 INFO [long-pulling] client count 0

2022-07-05 18:27:00,464 INFO groupCount = 1, subscriberClientCount = 0, subscriberCount = 0

2022-07-05 18:27:00,464 INFO toNotifyTaskSize = 0

2022-07-05 18:27:00,464 INFO toClientNotifyTaskSize = 0

2022-07-05 18:27:10,466 INFO [long-pulling] client count 0

2022-07-05 18:27:10,466 INFO groupCount = 1, subscriberClientCount = 0, subscriberCount = 0

2022-07-05 18:27:10,466 INFO toNotifyTaskSize = 0

2022-07-05 18:27:10,466 INFO toClientNotifyTaskSize = 0

2022-07-05 18:27:20,473 INFO toNotifyTaskSize = 0

2022-07-05 18:27:20,473 INFO [long-pulling] client count 0

2022-07-05 18:27:20,473 INFO groupCount = 1, subscriberClientCount = 0, subscriberCount = 0

2022-07-05 18:27:20,473 INFO toClientNotifyTaskSize = 0

2022-07-05 18:27:30,473 INFO [long-pulling] client count 0

2022-07-05 18:27:30,473 INFO groupCount = 1, subscriberClientCount = 0, subscriberCount = 0

2022-07-05 18:27:30,473 INFO toNotifyTaskSize = 0

2022-07-05 18:27:30,473 INFO toClientNotifyTaskSize = 0

2022-07-05 18:27:40,489 INFO [long-pulling] client count 0

2022-07-05 18:27:40,489 INFO toNotifyTaskSize = 0

2022-07-05 18:27:40,489 INFO groupCount = 1, subscriberClientCount = 0, subscriberCount = 0

2022-07-05 18:27:40,489 INFO toClientNotifyTaskSize = 0

2022-07-05 18:27:50,502 INFO toNotifyTaskSize = 0

2022-07-05 18:27:50,502 INFO groupCount = 1, subscriberClientCount = 0, subscriberCount = 0

2022-07-05 18:27:50,502 INFO toClientNotifyTaskSize = 0

2022-07-05 18:27:50,502 INFO [long-pulling] client count 0

2022-07-05 18:28:00,508 INFO [long-pulling] client count 0

2022-07-05 18:28:00,508 INFO toNotifyTaskSize = 0

2022-07-05 18:28:00,508 INFO groupCount = 1, subscriberClientCount = 0, subscriberCount = 0

2022-07-05 18:28:00,508 INFO toClientNotifyTaskSize = 0

2022-07-05 18:28:10,513 INFO [long-pulling] client count 0

2022-07-05 18:28:10,513 INFO groupCount = 1, subscriberClientCount = 0, subscriberCount = 0

2022-07-05 18:28:10,513 INFO toNotifyTaskSize = 0

2022-07-05 18:28:10,513 INFO toClientNotifyTaskSize = 0

2022-07-05 18:28:20,522 INFO [long-pulling] client count 0

2022-07-05 18:28:20,522 INFO toNotifyTaskSize = 0

2022-07-05 18:28:20,522 INFO groupCount = 1, subscriberClientCount = 0, subscriberCount = 0

2022-07-05 18:28:20,522 INFO toClientNotifyTaskSize = 0

2022-07-05 18:28:30,533 INFO [long-pulling] client count 0

2022-07-05 18:28:30,533 INFO toNotifyTaskSize = 0

2022-07-05 18:28:30,533 INFO toClientNotifyTaskSize = 0

2022-07-05 18:28:30,533 INFO groupCount = 1, subscriberClientCount = 0, subscriberCount = 0

2022-07-05 18:28:40,534 INFO toNotifyTaskSize = 0

2022-07-05 18:28:40,534 INFO toClientNotifyTaskSize = 0

2022-07-05 18:28:40,534 INFO [long-pulling] client count 0

2022-07-05 18:28:40,534 INFO groupCount = 1, subscriberClientCount = 0, subscriberCount = 0

2022-07-05 18:28:50,546 INFO [long-pulling] client count 0

2022-07-05 18:28:50,546 INFO toNotifyTaskSize = 0

2022-07-05 18:28:50,546 INFO groupCount = 1, subscriberClientCount = 0, subscriberCount = 0

2022-07-05 18:28:50,546 INFO toClientNotifyTaskSize = 0

2022-07-05 18:29:00,559 INFO groupCount = 1, subscriberClientCount = 0, subscriberCount = 0

2022-07-05 18:29:00,559 INFO [long-pulling] client count 0

2022-07-05 18:29:00,559 INFO toNotifyTaskSize = 0

2022-07-05 18:29:00,559 INFO toClientNotifyTaskSize = 0

2022-07-05 18:29:10,561 INFO toNotifyTaskSize = 0

2022-07-05 18:29:10,561 INFO groupCount = 1, subscriberClientCount = 0, subscriberCount = 0

2022-07-05 18:29:10,561 INFO [long-pulling] client count 0

2022-07-05 18:29:10,561 INFO toClientNotifyTaskSize = 0

2022-07-05 18:29:20,563 INFO [long-pulling] client count 0

2022-07-05 18:29:20,563 INFO toNotifyTaskSize = 0

2022-07-05 18:29:20,563 INFO toClientNotifyTaskSize = 0

2022-07-05 18:29:20,563 INFO groupCount = 1, subscriberClientCount = 0, subscriberCount = 0

2022-07-05 18:29:30,564 INFO [long-pulling] client count 0

2022-07-05 18:29:30,564 INFO groupCount = 1, subscriberClientCount = 0, subscriberCount = 0

2022-07-05 18:29:30,564 INFO toNotifyTaskSize = 0

2022-07-05 18:29:30,564 INFO toClientNotifyTaskSize = 0

2022-07-05 18:29:40,576 INFO [long-pulling] client count 0

2022-07-05 18:29:40,576 INFO toNotifyTaskSize = 0

2022-07-05 18:29:40,576 INFO groupCount = 1, subscriberClientCount = 0, subscriberCount = 0

2022-07-05 18:29:40,576 INFO toClientNotifyTaskSize = 0

2022-07-05 18:29:50,587 INFO toNotifyTaskSize = 0

2022-07-05 18:29:50,587 INFO [long-pulling] client count 0

2022-07-05 18:29:50,587 INFO groupCount = 1, subscriberClientCount = 0, subscriberCount = 0

2022-07-05 18:29:50,587 INFO toClientNotifyTaskSize = 0

2022-07-05 18:30:00,589 INFO [long-pulling] client count 0

2022-07-05 18:30:00,589 INFO toNotifyTaskSize = 0

2022-07-05 18:30:00,589 INFO groupCount = 1, subscriberClientCount = 0, subscriberCount = 0

2022-07-05 18:30:00,589 INFO toClientNotifyTaskSize = 0

2022-07-05 18:30:10,600 INFO [long-pulling] client count 0

2022-07-05 18:30:10,600 INFO groupCount = 1, subscriberClientCount = 0, subscriberCount = 0

2022-07-05 18:30:10,600 INFO toNotifyTaskSize = 0

2022-07-05 18:30:10,600 INFO toClientNotifyTaskSize = 0

2022-07-05 18:30:20,604 INFO [long-pulling] client count 0

2022-07-05 18:30:20,604 INFO groupCount = 1, subscriberClientCount = 0, subscriberCount = 0

2022-07-05 18:30:20,604 INFO toNotifyTaskSize = 0

2022-07-05 18:30:20,604 INFO toClientNotifyTaskSize = 0

2022-07-05 18:30:30,617 INFO [long-pulling] client count 0

2022-07-05 18:30:30,617 INFO toNotifyTaskSize = 0

2022-07-05 18:30:30,617 INFO groupCount = 1, subscriberClientCount = 0, subscriberCount = 0

2022-07-05 18:30:30,617 INFO toClientNotifyTaskSize = 0

2022-07-05 18:30:40,620 INFO toNotifyTaskSize = 0

2022-07-05 18:30:40,620 INFO toClientNotifyTaskSize = 0

2022-07-05 18:30:40,620 INFO groupCount = 1, subscriberClientCount = 0, subscriberCount = 0

2022-07-05 18:30:40,620 INFO [long-pulling] client count 0

2022-07-05 18:30:50,634 INFO toNotifyTaskSize = 0

2022-07-05 18:30:50,634 INFO toClientNotifyTaskSize = 0

2022-07-05 18:30:50,634 INFO groupCount = 1, subscriberClientCount = 0, subscriberCount = 0

2022-07-05 18:30:50,634 INFO [long-pulling] client count 0

2022-07-05 18:31:00,647 INFO [long-pulling] client count 0

2022-07-05 18:31:00,647 INFO toNotifyTaskSize = 0

2022-07-05 18:31:00,647 INFO groupCount = 1, subscriberClientCount = 0, subscriberCount = 0

2022-07-05 18:31:00,647 INFO toClientNotifyTaskSize = 0

2022-07-05 18:31:10,657 INFO [long-pulling] client count 0

2022-07-05 18:31:10,657 INFO toNotifyTaskSize = 0

2022-07-05 18:31:10,657 INFO groupCount = 1, subscriberClientCount = 0, subscriberCount = 0

2022-07-05 18:31:10,657 INFO toClientNotifyTaskSize = 0

2022-07-05 18:31:20,661 INFO toNotifyTaskSize = 0

2022-07-05 18:31:20,661 INFO toClientNotifyTaskSize = 0

2022-07-05 18:31:20,661 INFO [long-pulling] client count 0

2022-07-05 18:31:20,661 INFO groupCount = 1, subscriberClientCount = 0, subscriberCount = 0

2022-07-05 18:31:30,666 INFO toNotifyTaskSize = 0

2022-07-05 18:31:30,666 INFO groupCount = 1, subscriberClientCount = 0, subscriberCount = 0

2022-07-05 18:31:30,666 INFO [long-pulling] client count 0

2022-07-05 18:31:30,666 INFO toClientNotifyTaskSize = 0

2022-07-05 18:31:40,667 INFO [long-pulling] client count 0

2022-07-05 18:31:40,667 INFO toNotifyTaskSize = 0

2022-07-05 18:31:40,667 INFO toClientNotifyTaskSize = 0

2022-07-05 18:31:40,667 INFO groupCount = 1, subscriberClientCount = 0, subscriberCount = 0

2022-07-05 18:31:50,673 INFO [long-pulling] client count 0

2022-07-05 18:31:50,673 INFO toNotifyTaskSize = 0

2022-07-05 18:31:50,673 INFO groupCount = 1, subscriberClientCount = 0, subscriberCount = 0

2022-07-05 18:31:50,673 INFO toClientNotifyTaskSize = 0

2022-07-05 18:32:00,675 INFO toNotifyTaskSize = 0

2022-07-05 18:32:00,675 INFO [long-pulling] client count 0

2022-07-05 18:32:00,675 INFO toClientNotifyTaskSize = 0

2022-07-05 18:32:00,675 INFO groupCount = 1, subscriberClientCount = 0, subscriberCount = 0

2022-07-05 18:32:10,684 INFO toNotifyTaskSize = 0

2022-07-05 18:32:10,684 INFO toClientNotifyTaskSize = 0

2022-07-05 18:32:10,684 INFO groupCount = 1, subscriberClientCount = 0, subscriberCount = 0

2022-07-05 18:32:10,684 INFO [long-pulling] client count 0

2022-07-05 18:32:20,695 INFO toNotifyTaskSize = 0

2022-07-05 18:32:20,695 INFO [long-pulling] client count 0

2022-07-05 18:32:20,695 INFO toClientNotifyTaskSize = 0

2022-07-05 18:32:20,695 INFO groupCount = 1, subscriberClientCount = 0, subscriberCount = 0

2022-07-05 18:32:30,704 INFO [long-pulling] client count 0

2022-07-05 18:32:30,704 INFO toNotifyTaskSize = 0

2022-07-05 18:32:30,704 INFO groupCount = 1, subscriberClientCount = 0, subscriberCount = 0

2022-07-05 18:32:30,704 INFO toClientNotifyTaskSize = 0

